2022-03-13 14:12:04.259852000[ debug ] 未指定中心服,使用默认地址,CenterAddr=127.0.0.1:10050 << /Users/zhangjinbao/Documents/mango/pkg/gate/gate.go, line #85 
2022-03-13 14:12:04.296620000[ debug ] 基础属性,{robot 10 3000 0.0.0.0:13000 127.0.0.1:10050} << /Users/zhangjinbao/Documents/mango/pkg/gate/gate.go, line #85 
2022-03-13 14:12:04.296906000[ debug ] Run,ListenOnAddr=0.0.0.0:13000 << /Users/zhangjinbao/Documents/mango/pkg/gate/gate.go, line #98 
2022-03-13 14:12:04.296989000[ debug ] 开始连接,info={1 center 2 0 127.0.0.1:10050} << /Users/zhangjinbao/Documents/mango/pkg/gate/gate.go, line #173 
2022-03-13 14:12:04.297475000[ debug ] 连接成功,info={1 center 2 0 127.0.0.1:10050} << /Users/zhangjinbao/Documents/mango/pkg/network/tcp_client.go, line #50 
2022-03-13 14:12:04.298366000[ info  ] 注册消息,regResult=0,CenterId=50,appName=config,appType=3,appId=60,Addr=0.0.0.0:10060 << /Users/zhangjinbao/Documents/mango/pkg/network/tcp_client.go, line #51 
2022-03-13 14:12:04.298438000[ debug ] 开始连接,info={1 config 3 60 0.0.0.0:10060} << /Users/zhangjinbao/Documents/mango/pkg/gate/servers.go, line #95 
2022-03-13 14:12:04.298512000[ info  ] 注册消息,regResult=0,CenterId=50,appName=gateway,appType=4,appId=100,Addr=0.0.0.0:10100 << /Users/zhangjinbao/Documents/mango/pkg/network/tcp_client.go, line #51 
2022-03-13 14:12:04.298557000[ debug ] 开始连接,info={1 gateway 4 100 0.0.0.0:10100} << /Users/zhangjinbao/Documents/mango/pkg/gate/servers.go, line #95 
2022-03-13 14:12:04.298607000[ info  ] 注册消息,regResult=0,CenterId=50,appName=list,appType=6,appId=80,Addr=0.0.0.0:10080 << /Users/zhangjinbao/Documents/mango/pkg/network/tcp_client.go, line #51 
2022-03-13 14:12:04.298640000[ debug ] 开始连接,info={1 list 6 80 0.0.0.0:10080} << /Users/zhangjinbao/Documents/mango/pkg/gate/servers.go, line #95 
2022-03-13 14:12:04.298681000[ info  ] 注册消息,regResult=0,CenterId=50,appName=property,appType=7,appId=90,Addr=0.0.0.0:10090 << /Users/zhangjinbao/Documents/mango/pkg/network/tcp_client.go, line #51 
2022-03-13 14:12:04.298710000[ debug ] 开始连接,info={1 property 7 90 0.0.0.0:10090} << /Users/zhangjinbao/Documents/mango/pkg/gate/servers.go, line #95 
2022-03-13 14:12:04.298744000[ info  ] 注册消息,regResult=0,CenterId=50,appName=table,appType=8,appId=1000,Addr=0.0.0.0:11000 << /Users/zhangjinbao/Documents/mango/pkg/network/tcp_client.go, line #51 
2022-03-13 14:12:04.298772000[ debug ] 开始连接,info={1 table 8 1000 0.0.0.0:11000} << /Users/zhangjinbao/Documents/mango/pkg/gate/servers.go, line #95 
2022-03-13 14:12:04.298840000[ info  ] 注册消息,regResult=0,CenterId=50,appName=room,appType=9,appId=2000,Addr=0.0.0.0:12000 << /Users/zhangjinbao/Documents/mango/pkg/network/tcp_client.go, line #51 
2022-03-13 14:12:04.298877000[ debug ] 开始连接,info={1 room 9 2000 0.0.0.0:12000} << /Users/zhangjinbao/Documents/mango/pkg/gate/servers.go, line #95 
2022-03-13 14:12:04.299009000[ info  ] 注册消息,regResult=0,CenterId=50,appName=robot,appType=10,appId=3000,Addr=0.0.0.0:13000 << /Users/zhangjinbao/Documents/mango/pkg/network/tcp_client.go, line #51 
2022-03-13 14:12:04.299633000[ debug ] 连接成功,info={1 list 6 80 0.0.0.0:10080} << /Users/zhangjinbao/Documents/mango/pkg/network/tcp_client.go, line #50 
2022-03-13 14:12:04.299722000[ debug ] 连接成功,info={1 gateway 4 100 0.0.0.0:10100} << /Users/zhangjinbao/Documents/mango/pkg/network/tcp_client.go, line #50 
2022-03-13 14:12:04.299766000[ debug ] 连接成功,info={1 room 9 2000 0.0.0.0:12000} << /Users/zhangjinbao/Documents/mango/pkg/network/tcp_client.go, line #50 
2022-03-13 14:12:04.299847000[ debug ] 连接成功,info={1 config 3 60 0.0.0.0:10060} << /Users/zhangjinbao/Documents/mango/pkg/network/tcp_client.go, line #50 
2022-03-13 14:12:04.299903000[ info  ] 注册Apollo订阅，{10 3000 } << /Users/zhangjinbao/Documents/mango/pkg/gate/servers.go, line #53 
2022-03-13 14:12:04.300333000[ debug ] 连接成功,info={1 table 8 1000 0.0.0.0:11000} << /Users/zhangjinbao/Documents/mango/pkg/network/tcp_client.go, line #50 
2022-03-13 14:12:04.300435000[ debug ] 连接成功,info={1 property 7 90 0.0.0.0:10090} << /Users/zhangjinbao/Documents/mango/pkg/network/tcp_client.go, line #50 
2022-03-13 14:12:04.300496000[ debug ] 相互注册,{1 gateway 4 100 } << /Users/zhangjinbao/Documents/mango/pkg/network/tcp_server.go, line #104 
2022-03-13 14:12:04.300564000[ debug ] 相互注册,{1 list 6 80 } << /Users/zhangjinbao/Documents/mango/pkg/network/tcp_server.go, line #104 
2022-03-13 14:12:04.300582000[ debug ] 相互注册,{1 property 7 90 } << /Users/zhangjinbao/Documents/mango/pkg/network/tcp_server.go, line #104 
2022-03-13 14:12:04.300637000[ debug ] 相互注册,{1 room 9 2000 } << /Users/zhangjinbao/Documents/mango/pkg/network/tcp_server.go, line #104 
2022-03-13 14:12:04.300644000[ debug ] 相互注册,{1 config 3 60 } << /Users/zhangjinbao/Documents/mango/pkg/network/tcp_server.go, line #104 
2022-03-13 14:12:04.301343000[ info  ] 连接日志服务器,Addr=127.0.0.1:10001 << /Users/zhangjinbao/Documents/mango/pkg/gate/gate.go, line #205 
2022-03-13 14:12:04.301394000[ debug ] 开始创建,robotCount=1000 << /Users/zhangjinbao/Documents/mango/pkg/chanrpc/chanrpc.go, line #117 
2022-03-13 14:12:04.301905000[ debug ] 相互注册,{1 table 8 1000 } << /Users/zhangjinbao/Documents/mango/pkg/network/tcp_server.go, line #104 
2022-03-13 14:12:04.303857000[ info  ] 日志服务器连接成功 << /Users/zhangjinbao/Documents/mango/pkg/network/tcp_client.go, line #50 
2022-03-13 14:12:18.267621000[ info  ] 日志服务器断开 << /Users/zhangjinbao/Documents/mango/pkg/network/tcp_client.go, line #58 
2022-03-13 14:12:18.447177000[warning] 异常,网关读取消息失败,info={1 center 2 0 127.0.0.1:10050},err=消息头读取失败,EOF << /Users/zhangjinbao/Documents/mango/pkg/network/tcp_client.go, line #51 
2022-03-13 14:12:18.447276000[ debug ] 服务间连接断开了,info={1 center 2 0 127.0.0.1:10050} << /Users/zhangjinbao/Documents/mango/pkg/network/tcp_client.go, line #58 
2022-03-13 14:12:18.447303000[warning] 异常,与center连接断开,世界需要重启... ... << /Users/zhangjinbao/Documents/mango/pkg/network/tcp_client.go, line #58 
2022-03-13 14:12:18.715765000[warning] 异常,网关读取消息失败,info={0  0 0 },err=消息头读取失败,EOF << /Users/zhangjinbao/Documents/mango/pkg/network/tcp_client.go, line #51 
2022-03-13 14:12:18.715859000[ debug ] 服务间连接断开了,info={0  0 0 } << /Users/zhangjinbao/Documents/mango/pkg/network/tcp_client.go, line #58 
2022-03-13 14:12:18.715986000[warning] 异常,网关读取消息失败,info={0  0 0 },err=消息头读取失败,EOF << /Users/zhangjinbao/Documents/mango/pkg/network/tcp_client.go, line #51 
2022-03-13 14:12:18.716020000[ debug ] 服务间连接断开了,info={0  0 0 } << /Users/zhangjinbao/Documents/mango/pkg/network/tcp_client.go, line #58 
2022-03-13 14:12:18.716062000[warning] 异常,网关读取消息失败,info={0  0 0 },err=消息头读取失败,EOF << /Users/zhangjinbao/Documents/mango/pkg/network/tcp_client.go, line #51 
2022-03-13 14:12:18.716095000[ debug ] 服务间连接断开了,info={0  0 0 } << /Users/zhangjinbao/Documents/mango/pkg/network/tcp_client.go, line #58 
2022-03-13 14:12:18.716134000[warning] 异常,网关读取消息失败,info={0  0 0 },err=消息头读取失败,EOF << /Users/zhangjinbao/Documents/mango/pkg/network/tcp_client.go, line #51 
2022-03-13 14:12:18.716161000[ debug ] 服务间连接断开了,info={0  0 0 } << /Users/zhangjinbao/Documents/mango/pkg/network/tcp_client.go, line #58 
2022-03-13 14:12:18.716199000[warning] 异常,网关读取消息失败,info={0  0 0 },err=消息头读取失败,EOF << /Users/zhangjinbao/Documents/mango/pkg/network/tcp_client.go, line #51 
2022-03-13 14:12:18.716226000[ debug ] 服务间连接断开了,info={0  0 0 } << /Users/zhangjinbao/Documents/mango/pkg/network/tcp_client.go, line #58 
2022-03-13 14:12:18.716255000[warning] 异常,网关读取消息失败,info={0  0 0 },err=消息头读取失败,EOF << /Users/zhangjinbao/Documents/mango/pkg/network/tcp_client.go, line #51 
2022-03-13 14:12:18.716280000[ debug ] 服务间连接断开了,info={0  0 0 } << /Users/zhangjinbao/Documents/mango/pkg/network/tcp_client.go, line #58 
2022-03-13 14:12:18.717353000[warning] 异常,网关读取消息失败,info={0  0 0 },err=消息头读取失败,EOF << /Users/zhangjinbao/Documents/mango/pkg/network/tcp_client.go, line #51 
2022-03-13 14:12:18.717416000[ debug ] 服务间连接断开了,info={0  0 0 } << /Users/zhangjinbao/Documents/mango/pkg/network/tcp_client.go, line #58 
2022-03-13 14:12:18.717779000[warning] 异常,网关读取消息失败,info={0  0 0 },err=消息头读取失败,EOF << /Users/zhangjinbao/Documents/mango/pkg/network/tcp_client.go, line #51 
2022-03-13 14:12:18.717826000[ debug ] 服务间连接断开了,info={0  0 0 } << /Users/zhangjinbao/Documents/mango/pkg/network/tcp_client.go, line #58 
2022-03-13 14:12:18.717853000[warning] 异常,网关读取消息失败,info={0  0 0 },err=消息头读取失败,EOF << /Users/zhangjinbao/Documents/mango/pkg/network/tcp_client.go, line #51 
2022-03-13 14:12:18.717896000[ debug ] 服务间连接断开了,info={0  0 0 } << /Users/zhangjinbao/Documents/mango/pkg/network/tcp_client.go, line #58 
2022-03-13 14:12:18.717939000[warning] 异常,网关读取消息失败,info={0  0 0 },err=消息头读取失败,EOF << /Users/zhangjinbao/Documents/mango/pkg/network/tcp_client.go, line #51 
2022-03-13 14:12:18.717968000[ debug ] 服务间连接断开了,info={0  0 0 } << /Users/zhangjinbao/Documents/mango/pkg/network/tcp_client.go, line #58 
2022-03-13 14:12:18.717995000[warning] 异常,网关读取消息失败,info={0  0 0 },err=消息头读取失败,EOF << /Users/zhangjinbao/Documents/mango/pkg/network/tcp_client.go, line #51 
2022-03-13 14:12:18.718043000[warning] 异常,网关读取消息失败,info={0  0 0 },err=消息头读取失败,EOF << /Users/zhangjinbao/Documents/mango/pkg/network/tcp_client.go, line #51 
2022-03-13 14:12:18.718055000[ debug ] 服务间连接断开了,info={0  0 0 } << /Users/zhangjinbao/Documents/mango/pkg/network/tcp_client.go, line #58 
2022-03-13 14:12:18.718099000[warning] 异常,网关读取消息失败,info={0  0 0 },err=消息头读取失败,EOF << /Users/zhangjinbao/Documents/mango/pkg/network/tcp_client.go, line #51 
2022-03-13 14:12:18.718117000[warning] 异常,网关读取消息失败,info={0  0 0 },err=消息头读取失败,EOF << /Users/zhangjinbao/Documents/mango/pkg/network/tcp_client.go, line #51 
2022-03-13 14:12:18.718138000[warning] 异常,网关读取消息失败,info={0  0 0 },err=消息头读取失败,EOF << /Users/zhangjinbao/Documents/mango/pkg/network/tcp_client.go, line #51 
2022-03-13 14:12:18.718167000[ debug ] 服务间连接断开了,info={0  0 0 } << /Users/zhangjinbao/Documents/mango/pkg/network/tcp_client.go, line #58 
2022-03-13 14:12:18.718162000[warning] 异常,网关读取消息失败,info={0  0 0 },err=消息头读取失败,EOF << /Users/zhangjinbao/Documents/mango/pkg/network/tcp_client.go, line #51 
2022-03-13 14:12:18.718194000[warning] 异常,网关读取消息失败,info={0  0 0 },err=消息头读取失败,EOF << /Users/zhangjinbao/Documents/mango/pkg/network/tcp_client.go, line #51 
2022-03-13 14:12:18.718253000[warning] 异常,网关读取消息失败,info={0  0 0 },err=消息头读取失败,EOF << /Users/zhangjinbao/Documents/mango/pkg/network/tcp_client.go, line #51 
2022-03-13 14:12:18.718273000[ debug ] 服务间连接断开了,info={0  0 0 } << /Users/zhangjinbao/Documents/mango/pkg/network/tcp_client.go, line #58 
2022-03-13 14:12:18.718211000[warning] 异常,网关读取消息失败,info={0  0 0 },err=消息头读取失败,EOF << /Users/zhangjinbao/Documents/mango/pkg/network/tcp_client.go, line #51 
2022-03-13 14:12:18.718304000[warning] 异常,网关读取消息失败,info={0  0 0 },err=消息头读取失败,EOF << /Users/zhangjinbao/Documents/mango/pkg/network/tcp_client.go, line #51 
2022-03-13 14:12:18.718317000[ debug ] 服务间连接断开了,info={0  0 0 } << /Users/zhangjinbao/Documents/mango/pkg/network/tcp_client.go, line #58 
2022-03-13 14:12:18.718332000[ debug ] 服务间连接断开了,info={0  0 0 } << /Users/zhangjinbao/Documents/mango/pkg/network/tcp_client.go, line #58 
2022-03-13 14:12:18.718241000[warning] 异常,网关读取消息失败,info={0  0 0 },err=消息头读取失败,EOF << /Users/zhangjinbao/Documents/mango/pkg/network/tcp_client.go, line #51 
2022-03-13 14:12:18.718372000[warning] 异常,网关读取消息失败,info={0  0 0 },err=消息头读取失败,EOF << /Users/zhangjinbao/Documents/mango/pkg/network/tcp_client.go, line #51 
2022-03-13 14:12:18.718411000[ debug ] 服务间连接断开了,info={0  0 0 } << /Users/zhangjinbao/Documents/mango/pkg/network/tcp_client.go, line #58 
2022-03-13 14:12:18.718264000[warning] 异常,网关读取消息失败,info={0  0 0 },err=消息头读取失败,EOF << /Users/zhangjinbao/Documents/mango/pkg/network/tcp_client.go, line #51 
2022-03-13 14:12:18.718446000[ debug ] 服务间连接断开了,info={0  0 0 } << /Users/zhangjinbao/Documents/mango/pkg/network/tcp_client.go, line #58 
2022-03-13 14:12:18.718280000[ debug ] 服务间连接断开了,info={0  0 0 } << /Users/zhangjinbao/Documents/mango/pkg/network/tcp_client.go, line #58 
2022-03-13 14:12:18.718465000[warning] 异常,网关读取消息失败,info={0  0 0 },err=消息头读取失败,EOF << /Users/zhangjinbao/Documents/mango/pkg/network/tcp_client.go, line #51 
2022-03-13 14:12:18.718489000[warning] 异常,网关读取消息失败,info={0  0 0 },err=消息头读取失败,EOF << /Users/zhangjinbao/Documents/mango/pkg/network/tcp_client.go, line #51 
2022-03-13 14:12:18.718503000[warning] 异常,网关读取消息失败,info={0  0 0 },err=消息头读取失败,EOF << /Users/zhangjinbao/Documents/mango/pkg/network/tcp_client.go, line #51 
2022-03-13 14:12:18.718556000[warning] 异常,网关读取消息失败,info={0  0 0 },err=消息头读取失败,EOF << /Users/zhangjinbao/Documents/mango/pkg/network/tcp_client.go, line #51 
2022-03-13 14:12:18.718569000[warning] 异常,网关读取消息失败,info={0  0 0 },err=消息头读取失败,EOF << /Users/zhangjinbao/Documents/mango/pkg/network/tcp_client.go, line #51 
2022-03-13 14:12:18.718623000[warning] 异常,网关读取消息失败,info={0  0 0 },err=消息头读取失败,EOF << /Users/zhangjinbao/Documents/mango/pkg/network/tcp_client.go, line #51 
2022-03-13 14:12:18.718639000[warning] 异常,网关读取消息失败,info={0  0 0 },err=消息头读取失败,EOF << /Users/zhangjinbao/Documents/mango/pkg/network/tcp_client.go, line #51 
2022-03-13 14:12:18.718699000[warning] 异常,网关读取消息失败,info={0  0 0 },err=消息头读取失败,EOF << /Users/zhangjinbao/Documents/mango/pkg/network/tcp_client.go, line #51 
2022-03-13 14:12:18.718015000[warning] 异常,网关读取消息失败,info={0  0 0 },err=消息头读取失败,EOF << /Users/zhangjinbao/Documents/mango/pkg/network/tcp_client.go, line #51 
2022-03-13 14:12:18.718125000[ debug ] 服务间连接断开了,info={0  0 0 } << /Users/zhangjinbao/Documents/mango/pkg/network/tcp_client.go, line #58 
2022-03-13 14:12:18.718417000[warning] 异常,网关读取消息失败,info={0  0 0 },err=消息头读取失败,EOF << /Users/zhangjinbao/Documents/mango/pkg/network/tcp_client.go, line #51 
2022-03-13 14:12:18.718254000[warning] 异常,网关读取消息失败,info={0  0 0 },err=消息头读取失败,EOF << /Users/zhangjinbao/Documents/mango/pkg/network/tcp_client.go, line #51 
2022-03-13 14:12:18.718274000[warning] 异常,网关读取消息失败,info={0  0 0 },err=消息头读取失败,EOF << /Users/zhangjinbao/Documents/mango/pkg/network/tcp_client.go, line #51 
2022-03-13 14:12:18.718347000[warning] 异常,网关读取消息失败,info={0  0 0 },err=消息头读取失败,EOF << /Users/zhangjinbao/Documents/mango/pkg/network/tcp_client.go, line #51 
2022-03-13 14:12:18.718369000[warning] 异常,网关读取消息失败,info={0  0 0 },err=消息头读取失败,EOF << /Users/zhangjinbao/Documents/mango/pkg/network/tcp_client.go, line #51 
2022-03-13 14:12:18.718391000[warning] 异常,网关读取消息失败,info={0  0 0 },err=消息头读取失败,EOF << /Users/zhangjinbao/Documents/mango/pkg/network/tcp_client.go, line #51 
2022-03-13 14:12:18.718429000[warning] 异常,网关读取消息失败,info={0  0 0 },err=消息头读取失败,EOF << /Users/zhangjinbao/Documents/mango/pkg/network/tcp_client.go, line #51 
2022-03-13 14:12:18.718404000[warning] 异常,网关读取消息失败,info={0  0 0 },err=消息头读取失败,EOF << /Users/zhangjinbao/Documents/mango/pkg/network/tcp_client.go, line #51 
2022-03-13 14:12:18.718444000[warning] 异常,网关读取消息失败,info={0  0 0 },err=消息头读取失败,EOF << /Users/zhangjinbao/Documents/mango/pkg/network/tcp_client.go, line #51 
2022-03-13 14:12:18.718440000[warning] 异常,网关读取消息失败,info={0  0 0 },err=消息头读取失败,EOF << /Users/zhangjinbao/Documents/mango/pkg/network/tcp_client.go, line #51 
2022-03-13 14:12:18.718464000[warning] 异常,网关读取消息失败,info={0  0 0 },err=消息头读取失败,EOF << /Users/zhangjinbao/Documents/mango/pkg/network/tcp_client.go, line #51 
2022-03-13 14:12:18.718284000[warning] 异常,网关读取消息失败,info={0  0 0 },err=消息头读取失败,EOF << /Users/zhangjinbao/Documents/mango/pkg/network/tcp_client.go, line #51 
2022-03-13 14:12:18.718477000[warning] 异常,网关读取消息失败,info={0  0 0 },err=消息头读取失败,EOF << /Users/zhangjinbao/Documents/mango/pkg/network/tcp_client.go, line #51 
2022-03-13 14:12:18.718488000[warning] 异常,网关读取消息失败,info={0  0 0 },err=消息头读取失败,EOF << /Users/zhangjinbao/Documents/mango/pkg/network/tcp_client.go, line #51 
2022-03-13 14:12:18.718499000[ debug ] 服务间连接断开了,info={0  0 0 } << /Users/zhangjinbao/Documents/mango/pkg/network/tcp_client.go, line #58 
2022-03-13 14:12:18.718569000[ debug ] 服务间连接断开了,info={0  0 0 } << /Users/zhangjinbao/Documents/mango/pkg/network/tcp_client.go, line #58 
2022-03-13 14:12:18.718584000[ debug ] 服务间连接断开了,info={0  0 0 } << /Users/zhangjinbao/Documents/mango/pkg/network/tcp_client.go, line #58 
2022-03-13 14:12:18.718597000[warning] 异常,网关读取消息失败,info={0  0 0 },err=消息头读取失败,EOF << /Users/zhangjinbao/Documents/mango/pkg/network/tcp_client.go, line #51 
2022-03-13 14:12:18.718516000[ debug ] 服务间连接断开了,info={0  0 0 } << /Users/zhangjinbao/Documents/mango/pkg/network/tcp_client.go, line #58 
2022-03-13 14:12:18.718612000[warning] 异常,网关读取消息失败,info={0  0 0 },err=消息头读取失败,EOF << /Users/zhangjinbao/Documents/mango/pkg/network/tcp_client.go, line #51 
2022-03-13 14:12:18.718523000[warning] 异常,网关读取消息失败,info={0  0 0 },err=消息头读取失败,EOF << /Users/zhangjinbao/Documents/mango/pkg/network/tcp_client.go, line #51 
2022-03-13 14:12:18.718539000[warning] 异常,网关读取消息失败,info={0  0 0 },err=消息头读取失败,EOF << /Users/zhangjinbao/Documents/mango/pkg/network/tcp_client.go, line #51 
2022-03-13 14:12:18.718243000[warning] 异常,网关读取消息失败,info={0  0 0 },err=消息头读取失败,EOF << /Users/zhangjinbao/Documents/mango/pkg/network/tcp_client.go, line #51 
2022-03-13 14:12:18.718547000[warning] 异常,网关读取消息失败,info={0  0 0 },err=消息头读取失败,EOF << /Users/zhangjinbao/Documents/mango/pkg/network/tcp_client.go, line #51 
2022-03-13 14:12:18.718336000[warning] 异常,网关读取消息失败,info={0  0 0 },err=消息头读取失败,EOF << /Users/zhangjinbao/Documents/mango/pkg/network/tcp_client.go, line #51 
2022-03-13 14:12:18.718559000[warning] 异常,网关读取消息失败,info={0  0 0 },err=消息头读取失败,EOF << /Users/zhangjinbao/Documents/mango/pkg/network/tcp_client.go, line #51 
2022-03-13 14:12:18.718608000[warning] 异常,网关读取消息失败,info={0  0 0 },err=消息头读取失败,EOF << /Users/zhangjinbao/Documents/mango/pkg/network/tcp_client.go, line #51 
2022-03-13 14:12:18.718619000[warning] 异常,网关读取消息失败,info={0  0 0 },err=消息头读取失败,EOF << /Users/zhangjinbao/Documents/mango/pkg/network/tcp_client.go, line #51 
2022-03-13 14:12:18.718629000[warning] 异常,网关读取消息失败,info={0  0 0 },err=消息头读取失败,EOF << /Users/zhangjinbao/Documents/mango/pkg/network/tcp_client.go, line #51 
2022-03-13 14:12:18.718640000[ debug ] 服务间连接断开了,info={0  0 0 } << /Users/zhangjinbao/Documents/mango/pkg/network/tcp_client.go, line #58 
2022-03-13 14:12:18.718032000[warning] 异常,网关读取消息失败,info={0  0 0 },err=消息头读取失败,EOF << /Users/zhangjinbao/Documents/mango/pkg/network/tcp_client.go, line #51 
2022-03-13 14:12:18.718664000[warning] 异常,网关读取消息失败,info={0  0 0 },err=消息头读取失败,EOF << /Users/zhangjinbao/Documents/mango/pkg/network/tcp_client.go, line #51 
2022-03-13 14:12:18.718676000[warning] 异常,网关读取消息失败,info={0  0 0 },err=消息头读取失败,EOF << /Users/zhangjinbao/Documents/mango/pkg/network/tcp_client.go, line #51 
2022-03-13 14:12:18.718688000[warning] 异常,网关读取消息失败,info={0  0 0 },err=消息头读取失败,EOF << /Users/zhangjinbao/Documents/mango/pkg/network/tcp_client.go, line #51 
2022-03-13 14:12:18.718125000[warning] 异常,网关读取消息失败,info={0  0 0 },err=消息头读取失败,EOF << /Users/zhangjinbao/Documents/mango/pkg/network/tcp_client.go, line #51 
2022-03-13 14:12:18.718688000[warning] 异常,网关读取消息失败,info={0  0 0 },err=消息头读取失败,EOF << /Users/zhangjinbao/Documents/mango/pkg/network/tcp_client.go, line #51 
2022-03-13 14:12:18.718182000[ debug ] 服务间连接断开了,info={0  0 0 } << /Users/zhangjinbao/Documents/mango/pkg/network/tcp_client.go, line #58 
2022-03-13 14:12:18.718652000[ debug ] 服务间连接断开了,info={0  0 0 } << /Users/zhangjinbao/Documents/mango/pkg/network/tcp_client.go, line #58 
2022-03-13 14:12:18.718674000[warning] 异常,网关读取消息失败,info={0  0 0 },err=消息头读取失败,EOF << /Users/zhangjinbao/Documents/mango/pkg/network/tcp_client.go, line #51 
2022-03-13 14:12:18.718831000[warning] 异常,网关读取消息失败,info={0  0 0 },err=消息头读取失败,EOF << /Users/zhangjinbao/Documents/mango/pkg/network/tcp_client.go, line #51 
2022-03-13 14:12:18.718839000[warning] 异常,网关读取消息失败,info={0  0 0 },err=消息头读取失败,EOF << /Users/zhangjinbao/Documents/mango/pkg/network/tcp_client.go, line #51 
2022-03-13 14:12:18.718222000[warning] 异常,网关读取消息失败,info={0  0 0 },err=消息头读取失败,EOF << /Users/zhangjinbao/Documents/mango/pkg/network/tcp_client.go, line #51 
2022-03-13 14:12:18.718877000[warning] 异常,网关读取消息失败,info={0  0 0 },err=消息头读取失败,EOF << /Users/zhangjinbao/Documents/mango/pkg/network/tcp_client.go, line #51 
2022-03-13 14:12:18.718880000[warning] 异常,网关读取消息失败,info={0  0 0 },err=消息头读取失败,EOF << /Users/zhangjinbao/Documents/mango/pkg/network/tcp_client.go, line #51 
2022-03-13 14:12:18.718232000[warning] 异常,网关读取消息失败,info={0  0 0 },err=消息头读取失败,EOF << /Users/zhangjinbao/Documents/mango/pkg/network/tcp_client.go, line #51 
2022-03-13 14:12:18.718897000[warning] 异常,网关读取消息失败,info={0  0 0 },err=消息头读取失败,EOF << /Users/zhangjinbao/Documents/mango/pkg/network/tcp_client.go, line #51 
2022-03-13 14:12:18.718900000[warning] 异常,网关读取消息失败,info={0  0 0 },err=消息头读取失败,EOF << /Users/zhangjinbao/Documents/mango/pkg/network/tcp_client.go, line #51 
2022-03-13 14:12:18.718358000[warning] 异常,网关读取消息失败,info={0  0 0 },err=消息头读取失败,EOF << /Users/zhangjinbao/Documents/mango/pkg/network/tcp_client.go, line #51 
2022-03-13 14:12:18.718909000[warning] 异常,网关读取消息失败,info={0  0 0 },err=消息头读取失败,EOF << /Users/zhangjinbao/Documents/mango/pkg/network/tcp_client.go, line #51 
2022-03-13 14:12:18.718917000[warning] 异常,网关读取消息失败,info={0  0 0 },err=消息头读取失败,EOF << /Users/zhangjinbao/Documents/mango/pkg/network/tcp_client.go, line #51 
2022-03-13 14:12:18.718725000[warning] 异常,网关读取消息失败,info={0  0 0 },err=消息头读取失败,EOF << /Users/zhangjinbao/Documents/mango/pkg/network/tcp_client.go, line #51 
2022-03-13 14:12:18.718922000[warning] 异常,网关读取消息失败,info={0  0 0 },err=消息头读取失败,EOF << /Users/zhangjinbao/Documents/mango/pkg/network/tcp_client.go, line #51 
2022-03-13 14:12:18.718734000[warning] 异常,网关读取消息失败,info={0  0 0 },err=消息头读取失败,EOF << /Users/zhangjinbao/Documents/mango/pkg/network/tcp_client.go, line #51 
2022-03-13 14:12:18.718926000[warning] 异常,网关读取消息失败,info={0  0 0 },err=消息头读取失败,EOF << /Users/zhangjinbao/Documents/mango/pkg/network/tcp_client.go, line #51 
2022-03-13 14:12:18.718931000[warning] 异常,网关读取消息失败,info={0  0 0 },err=消息头读取失败,EOF << /Users/zhangjinbao/Documents/mango/pkg/network/tcp_client.go, line #51 
2022-03-13 14:12:18.718735000[warning] 异常,网关读取消息失败,info={0  0 0 },err=消息头读取失败,EOF << /Users/zhangjinbao/Documents/mango/pkg/network/tcp_client.go, line #51 
2022-03-13 14:12:18.718934000[warning] 异常,网关读取消息失败,info={0  0 0 },err=消息头读取失败,EOF << /Users/zhangjinbao/Documents/mango/pkg/network/tcp_client.go, line #51 
2022-03-13 14:12:18.718940000[warning] 异常,网关读取消息失败,info={0  0 0 },err=消息头读取失败,EOF << /Users/zhangjinbao/Documents/mango/pkg/network/tcp_client.go, line #51 
2022-03-13 14:12:18.718791000[warning] 异常,网关读取消息失败,info={0  0 0 },err=消息头读取失败,EOF << /Users/zhangjinbao/Documents/mango/pkg/network/tcp_client.go, line #51 
2022-03-13 14:12:18.718351000[warning] 异常,网关读取消息失败,info={0  0 0 },err=消息头读取失败,EOF << /Users/zhangjinbao/Documents/mango/pkg/network/tcp_client.go, line #51 
2022-03-13 14:12:18.718943000[warning] 异常,网关读取消息失败,info={0  0 0 },err=消息头读取失败,EOF << /Users/zhangjinbao/Documents/mango/pkg/network/tcp_client.go, line #51 
2022-03-13 14:12:18.718806000[warning] 异常,网关读取消息失败,info={0  0 0 },err=消息头读取失败,EOF << /Users/zhangjinbao/Documents/mango/pkg/network/tcp_client.go, line #51 
2022-03-13 14:12:18.718069000[ debug ] 服务间连接断开了,info={0  0 0 } << /Users/zhangjinbao/Documents/mango/pkg/network/tcp_client.go, line #58 
2022-03-13 14:12:18.718820000[warning] 异常,网关读取消息失败,info={0  0 0 },err=消息头读取失败,EOF << /Users/zhangjinbao/Documents/mango/pkg/network/tcp_client.go, line #51 
2022-03-13 14:12:18.718821000[warning] 异常,网关读取消息失败,info={0  0 0 },err=消息头读取失败,EOF << /Users/zhangjinbao/Documents/mango/pkg/network/tcp_client.go, line #51 
2022-03-13 14:12:18.718829000[warning] 异常,网关读取消息失败,info={0  0 0 },err=消息头读取失败,EOF << /Users/zhangjinbao/Documents/mango/pkg/network/tcp_client.go, line #51 
2022-03-13 14:12:18.718744000[warning] 异常,网关读取消息失败,info={0  0 0 },err=消息头读取失败,EOF << /Users/zhangjinbao/Documents/mango/pkg/network/tcp_client.go, line #51 
2022-03-13 14:12:18.718699000[warning] 异常,网关读取消息失败,info={0  0 0 },err=消息头读取失败,EOF << /Users/zhangjinbao/Documents/mango/pkg/network/tcp_client.go, line #51 
2022-03-13 14:12:18.718872000[warning] 异常,网关读取消息失败,info={0  0 0 },err=消息头读取失败,EOF << /Users/zhangjinbao/Documents/mango/pkg/network/tcp_client.go, line #51 
2022-03-13 14:12:18.718389000[ debug ] 服务间连接断开了,info={0  0 0 } << /Users/zhangjinbao/Documents/mango/pkg/network/tcp_client.go, line #58 
2022-03-13 14:12:18.718847000[warning] 异常,网关读取消息失败,info={0  0 0 },err=消息头读取失败,EOF << /Users/zhangjinbao/Documents/mango/pkg/network/tcp_client.go, line #51 
2022-03-13 14:12:18.718202000[ debug ] 服务间连接断开了,info={0  0 0 } << /Users/zhangjinbao/Documents/mango/pkg/network/tcp_client.go, line #58 
2022-03-13 14:12:18.719146000[warning] 异常,网关读取消息失败,info={0  0 0 },err=消息头读取失败,EOF << /Users/zhangjinbao/Documents/mango/pkg/network/tcp_client.go, line #51 
2022-03-13 14:12:18.718949000[warning] 异常,网关读取消息失败,info={0  0 0 },err=消息头读取失败,EOF << /Users/zhangjinbao/Documents/mango/pkg/network/tcp_client.go, line #51 
2022-03-13 14:12:18.719062000[warning] 异常,网关读取消息失败,info={0  0 0 },err=消息头读取失败,EOF << /Users/zhangjinbao/Documents/mango/pkg/network/tcp_client.go, line #51 
2022-03-13 14:12:18.718952000[warning] 异常,网关读取消息失败,info={0  0 0 },err=消息头读取失败,EOF << /Users/zhangjinbao/Documents/mango/pkg/network/tcp_client.go, line #51 
2022-03-13 14:12:18.719060000[warning] 异常,网关读取消息失败,info={1 gateway 4 100 0.0.0.0:10100},err=消息头读取失败,EOF << /Users/zhangjinbao/Documents/mango/pkg/network/tcp_client.go, line #51 
2022-03-13 14:12:18.718957000[warning] 异常,网关读取消息失败,info={0  0 0 },err=消息头读取失败,EOF << /Users/zhangjinbao/Documents/mango/pkg/network/tcp_client.go, line #51 
2022-03-13 14:12:18.719012000[warning] 异常,网关读取消息失败,info={0  0 0 },err=消息头读取失败,EOF << /Users/zhangjinbao/Documents/mango/pkg/network/tcp_client.go, line #51 
2022-03-13 14:12:18.719085000[warning] 异常,网关读取消息失败,info={0  0 0 },err=消息头读取失败,EOF << /Users/zhangjinbao/Documents/mango/pkg/network/tcp_client.go, line #51 
2022-03-13 14:12:18.719087000[warning] 异常,网关读取消息失败,info={0  0 0 },err=消息头读取失败,EOF << /Users/zhangjinbao/Documents/mango/pkg/network/tcp_client.go, line #51 
2022-03-13 14:12:18.719011000[warning] 异常,网关读取消息失败,info={0  0 0 },err=消息头读取失败,EOF << /Users/zhangjinbao/Documents/mango/pkg/network/tcp_client.go, line #51 
2022-03-13 14:12:18.719021000[warning] 异常,网关读取消息失败,info={0  0 0 },err=消息头读取失败,EOF << /Users/zhangjinbao/Documents/mango/pkg/network/tcp_client.go, line #51 
2022-03-13 14:12:18.719090000[warning] 异常,网关读取消息失败,info={0  0 0 },err=消息头读取失败,EOF << /Users/zhangjinbao/Documents/mango/pkg/network/tcp_client.go, line #51 
2022-03-13 14:12:18.719022000[warning] 异常,网关读取消息失败,info={0  0 0 },err=消息头读取失败,EOF << /Users/zhangjinbao/Documents/mango/pkg/network/tcp_client.go, line #51 
2022-03-13 14:12:18.719098000[warning] 异常,网关读取消息失败,info={0  0 0 },err=消息头读取失败,EOF << /Users/zhangjinbao/Documents/mango/pkg/network/tcp_client.go, line #51 
2022-03-13 14:12:18.719031000[warning] 异常,网关读取消息失败,info={0  0 0 },err=消息头读取失败,EOF << /Users/zhangjinbao/Documents/mango/pkg/network/tcp_client.go, line #51 
2022-03-13 14:12:18.719029000[warning] 异常,网关读取消息失败,info={0  0 0 },err=消息头读取失败,EOF << /Users/zhangjinbao/Documents/mango/pkg/network/tcp_client.go, line #51 
2022-03-13 14:12:18.719119000[warning] 异常,网关读取消息失败,info={0  0 0 },err=消息头读取失败,EOF << /Users/zhangjinbao/Documents/mango/pkg/network/tcp_client.go, line #51 
2022-03-13 14:12:18.719041000[warning] 异常,网关读取消息失败,info={0  0 0 },err=消息头读取失败,EOF << /Users/zhangjinbao/Documents/mango/pkg/network/tcp_client.go, line #51 
2022-03-13 14:12:18.719043000[warning] 异常,网关读取消息失败,info={0  0 0 },err=消息头读取失败,EOF << /Users/zhangjinbao/Documents/mango/pkg/network/tcp_client.go, line #51 
2022-03-13 14:12:18.719135000[warning] 异常,网关读取消息失败,info={0  0 0 },err=消息头读取失败,EOF << /Users/zhangjinbao/Documents/mango/pkg/network/tcp_client.go, line #51 
2022-03-13 14:12:18.719047000[warning] 异常,网关读取消息失败,info={1 gateway 4 100 },err=消息头读取失败,EOF << /Users/zhangjinbao/Documents/mango/pkg/network/tcp_server.go, line #104 
2022-03-13 14:12:18.719137000[warning] 异常,网关读取消息失败,info={0  0 0 },err=消息头读取失败,EOF << /Users/zhangjinbao/Documents/mango/pkg/network/tcp_client.go, line #51 
2022-03-13 14:12:18.718863000[warning] 异常,网关读取消息失败,info={0  0 0 },err=消息头读取失败,EOF << /Users/zhangjinbao/Documents/mango/pkg/network/tcp_client.go, line #51 
2022-03-13 14:12:18.719465000[warning] 异常,网关读取消息失败,info={0  0 0 },err=消息头读取失败,EOF << /Users/zhangjinbao/Documents/mango/pkg/network/tcp_client.go, line #51 
2022-03-13 14:12:18.718774000[warning] 异常,网关读取消息失败,info={0  0 0 },err=消息头读取失败,EOF << /Users/zhangjinbao/Documents/mango/pkg/network/tcp_client.go, line #51 
2022-03-13 14:12:18.719147000[warning] 异常,网关读取消息失败,info={0  0 0 },err=消息头读取失败,EOF << /Users/zhangjinbao/Documents/mango/pkg/network/tcp_client.go, line #51 
2022-03-13 14:12:18.718149000[warning] 异常,网关读取消息失败,info={0  0 0 },err=消息头读取失败,EOF << /Users/zhangjinbao/Documents/mango/pkg/network/tcp_client.go, line #51 
2022-03-13 14:12:18.719144000[warning] 异常,网关读取消息失败,info={0  0 0 },err=消息头读取失败,EOF << /Users/zhangjinbao/Documents/mango/pkg/network/tcp_client.go, line #51 
2022-03-13 14:12:18.718848000[warning] 异常,网关读取消息失败,info={0  0 0 },err=消息头读取失败,EOF << /Users/zhangjinbao/Documents/mango/pkg/network/tcp_client.go, line #51 
2022-03-13 14:12:18.719156000[warning] 异常,网关读取消息失败,info={0  0 0 },err=消息头读取失败,EOF << /Users/zhangjinbao/Documents/mango/pkg/network/tcp_client.go, line #51 
2022-03-13 14:12:18.718839000[warning] 异常,网关读取消息失败,info={0  0 0 },err=消息头读取失败,EOF << /Users/zhangjinbao/Documents/mango/pkg/network/tcp_client.go, line #51 
2022-03-13 14:12:18.719158000[warning] 异常,网关读取消息失败,info={0  0 0 },err=消息头读取失败,EOF << /Users/zhangjinbao/Documents/mango/pkg/network/tcp_client.go, line #51 
2022-03-13 14:12:18.719164000[warning] 异常,网关读取消息失败,info={0  0 0 },err=消息头读取失败,EOF << /Users/zhangjinbao/Documents/mango/pkg/network/tcp_client.go, line #51 
2022-03-13 14:12:18.719004000[warning] 异常,网关读取消息失败,info={0  0 0 },err=消息头读取失败,EOF << /Users/zhangjinbao/Documents/mango/pkg/network/tcp_client.go, line #51 
2022-03-13 14:12:18.719166000[warning] 异常,网关读取消息失败,info={0  0 0 },err=消息头读取失败,EOF << /Users/zhangjinbao/Documents/mango/pkg/network/tcp_client.go, line #51 
2022-03-13 14:12:18.719168000[warning] 异常,网关读取消息失败,info={0  0 0 },err=消息头读取失败,EOF << /Users/zhangjinbao/Documents/mango/pkg/network/tcp_client.go, line #51 
2022-03-13 14:12:18.719071000[warning] 异常,网关读取消息失败,info={0  0 0 },err=消息头读取失败,EOF << /Users/zhangjinbao/Documents/mango/pkg/network/tcp_client.go, line #51 
2022-03-13 14:12:18.719174000[warning] 异常,网关读取消息失败,info={0  0 0 },err=消息头读取失败,EOF << /Users/zhangjinbao/Documents/mango/pkg/network/tcp_client.go, line #51 
2022-03-13 14:12:18.718966000[warning] 异常,网关读取消息失败,info={0  0 0 },err=消息头读取失败,EOF << /Users/zhangjinbao/Documents/mango/pkg/network/tcp_client.go, line #51 
2022-03-13 14:12:18.719175000[warning] 异常,网关读取消息失败,info={0  0 0 },err=消息头读取失败,EOF << /Users/zhangjinbao/Documents/mango/pkg/network/tcp_client.go, line #51 
2022-03-13 14:12:18.718978000[warning] 异常,网关读取消息失败,info={0  0 0 },err=消息头读取失败,EOF << /Users/zhangjinbao/Documents/mango/pkg/network/tcp_client.go, line #51 
2022-03-13 14:12:18.719177000[warning] 异常,网关读取消息失败,info={0  0 0 },err=消息头读取失败,EOF << /Users/zhangjinbao/Documents/mango/pkg/network/tcp_client.go, line #51 
2022-03-13 14:12:18.718986000[warning] 异常,网关读取消息失败,info={0  0 0 },err=消息头读取失败,EOF << /Users/zhangjinbao/Documents/mango/pkg/network/tcp_client.go, line #51 
2022-03-13 14:12:18.719348000[warning] 异常,网关读取消息失败,info={0  0 0 },err=消息头读取失败,EOF << /Users/zhangjinbao/Documents/mango/pkg/network/tcp_client.go, line #51 
2022-03-13 14:12:18.718995000[warning] 异常,网关读取消息失败,info={0  0 0 },err=消息头读取失败,EOF << /Users/zhangjinbao/Documents/mango/pkg/network/tcp_client.go, line #51 
2022-03-13 14:12:18.719358000[warning] 异常,网关读取消息失败,info={0  0 0 },err=消息头读取失败,EOF << /Users/zhangjinbao/Documents/mango/pkg/network/tcp_client.go, line #51 
2022-03-13 14:12:18.719367000[warning] 异常,网关读取消息失败,info={0  0 0 },err=消息头读取失败,EOF << /Users/zhangjinbao/Documents/mango/pkg/network/tcp_client.go, line #51 
2022-03-13 14:12:18.719138000[warning] 异常,网关读取消息失败,info={0  0 0 },err=消息头读取失败,EOF << /Users/zhangjinbao/Documents/mango/pkg/network/tcp_client.go, line #51 
2022-03-13 14:12:18.719376000[warning] 异常,网关读取消息失败,info={0  0 0 },err=消息头读取失败,EOF << /Users/zhangjinbao/Documents/mango/pkg/network/tcp_client.go, line #51 
2022-03-13 14:12:18.718867000[warning] 异常,网关读取消息失败,info={0  0 0 },err=消息头读取失败,EOF << /Users/zhangjinbao/Documents/mango/pkg/network/tcp_client.go, line #51 
2022-03-13 14:12:18.719386000[warning] 异常,网关读取消息失败,info={0  0 0 },err=消息头读取失败,EOF << /Users/zhangjinbao/Documents/mango/pkg/network/tcp_client.go, line #51 
2022-03-13 14:12:18.718886000[warning] 异常,网关读取消息失败,info={0  0 0 },err=消息头读取失败,EOF << /Users/zhangjinbao/Documents/mango/pkg/network/tcp_client.go, line #51 
2022-03-13 14:12:18.719407000[warning] 异常,网关读取消息失败,info={0  0 0 },err=消息头读取失败,EOF << /Users/zhangjinbao/Documents/mango/pkg/network/tcp_client.go, line #51 
2022-03-13 14:12:18.718810000[warning] 异常,网关读取消息失败,info={0  0 0 },err=消息头读取失败,EOF << /Users/zhangjinbao/Documents/mango/pkg/network/tcp_client.go, line #51 
2022-03-13 14:12:18.719418000[warning] 异常,网关读取消息失败,info={0  0 0 },err=消息头读取失败,EOF << /Users/zhangjinbao/Documents/mango/pkg/network/tcp_client.go, line #51 
2022-03-13 14:12:18.718782000[warning] 异常,网关读取消息失败,info={0  0 0 },err=消息头读取失败,EOF << /Users/zhangjinbao/Documents/mango/pkg/network/tcp_client.go, line #51 
2022-03-13 14:12:18.718855000[warning] 异常,网关读取消息失败,info={0  0 0 },err=消息头读取失败,EOF << /Users/zhangjinbao/Documents/mango/pkg/network/tcp_client.go, line #51 
2022-03-13 14:12:18.719427000[warning] 异常,网关读取消息失败,info={0  0 0 },err=消息头读取失败,EOF << /Users/zhangjinbao/Documents/mango/pkg/network/tcp_client.go, line #51 
2022-03-13 14:12:18.719060000[warning] 异常,网关读取消息失败,info={0  0 0 },err=消息头读取失败,EOF << /Users/zhangjinbao/Documents/mango/pkg/network/tcp_client.go, line #51 
2022-03-13 14:12:18.719193000[warning] 异常,网关读取消息失败,info={0  0 0 },err=消息头读取失败,EOF << /Users/zhangjinbao/Documents/mango/pkg/network/tcp_client.go, line #51 
2022-03-13 14:12:18.719211000[warning] 异常,网关读取消息失败,info={0  0 0 },err=消息头读取失败,EOF << /Users/zhangjinbao/Documents/mango/pkg/network/tcp_client.go, line #51 
2022-03-13 14:12:18.719220000[warning] 异常,网关读取消息失败,info={0  0 0 },err=消息头读取失败,EOF << /Users/zhangjinbao/Documents/mango/pkg/network/tcp_client.go, line #51 
2022-03-13 14:12:18.719201000[warning] 异常,网关读取消息失败,info={0  0 0 },err=消息头读取失败,EOF << /Users/zhangjinbao/Documents/mango/pkg/network/tcp_client.go, line #51 
2022-03-13 14:12:18.719531000[warning] 异常,网关读取消息失败,info={0  0 0 },err=消息头读取失败,EOF << /Users/zhangjinbao/Documents/mango/pkg/network/tcp_client.go, line #51 
2022-03-13 14:12:18.719229000[warning] 异常,网关读取消息失败,info={0  0 0 },err=消息头读取失败,EOF << /Users/zhangjinbao/Documents/mango/pkg/network/tcp_client.go, line #51 
2022-03-13 14:12:18.719658000[warning] 异常,网关读取消息失败,info={0  0 0 },err=消息头读取失败,EOF << /Users/zhangjinbao/Documents/mango/pkg/network/tcp_client.go, line #51 
2022-03-13 14:12:18.719251000[warning] 异常,网关读取消息失败,info={0  0 0 },err=消息头读取失败,EOF << /Users/zhangjinbao/Documents/mango/pkg/network/tcp_client.go, line #51 
2022-03-13 14:12:18.719668000[warning] 异常,网关读取消息失败,info={0  0 0 },err=消息头读取失败,EOF << /Users/zhangjinbao/Documents/mango/pkg/network/tcp_client.go, line #51 
2022-03-13 14:12:18.719271000[ debug ] 服务间连接断开了,info={0  0 0 } << /Users/zhangjinbao/Documents/mango/pkg/network/tcp_client.go, line #58 
2022-03-13 14:12:18.719302000[warning] 异常,网关读取消息失败,info={0  0 0 },err=消息头读取失败,EOF << /Users/zhangjinbao/Documents/mango/pkg/network/tcp_client.go, line #51 
2022-03-13 14:12:18.719748000[warning] 异常,网关读取消息失败,info={0  0 0 },err=消息头读取失败,EOF << /Users/zhangjinbao/Documents/mango/pkg/network/tcp_client.go, line #51 
2022-03-13 14:12:18.719750000[ debug ] 服务间连接断开了,info={0  0 0 } << /Users/zhangjinbao/Documents/mango/pkg/network/tcp_client.go, line #58 
2022-03-13 14:12:18.719330000[warning] 异常,网关读取消息失败,info={0  0 0 },err=消息头读取失败,EOF << /Users/zhangjinbao/Documents/mango/pkg/network/tcp_client.go, line #51 
2022-03-13 14:12:18.720005000[ debug ] 服务间连接断开了,info={0  0 0 } << /Users/zhangjinbao/Documents/mango/pkg/network/tcp_client.go, line #58 
2022-03-13 14:12:18.719340000[warning] 异常,网关读取消息失败,info={0  0 0 },err=消息头读取失败,EOF << /Users/zhangjinbao/Documents/mango/pkg/network/tcp_client.go, line #51 
2022-03-13 14:12:18.720162000[ debug ] 服务间连接断开了,info={0  0 0 } << /Users/zhangjinbao/Documents/mango/pkg/network/tcp_client.go, line #58 
2022-03-13 14:12:18.719758000[warning] 异常,网关读取消息失败,info={0  0 0 },err=消息头读取失败,EOF << /Users/zhangjinbao/Documents/mango/pkg/network/tcp_client.go, line #51 
2022-03-13 14:12:18.719108000[warning] 异常,网关读取消息失败,info={0  0 0 },err=消息头读取失败,EOF << /Users/zhangjinbao/Documents/mango/pkg/network/tcp_client.go, line #51 
2022-03-13 14:12:18.719791000[ debug ] 服务间连接断开了,info={0  0 0 } << /Users/zhangjinbao/Documents/mango/pkg/network/tcp_client.go, line #58 
2022-03-13 14:12:18.719050000[warning] 异常,网关读取消息失败,info={0  0 0 },err=消息头读取失败,EOF << /Users/zhangjinbao/Documents/mango/pkg/network/tcp_client.go, line #51 
2022-03-13 14:12:18.720178000[ debug ] 服务间连接断开了,info={0  0 0 } << /Users/zhangjinbao/Documents/mango/pkg/network/tcp_client.go, line #58 
2022-03-13 14:12:18.719798000[warning] 异常,网关读取消息失败,info={0  0 0 },err=消息头读取失败,EOF << /Users/zhangjinbao/Documents/mango/pkg/network/tcp_client.go, line #51 
2022-03-13 14:12:18.719901000[warning] 异常,网关读取消息失败,info={0  0 0 },err=消息头读取失败,EOF << /Users/zhangjinbao/Documents/mango/pkg/network/tcp_client.go, line #51 
2022-03-13 14:12:18.719916000[ debug ] 服务间连接断开了,info={0  0 0 } << /Users/zhangjinbao/Documents/mango/pkg/network/tcp_client.go, line #58 
2022-03-13 14:12:18.719809000[warning] 异常,网关读取消息失败,info={0  0 0 },err=消息头读取失败,EOF << /Users/zhangjinbao/Documents/mango/pkg/network/tcp_client.go, line #51 
2022-03-13 14:12:18.719981000[warning] 异常,网关读取消息失败,info={0  0 0 },err=消息头读取失败,EOF << /Users/zhangjinbao/Documents/mango/pkg/network/tcp_client.go, line #51 
2022-03-13 14:12:18.719095000[warning] 异常,网关读取消息失败,info={0  0 0 },err=消息头读取失败,EOF << /Users/zhangjinbao/Documents/mango/pkg/network/tcp_client.go, line #51 
2022-03-13 14:12:18.719881000[warning] 异常,网关读取消息失败,info={0  0 0 },err=消息头读取失败,EOF << /Users/zhangjinbao/Documents/mango/pkg/network/tcp_client.go, line #51 
2022-03-13 14:12:18.719118000[warning] 异常,网关读取消息失败,info={0  0 0 },err=消息头读取失败,EOF << /Users/zhangjinbao/Documents/mango/pkg/network/tcp_client.go, line #51 
2022-03-13 14:12:18.719891000[warning] 异常,网关读取消息失败,info={0  0 0 },err=消息头读取失败,EOF << /Users/zhangjinbao/Documents/mango/pkg/network/tcp_client.go, line #51 
2022-03-13 14:12:18.718891000[warning] 异常,网关读取消息失败,info={0  0 0 },err=消息头读取失败,EOF << /Users/zhangjinbao/Documents/mango/pkg/network/tcp_client.go, line #51 
2022-03-13 14:12:18.719078000[warning] 异常,网关读取消息失败,info={0  0 0 },err=消息头读取失败,EOF << /Users/zhangjinbao/Documents/mango/pkg/network/tcp_client.go, line #51 
2022-03-13 14:12:18.721861000[ debug ] 服务间连接断开了,info={0  0 0 } << /Users/zhangjinbao/Documents/mango/pkg/network/tcp_client.go, line #58 
2022-03-13 14:12:18.718758000[ debug ] 服务间连接断开了,info={0  0 0 } << /Users/zhangjinbao/Documents/mango/pkg/network/tcp_client.go, line #58 
2022-03-13 14:12:18.718707000[ debug ] 服务间连接断开了,info={0  0 0 } << /Users/zhangjinbao/Documents/mango/pkg/network/tcp_client.go, line #58 
2022-03-13 14:12:18.720365000[ debug ] 服务间连接断开了,info={0  0 0 } << /Users/zhangjinbao/Documents/mango/pkg/network/tcp_client.go, line #58 
2022-03-13 14:12:18.719105000[warning] 异常,网关读取消息失败,info={0  0 0 },err=消息头读取失败,EOF << /Users/zhangjinbao/Documents/mango/pkg/network/tcp_client.go, line #51 
2022-03-13 14:12:18.721160000[ debug ] 服务间连接断开了,info={0  0 0 } << /Users/zhangjinbao/Documents/mango/pkg/network/tcp_client.go, line #58 
2022-03-13 14:12:18.719129000[warning] 异常,网关读取消息失败,info={0  0 0 },err=消息头读取失败,EOF << /Users/zhangjinbao/Documents/mango/pkg/network/tcp_client.go, line #51 
2022-03-13 14:12:18.721231000[ debug ] 服务间连接断开了,info={0  0 0 } << /Users/zhangjinbao/Documents/mango/pkg/network/tcp_client.go, line #58 
2022-03-13 14:12:18.718764000[warning] 异常,网关读取消息失败,info={0  0 0 },err=消息头读取失败,EOF << /Users/zhangjinbao/Documents/mango/pkg/network/tcp_client.go, line #51 
2022-03-13 14:12:18.720849000[ debug ] 服务间连接断开了,info={0  0 0 } << /Users/zhangjinbao/Documents/mango/pkg/network/tcp_client.go, line #58 
2022-03-13 14:12:18.721325000[ debug ] 服务间连接断开了,info={0  0 0 } << /Users/zhangjinbao/Documents/mango/pkg/network/tcp_client.go, line #58 
2022-03-13 14:12:18.720975000[ debug ] 服务间连接断开了,info={0  0 0 } << /Users/zhangjinbao/Documents/mango/pkg/network/tcp_client.go, line #58 
2022-03-13 14:12:18.718226000[warning] 异常,网关读取消息失败,info={0  0 0 },err=消息头读取失败,EOF << /Users/zhangjinbao/Documents/mango/pkg/network/tcp_client.go, line #51 
2022-03-13 14:12:18.721119000[ debug ] 服务间连接断开了,info={0  0 0 } << /Users/zhangjinbao/Documents/mango/pkg/network/tcp_client.go, line #58 
2022-03-13 14:12:18.719206000[ debug ] 服务间连接断开了,info={0  0 0 } << /Users/zhangjinbao/Documents/mango/pkg/network/tcp_client.go, line #58 
2022-03-13 14:12:18.721748000[ debug ] 服务间连接断开了,info={0  0 0 } << /Users/zhangjinbao/Documents/mango/pkg/network/tcp_client.go, line #58 
2022-03-13 14:12:18.720613000[ debug ] 服务间连接断开了,info={0  0 0 } << /Users/zhangjinbao/Documents/mango/pkg/network/tcp_client.go, line #58 
2022-03-13 14:12:18.722879000[ debug ] 服务间连接断开了,info={0  0 0 } << /Users/zhangjinbao/Documents/mango/pkg/network/tcp_client.go, line #58 
2022-03-13 14:12:18.720727000[ debug ] 服务间连接断开了,info={0  0 0 } << /Users/zhangjinbao/Documents/mango/pkg/network/tcp_client.go, line #58 
2022-03-13 14:12:18.718745000[warning] 异常,网关读取消息失败,info={0  0 0 },err=消息头读取失败,EOF << /Users/zhangjinbao/Documents/mango/pkg/network/tcp_client.go, line #51 
2022-03-13 14:12:18.723313000[ debug ] 服务间连接断开了,info={0  0 0 } << /Users/zhangjinbao/Documents/mango/pkg/network/tcp_client.go, line #58 
2022-03-13 14:12:18.719582000[warning] 异常,网关读取消息失败,info={0  0 0 },err=消息头读取失败,EOF << /Users/zhangjinbao/Documents/mango/pkg/network/tcp_client.go, line #51 
2022-03-13 14:12:18.723766000[ debug ] 服务间连接断开了,info={0  0 0 } << /Users/zhangjinbao/Documents/mango/pkg/network/tcp_client.go, line #58 
2022-03-13 14:12:18.719596000[ debug ] 服务间连接断开了,info={0  0 0 } << /Users/zhangjinbao/Documents/mango/pkg/network/tcp_client.go, line #58 
2022-03-13 14:12:18.723382000[ debug ] 服务间连接断开了,info={0  0 0 } << /Users/zhangjinbao/Documents/mango/pkg/network/tcp_client.go, line #58 
2022-03-13 14:12:18.723643000[ debug ] 服务间连接断开了,info={0  0 0 } << /Users/zhangjinbao/Documents/mango/pkg/network/tcp_client.go, line #58 
2022-03-13 14:12:18.719624000[warning] 异常,网关读取消息失败,info={0  0 0 },err=消息头读取失败,EOF << /Users/zhangjinbao/Documents/mango/pkg/network/tcp_client.go, line #51 
2022-03-13 14:12:18.721903000[ debug ] 服务间连接断开了,info={0  0 0 } << /Users/zhangjinbao/Documents/mango/pkg/network/tcp_client.go, line #58 
2022-03-13 14:12:18.723680000[ debug ] 服务间连接断开了,info={0  0 0 } << /Users/zhangjinbao/Documents/mango/pkg/network/tcp_client.go, line #58 
2022-03-13 14:12:18.721968000[ debug ] 服务间连接断开了,info={0  0 0 } << /Users/zhangjinbao/Documents/mango/pkg/network/tcp_client.go, line #58 
2022-03-13 14:12:18.719675000[ debug ] 服务间连接断开了,info={0  0 0 } << /Users/zhangjinbao/Documents/mango/pkg/network/tcp_client.go, line #58 
2022-03-13 14:12:18.719679000[warning] 异常,网关读取消息失败,info={0  0 0 },err=消息头读取失败,EOF << /Users/zhangjinbao/Documents/mango/pkg/network/tcp_client.go, line #51 
2022-03-13 14:12:18.722074000[ debug ] 服务间连接断开了,info={0  0 0 } << /Users/zhangjinbao/Documents/mango/pkg/network/tcp_client.go, line #58 
2022-03-13 14:12:18.724519000[ debug ] 服务间连接断开了,info={0  0 0 } << /Users/zhangjinbao/Documents/mango/pkg/network/tcp_client.go, line #58 
2022-03-13 14:12:18.722126000[ debug ] 服务间连接断开了,info={0  0 0 } << /Users/zhangjinbao/Documents/mango/pkg/network/tcp_client.go, line #58 
2022-03-13 14:12:18.722795000[ debug ] 服务间连接断开了,info={0  0 0 } << /Users/zhangjinbao/Documents/mango/pkg/network/tcp_client.go, line #58 
2022-03-13 14:12:18.722221000[ debug ] 服务间连接断开了,info={0  0 0 } << /Users/zhangjinbao/Documents/mango/pkg/network/tcp_client.go, line #58 
2022-03-13 14:12:18.719312000[warning] 异常,网关读取消息失败,info={0  0 0 },err=消息头读取失败,EOF << /Users/zhangjinbao/Documents/mango/pkg/network/tcp_client.go, line #51 
2022-03-13 14:12:18.722809000[ debug ] 服务间连接断开了,info={0  0 0 } << /Users/zhangjinbao/Documents/mango/pkg/network/tcp_client.go, line #58 
2022-03-13 14:12:18.724586000[ debug ] 服务间连接断开了,info={0  0 0 } << /Users/zhangjinbao/Documents/mango/pkg/network/tcp_client.go, line #58 
2022-03-13 14:12:18.720033000[warning] 异常,网关读取消息失败,info={0  0 0 },err=消息头读取失败,EOF << /Users/zhangjinbao/Documents/mango/pkg/network/tcp_client.go, line #51 
2022-03-13 14:12:18.723911000[ debug ] 服务间连接断开了,info={0  0 0 } << /Users/zhangjinbao/Documents/mango/pkg/network/tcp_client.go, line #58 
2022-03-13 14:12:18.724622000[ debug ] 服务间连接断开了,info={0  0 0 } << /Users/zhangjinbao/Documents/mango/pkg/network/tcp_client.go, line #58 
2022-03-13 14:12:18.723836000[ debug ] 服务间连接断开了,info={0  0 0 } << /Users/zhangjinbao/Documents/mango/pkg/network/tcp_client.go, line #58 
2022-03-13 14:12:18.722759000[ debug ] 服务间连接断开了,info={0  0 0 } << /Users/zhangjinbao/Documents/mango/pkg/network/tcp_client.go, line #58 
2022-03-13 14:12:18.720103000[ debug ] 服务间连接断开了,info={0  0 0 } << /Users/zhangjinbao/Documents/mango/pkg/network/tcp_client.go, line #58 
2022-03-13 14:12:18.722773000[ debug ] 服务间连接断开了,info={0  0 0 } << /Users/zhangjinbao/Documents/mango/pkg/network/tcp_client.go, line #58 
2022-03-13 14:12:18.722765000[ debug ] 服务间连接断开了,info={0  0 0 } << /Users/zhangjinbao/Documents/mango/pkg/network/tcp_client.go, line #58 
2022-03-13 14:12:18.720141000[ debug ] 服务间连接断开了,info={0  0 0 } << /Users/zhangjinbao/Documents/mango/pkg/network/tcp_client.go, line #58 
2022-03-13 14:12:18.719378000[ debug ] 服务间连接断开了,info={0  0 0 } << /Users/zhangjinbao/Documents/mango/pkg/network/tcp_client.go, line #58 
2022-03-13 14:12:18.724171000[ debug ] 服务间连接断开了,info={0  0 0 } << /Users/zhangjinbao/Documents/mango/pkg/network/tcp_client.go, line #58 
2022-03-13 14:12:18.719272000[warning] 异常,网关读取消息失败,info={0  0 0 },err=消息头读取失败,EOF << /Users/zhangjinbao/Documents/mango/pkg/network/tcp_client.go, line #51 
2022-03-13 14:12:18.719291000[warning] 异常,网关读取消息失败,info={0  0 0 },err=消息头读取失败,EOF << /Users/zhangjinbao/Documents/mango/pkg/network/tcp_client.go, line #51 
2022-03-13 14:12:18.724851000[ debug ] 服务间连接断开了,info={0  0 0 } << /Users/zhangjinbao/Documents/mango/pkg/network/tcp_client.go, line #58 
2022-03-13 14:12:18.719321000[warning] 异常,网关读取消息失败,info={0  0 0 },err=消息头读取失败,EOF << /Users/zhangjinbao/Documents/mango/pkg/network/tcp_client.go, line #51 
2022-03-13 14:12:18.719127000[warning] 异常,网关读取消息失败,info={0  0 0 },err=消息头读取失败,EOF << /Users/zhangjinbao/Documents/mango/pkg/network/tcp_client.go, line #51 
2022-03-13 14:12:18.724928000[ debug ] 服务间连接断开了,info={0  0 0 } << /Users/zhangjinbao/Documents/mango/pkg/network/tcp_client.go, line #58 
2022-03-13 14:12:18.719921000[warning] 异常,网关读取消息失败,info={0  0 0 },err=消息头读取失败,EOF << /Users/zhangjinbao/Documents/mango/pkg/network/tcp_client.go, line #51 
2022-03-13 14:12:18.724981000[ debug ] 服务间连接断开了,info={0  0 0 } << /Users/zhangjinbao/Documents/mango/pkg/network/tcp_client.go, line #58 
2022-03-13 14:12:18.719819000[warning] 异常,网关读取消息失败,info={0  0 0 },err=消息头读取失败,EOF << /Users/zhangjinbao/Documents/mango/pkg/network/tcp_client.go, line #51 
2022-03-13 14:12:18.725035000[ debug ] 服务间连接断开了,info={0  0 0 } << /Users/zhangjinbao/Documents/mango/pkg/network/tcp_client.go, line #58 
2022-03-13 14:12:18.719829000[warning] 异常,网关读取消息失败,info={0  0 0 },err=消息头读取失败,EOF << /Users/zhangjinbao/Documents/mango/pkg/network/tcp_client.go, line #51 
2022-03-13 14:12:18.725072000[ debug ] 服务间连接断开了,info={0  0 0 } << /Users/zhangjinbao/Documents/mango/pkg/network/tcp_client.go, line #58 
2022-03-13 14:12:18.719878000[ debug ] 服务间连接断开了,info={0  0 0 } << /Users/zhangjinbao/Documents/mango/pkg/network/tcp_client.go, line #58 
2022-03-13 14:12:18.718714000[warning] 异常,网关读取消息失败,info={0  0 0 },err=消息头读取失败,EOF << /Users/zhangjinbao/Documents/mango/pkg/network/tcp_client.go, line #51 
2022-03-13 14:12:18.725174000[ debug ] 服务间连接断开了,info={0  0 0 } << /Users/zhangjinbao/Documents/mango/pkg/network/tcp_client.go, line #58 
2022-03-13 14:12:18.719448000[ debug ] 服务间连接断开了,info={0  0 0 } << /Users/zhangjinbao/Documents/mango/pkg/network/tcp_client.go, line #58 
2022-03-13 14:12:18.718974000[warning] 异常,网关读取消息失败,info={0  0 0 },err=消息头读取失败,EOF << /Users/zhangjinbao/Documents/mango/pkg/network/tcp_client.go, line #51 
2022-03-13 14:12:18.718993000[warning] 异常,网关读取消息失败,info={0  0 0 },err=消息头读取失败,EOF << /Users/zhangjinbao/Documents/mango/pkg/network/tcp_client.go, line #51 
2022-03-13 14:12:18.719445000[warning] 异常,网关读取消息失败,info={0  0 0 },err=消息头读取失败,EOF << /Users/zhangjinbao/Documents/mango/pkg/network/tcp_client.go, line #51 
2022-03-13 14:12:18.725338000[ debug ] 服务间连接断开了,info={0  0 0 } << /Users/zhangjinbao/Documents/mango/pkg/network/tcp_client.go, line #58 
2022-03-13 14:12:18.718962000[warning] 异常,网关读取消息失败,info={0  0 0 },err=消息头读取失败,EOF << /Users/zhangjinbao/Documents/mango/pkg/network/tcp_client.go, line #51 
2022-03-13 14:12:18.719099000[warning] 异常,网关读取消息失败,info={0  0 0 },err=消息头读取失败,EOF << /Users/zhangjinbao/Documents/mango/pkg/network/tcp_client.go, line #51 
2022-03-13 14:12:18.725349000[ debug ] 服务间连接断开了,info={0  0 0 } << /Users/zhangjinbao/Documents/mango/pkg/network/tcp_client.go, line #58 
2022-03-13 14:12:18.720260000[ debug ] 服务间连接断开了,info={0  0 0 } << /Users/zhangjinbao/Documents/mango/pkg/network/tcp_client.go, line #58 
2022-03-13 14:12:18.720322000[ debug ] 服务间连接断开了,info={0  0 0 } << /Users/zhangjinbao/Documents/mango/pkg/network/tcp_client.go, line #58 
2022-03-13 14:12:18.719107000[warning] 异常,网关读取消息失败,info={0  0 0 },err=消息头读取失败,EOF << /Users/zhangjinbao/Documents/mango/pkg/network/tcp_client.go, line #51 
2022-03-13 14:12:18.720810000[ debug ] 服务间连接断开了,info={0  0 0 } << /Users/zhangjinbao/Documents/mango/pkg/network/tcp_client.go, line #58 
2022-03-13 14:12:18.720415000[ debug ] 服务间连接断开了,info={0  0 0 } << /Users/zhangjinbao/Documents/mango/pkg/network/tcp_client.go, line #58 
2022-03-13 14:12:18.720474000[ debug ] 服务间连接断开了,info={0  0 0 } << /Users/zhangjinbao/Documents/mango/pkg/network/tcp_client.go, line #58 
2022-03-13 14:12:18.720518000[ debug ] 服务间连接断开了,info={0  0 0 } << /Users/zhangjinbao/Documents/mango/pkg/network/tcp_client.go, line #58 
2022-03-13 14:12:18.720569000[ debug ] 服务间连接断开了,info={0  0 0 } << /Users/zhangjinbao/Documents/mango/pkg/network/tcp_client.go, line #58 
2022-03-13 14:12:18.720574000[ debug ] 服务间连接断开了,info={0  0 0 } << /Users/zhangjinbao/Documents/mango/pkg/network/tcp_client.go, line #58 
2022-03-13 14:12:18.721202000[ debug ] 服务间连接断开了,info={0  0 0 } << /Users/zhangjinbao/Documents/mango/pkg/network/tcp_client.go, line #58 
2022-03-13 14:12:18.721208000[ debug ] 服务间连接断开了,info={0  0 0 } << /Users/zhangjinbao/Documents/mango/pkg/network/tcp_client.go, line #58 
2022-03-13 14:12:18.721276000[ debug ] 服务间连接断开了,info={0  0 0 } << /Users/zhangjinbao/Documents/mango/pkg/network/tcp_client.go, line #58 
2022-03-13 14:12:18.721282000[ debug ] 服务间连接断开了,info={0  0 0 } << /Users/zhangjinbao/Documents/mango/pkg/network/tcp_client.go, line #58 
2022-03-13 14:12:18.721312000[ debug ] 服务间连接断开了,info={0  0 0 } << /Users/zhangjinbao/Documents/mango/pkg/network/tcp_client.go, line #58 
2022-03-13 14:12:18.718361000[warning] 异常,网关读取消息失败,info={0  0 0 },err=消息头读取失败,EOF << /Users/zhangjinbao/Documents/mango/pkg/network/tcp_client.go, line #51 
2022-03-13 14:12:18.720891000[ debug ] 服务间连接断开了,info={0  0 0 } << /Users/zhangjinbao/Documents/mango/pkg/network/tcp_client.go, line #58 
2022-03-13 14:12:18.720902000[ debug ] 服务间连接断开了,info={0  0 0 } << /Users/zhangjinbao/Documents/mango/pkg/network/tcp_client.go, line #58 
2022-03-13 14:12:18.720943000[ debug ] 服务间连接断开了,info={0  0 0 } << /Users/zhangjinbao/Documents/mango/pkg/network/tcp_client.go, line #58 
2022-03-13 14:12:18.718857000[warning] 异常,网关读取消息失败,info={0  0 0 },err=消息头读取失败,EOF << /Users/zhangjinbao/Documents/mango/pkg/network/tcp_client.go, line #51 
2022-03-13 14:12:18.725898000[ debug ] 服务间连接断开了,info={0  0 0 } << /Users/zhangjinbao/Documents/mango/pkg/network/tcp_client.go, line #58 
2022-03-13 14:12:18.721042000[ debug ] 服务间连接断开了,info={0  0 0 } << /Users/zhangjinbao/Documents/mango/pkg/network/tcp_client.go, line #58 
2022-03-13 14:12:18.721056000[ debug ] 服务间连接断开了,info={0  0 0 } << /Users/zhangjinbao/Documents/mango/pkg/network/tcp_client.go, line #58 
2022-03-13 14:12:18.721082000[ debug ] 服务间连接断开了,info={0  0 0 } << /Users/zhangjinbao/Documents/mango/pkg/network/tcp_client.go, line #58 
2022-03-13 14:12:18.721360000[ debug ] 服务间连接断开了,info={0  0 0 } << /Users/zhangjinbao/Documents/mango/pkg/network/tcp_client.go, line #58 
2022-03-13 14:12:18.721416000[ debug ] 服务间连接断开了,info={0  0 0 } << /Users/zhangjinbao/Documents/mango/pkg/network/tcp_client.go, line #58 
2022-03-13 14:12:18.721431000[ debug ] 服务间连接断开了,info={0  0 0 } << /Users/zhangjinbao/Documents/mango/pkg/network/tcp_client.go, line #58 
2022-03-13 14:12:18.721453000[ debug ] 服务间连接断开了,info={0  0 0 } << /Users/zhangjinbao/Documents/mango/pkg/network/tcp_client.go, line #58 
2022-03-13 14:12:18.721493000[ debug ] 服务间连接断开了,info={0  0 0 } << /Users/zhangjinbao/Documents/mango/pkg/network/tcp_client.go, line #58 
2022-03-13 14:12:18.721497000[ debug ] 服务间连接断开了,info={0  0 0 } << /Users/zhangjinbao/Documents/mango/pkg/network/tcp_client.go, line #58 
2022-03-13 14:12:18.721544000[ debug ] 服务间连接断开了,info={0  0 0 } << /Users/zhangjinbao/Documents/mango/pkg/network/tcp_client.go, line #58 
2022-03-13 14:12:18.721601000[ debug ] 服务间连接断开了,info={0  0 0 } << /Users/zhangjinbao/Documents/mango/pkg/network/tcp_client.go, line #58 
2022-03-13 14:12:18.721642000[ debug ] 服务间连接断开了,info={0  0 0 } << /Users/zhangjinbao/Documents/mango/pkg/network/tcp_client.go, line #58 
2022-03-13 14:12:18.721675000[ debug ] 服务间连接断开了,info={0  0 0 } << /Users/zhangjinbao/Documents/mango/pkg/network/tcp_client.go, line #58 
2022-03-13 14:12:18.721686000[ debug ] 服务间连接断开了,info={0  0 0 } << /Users/zhangjinbao/Documents/mango/pkg/network/tcp_client.go, line #58 
2022-03-13 14:12:18.721713000[ debug ] 服务间连接断开了,info={1 gateway 4 100 0.0.0.0:10100} << /Users/zhangjinbao/Documents/mango/pkg/network/tcp_client.go, line #58 
2022-03-13 14:12:18.720216000[ debug ] 服务间连接断开了,info={0  0 0 } << /Users/zhangjinbao/Documents/mango/pkg/network/tcp_client.go, line #58 
2022-03-13 14:12:18.721131000[ debug ] 服务间连接断开了,info={0  0 0 } << /Users/zhangjinbao/Documents/mango/pkg/network/tcp_client.go, line #58 
2022-03-13 14:12:18.719053000[warning] 异常,网关读取消息失败,info={0  0 0 },err=消息头读取失败,EOF << /Users/zhangjinbao/Documents/mango/pkg/network/tcp_client.go, line #51 
2022-03-13 14:12:18.726260000[ debug ] 服务间连接断开了,info={0  0 0 } << /Users/zhangjinbao/Documents/mango/pkg/network/tcp_client.go, line #58 
2022-03-13 14:12:18.721758000[ debug ] 服务间连接断开了,info={0  0 0 } << /Users/zhangjinbao/Documents/mango/pkg/network/tcp_client.go, line #58 
2022-03-13 14:12:18.721790000[ debug ] 服务间连接断开了,info={0  0 0 } << /Users/zhangjinbao/Documents/mango/pkg/network/tcp_client.go, line #58 
2022-03-13 14:12:18.721847000[ debug ] 服务间连接断开了,info={0  0 0 } << /Users/zhangjinbao/Documents/mango/pkg/network/tcp_client.go, line #58 
2022-03-13 14:12:18.719125000[warning] 异常,网关读取消息失败,info={0  0 0 },err=消息头读取失败,EOF << /Users/zhangjinbao/Documents/mango/pkg/network/tcp_client.go, line #51 
2022-03-13 14:12:18.718801000[warning] 异常,网关读取消息失败,info={0  0 0 },err=消息头读取失败,EOF << /Users/zhangjinbao/Documents/mango/pkg/network/tcp_client.go, line #51 
2022-03-13 14:12:18.719183000[warning] 异常,网关读取消息失败,info={0  0 0 },err=消息头读取失败,EOF << /Users/zhangjinbao/Documents/mango/pkg/network/tcp_client.go, line #51 
2022-03-13 14:12:18.719483000[warning] 异常,网关读取消息失败,info={0  0 0 },err=消息头读取失败,EOF << /Users/zhangjinbao/Documents/mango/pkg/network/tcp_client.go, line #51 
2022-03-13 14:12:18.720686000[ debug ] 服务间连接断开了,info={0  0 0 } << /Users/zhangjinbao/Documents/mango/pkg/network/tcp_client.go, line #58 
2022-03-13 14:12:18.723416000[ debug ] 服务间连接断开了,info={0  0 0 } << /Users/zhangjinbao/Documents/mango/pkg/network/tcp_client.go, line #58 
2022-03-13 14:12:18.726456000[ debug ] 服务间连接断开了,info={0  0 0 } << /Users/zhangjinbao/Documents/mango/pkg/network/tcp_client.go, line #58 
2022-03-13 14:12:18.719524000[ debug ] 服务间连接断开了,info={0  0 0 } << /Users/zhangjinbao/Documents/mango/pkg/network/tcp_client.go, line #58 
2022-03-13 14:12:18.720749000[ debug ] 服务间连接断开了,info={0  0 0 } << /Users/zhangjinbao/Documents/mango/pkg/network/tcp_client.go, line #58 
2022-03-13 14:12:18.720799000[ debug ] 服务间连接断开了,info={0  0 0 } << /Users/zhangjinbao/Documents/mango/pkg/network/tcp_client.go, line #58 
2022-03-13 14:12:18.722918000[ debug ] 服务间连接断开了,info={0  0 0 } << /Users/zhangjinbao/Documents/mango/pkg/network/tcp_client.go, line #58 
2022-03-13 14:12:18.722955000[ debug ] 服务间连接断开了,info={0  0 0 } << /Users/zhangjinbao/Documents/mango/pkg/network/tcp_client.go, line #58 
2022-03-13 14:12:18.722981000[ debug ] 服务间连接断开了,info={0  0 0 } << /Users/zhangjinbao/Documents/mango/pkg/network/tcp_client.go, line #58 
2022-03-13 14:12:18.723001000[ debug ] 服务间连接断开了,info={0  0 0 } << /Users/zhangjinbao/Documents/mango/pkg/network/tcp_client.go, line #58 
2022-03-13 14:12:18.723016000[ debug ] 服务间连接断开了,info={0  0 0 } << /Users/zhangjinbao/Documents/mango/pkg/network/tcp_client.go, line #58 
2022-03-13 14:12:18.723036000[ debug ] 服务间连接断开了,info={0  0 0 } << /Users/zhangjinbao/Documents/mango/pkg/network/tcp_client.go, line #58 
2022-03-13 14:12:18.723072000[ debug ] 服务间连接断开了,info={0  0 0 } << /Users/zhangjinbao/Documents/mango/pkg/network/tcp_client.go, line #58 
2022-03-13 14:12:18.723096000[ debug ] 服务间连接断开了,info={0  0 0 } << /Users/zhangjinbao/Documents/mango/pkg/network/tcp_client.go, line #58 
2022-03-13 14:12:18.723114000[ debug ] 服务间连接断开了,info={0  0 0 } << /Users/zhangjinbao/Documents/mango/pkg/network/tcp_client.go, line #58 
2022-03-13 14:12:18.723161000[ debug ] 服务间连接断开了,info={0  0 0 } << /Users/zhangjinbao/Documents/mango/pkg/network/tcp_client.go, line #58 
2022-03-13 14:12:18.723192000[ debug ] 服务间连接断开了,info={0  0 0 } << /Users/zhangjinbao/Documents/mango/pkg/network/tcp_client.go, line #58 
2022-03-13 14:12:18.723198000[ debug ] 服务间连接断开了,info={0  0 0 } << /Users/zhangjinbao/Documents/mango/pkg/network/tcp_client.go, line #58 
2022-03-13 14:12:18.723230000[ debug ] 服务间连接断开了,info={0  0 0 } << /Users/zhangjinbao/Documents/mango/pkg/network/tcp_client.go, line #58 
2022-03-13 14:12:18.723255000[ debug ] 服务间连接断开了,info={0  0 0 } << /Users/zhangjinbao/Documents/mango/pkg/network/tcp_client.go, line #58 
2022-03-13 14:12:18.724347000[ debug ] 服务间连接断开了,info={0  0 0 } << /Users/zhangjinbao/Documents/mango/pkg/network/tcp_client.go, line #58 
2022-03-13 14:12:18.724364000[ debug ] 服务间连接断开了,info={0  0 0 } << /Users/zhangjinbao/Documents/mango/pkg/network/tcp_client.go, line #58 
2022-03-13 14:12:18.723334000[ debug ] 服务间连接断开了,info={0  0 0 } << /Users/zhangjinbao/Documents/mango/pkg/network/tcp_client.go, line #58 
2022-03-13 14:12:18.723362000[ debug ] 服务间连接断开了,info={0  0 0 } << /Users/zhangjinbao/Documents/mango/pkg/network/tcp_client.go, line #58 
2022-03-13 14:12:18.719603000[warning] 异常,网关读取消息失败,info={0  0 0 },err=消息头读取失败,EOF << /Users/zhangjinbao/Documents/mango/pkg/network/tcp_client.go, line #51 
2022-03-13 14:12:18.723430000[ debug ] 服务间连接断开了,info={0  0 0 } << /Users/zhangjinbao/Documents/mango/pkg/network/tcp_client.go, line #58 
2022-03-13 14:12:18.723484000[ debug ] 服务间连接断开了,info={0  0 0 } << /Users/zhangjinbao/Documents/mango/pkg/network/tcp_client.go, line #58 
2022-03-13 14:12:18.723543000[ debug ] 服务间连接断开了,info={0  0 0 } << /Users/zhangjinbao/Documents/mango/pkg/network/tcp_client.go, line #58 
2022-03-13 14:12:18.723586000[ debug ] 服务间连接断开了,info={0  0 0 } << /Users/zhangjinbao/Documents/mango/pkg/network/tcp_client.go, line #58 
2022-03-13 14:12:18.723628000[ debug ] 服务间连接断开了,info={0  0 0 } << /Users/zhangjinbao/Documents/mango/pkg/network/tcp_client.go, line #58 
2022-03-13 14:12:18.719614000[warning] 异常,网关读取消息失败,info={0  0 0 },err=消息头读取失败,EOF << /Users/zhangjinbao/Documents/mango/pkg/network/tcp_client.go, line #51 
2022-03-13 14:12:18.719592000[warning] 异常,网关读取消息失败,info={0  0 0 },err=消息头读取失败,EOF << /Users/zhangjinbao/Documents/mango/pkg/network/tcp_client.go, line #51 
2022-03-13 14:12:18.724436000[ debug ] 服务间连接断开了,info={0  0 0 } << /Users/zhangjinbao/Documents/mango/pkg/network/tcp_client.go, line #58 
2022-03-13 14:12:18.719638000[ debug ] 服务间连接断开了,info={0  0 0 } << /Users/zhangjinbao/Documents/mango/pkg/network/tcp_client.go, line #58 
2022-03-13 14:12:18.721928000[ debug ] 服务间连接断开了,info={0  0 0 } << /Users/zhangjinbao/Documents/mango/pkg/network/tcp_client.go, line #58 
2022-03-13 14:12:18.721957000[ debug ] 服务间连接断开了,info={0  0 0 } << /Users/zhangjinbao/Documents/mango/pkg/network/tcp_client.go, line #58 
2022-03-13 14:12:18.719649000[warning] 异常,网关读取消息失败,info={0  0 0 },err=消息头读取失败,EOF << /Users/zhangjinbao/Documents/mango/pkg/network/tcp_client.go, line #51 
2022-03-13 14:12:18.727146000[ debug ] 服务间连接断开了,info={0  0 0 } << /Users/zhangjinbao/Documents/mango/pkg/network/tcp_client.go, line #58 
2022-03-13 14:12:18.723752000[ debug ] 服务间连接断开了,info={0  0 0 } << /Users/zhangjinbao/Documents/mango/pkg/network/tcp_client.go, line #58 
2022-03-13 14:12:18.719638000[warning] 异常,网关读取消息失败,info={0  0 0 },err=消息头读取失败,EOF << /Users/zhangjinbao/Documents/mango/pkg/network/tcp_client.go, line #51 
2022-03-13 14:12:18.722791000[ debug ] 服务间连接断开了,info={0  0 0 } << /Users/zhangjinbao/Documents/mango/pkg/network/tcp_client.go, line #58 
2022-03-13 14:12:18.721996000[ debug ] 服务间连接断开了,info={0  0 0 } << /Users/zhangjinbao/Documents/mango/pkg/network/tcp_client.go, line #58 
2022-03-13 14:12:18.722033000[ debug ] 服务间连接断开了,info={0  0 0 } << /Users/zhangjinbao/Documents/mango/pkg/network/tcp_client.go, line #58 
2022-03-13 14:12:18.722074000[ debug ] 服务间连接断开了,info={0  0 0 } << /Users/zhangjinbao/Documents/mango/pkg/network/tcp_client.go, line #58 
2022-03-13 14:12:18.719715000[warning] 异常,网关读取消息失败,info={0  0 0 },err=消息头读取失败,EOF << /Users/zhangjinbao/Documents/mango/pkg/network/tcp_client.go, line #51 
2022-03-13 14:12:18.722113000[ debug ] 服务间连接断开了,info={0  0 0 } << /Users/zhangjinbao/Documents/mango/pkg/network/tcp_client.go, line #58 
2022-03-13 14:12:18.722823000[ debug ] 服务间连接断开了,info={0  0 0 } << /Users/zhangjinbao/Documents/mango/pkg/network/tcp_client.go, line #58 
2022-03-13 14:12:18.719728000[warning] 异常,网关读取消息失败,info={0  0 0 },err=消息头读取失败,EOF << /Users/zhangjinbao/Documents/mango/pkg/network/tcp_client.go, line #51 
2022-03-13 14:12:18.722827000[ debug ] 服务间连接断开了,info={0  0 0 } << /Users/zhangjinbao/Documents/mango/pkg/network/tcp_client.go, line #58 
2022-03-13 14:12:18.722831000[ debug ] 服务间连接断开了,info={0  0 0 } << /Users/zhangjinbao/Documents/mango/pkg/network/tcp_client.go, line #58 
2022-03-13 14:12:18.722834000[ debug ] 服务间连接断开了,info={0  0 0 } << /Users/zhangjinbao/Documents/mango/pkg/network/tcp_client.go, line #58 
2022-03-13 14:12:18.722838000[ debug ] 服务间连接断开了,info={0  0 0 } << /Users/zhangjinbao/Documents/mango/pkg/network/tcp_client.go, line #58 
2022-03-13 14:12:18.722841000[ debug ] 服务间连接断开了,info={0  0 0 } << /Users/zhangjinbao/Documents/mango/pkg/network/tcp_client.go, line #58 
2022-03-13 14:12:18.719738000[warning] 异常,网关读取消息失败,info={0  0 0 },err=消息头读取失败,EOF << /Users/zhangjinbao/Documents/mango/pkg/network/tcp_client.go, line #51 
2022-03-13 14:12:18.727493000[ debug ] 服务间连接断开了,info={0  0 0 } << /Users/zhangjinbao/Documents/mango/pkg/network/tcp_client.go, line #58 
2022-03-13 14:12:18.719239000[warning] 异常,网关读取消息失败,info={0  0 0 },err=消息头读取失败,EOF << /Users/zhangjinbao/Documents/mango/pkg/network/tcp_client.go, line #51 
2022-03-13 14:12:18.719712000[ debug ] 服务间连接断开了,info={0  0 0 } << /Users/zhangjinbao/Documents/mango/pkg/network/tcp_client.go, line #58 
2022-03-13 14:12:18.722171000[warning] agentClient OnClose err=function [id=Disconnect] not registered << /Users/zhangjinbao/Documents/mango/pkg/network/tcp_server.go, line #110 
2022-03-13 14:12:18.719282000[warning] 异常,网关读取消息失败,info={0  0 0 },err=消息头读取失败,EOF << /Users/zhangjinbao/Documents/mango/pkg/network/tcp_client.go, line #51 
2022-03-13 14:12:18.727551000[ debug ] 服务间连接断开了,info={0  0 0 } << /Users/zhangjinbao/Documents/mango/pkg/network/tcp_client.go, line #58 
2022-03-13 14:12:18.722801000[ debug ] 服务间连接断开了,info={0  0 0 } << /Users/zhangjinbao/Documents/mango/pkg/network/tcp_client.go, line #58 
2022-03-13 14:12:18.727642000[ debug ] 服务间连接断开了,info={0  0 0 } << /Users/zhangjinbao/Documents/mango/pkg/network/tcp_client.go, line #58 
2022-03-13 14:12:18.720021000[warning] 异常,网关读取消息失败,info={0  0 0 },err=消息头读取失败,EOF << /Users/zhangjinbao/Documents/mango/pkg/network/tcp_client.go, line #51 
2022-03-13 14:12:18.722813000[ debug ] 服务间连接断开了,info={0  0 0 } << /Users/zhangjinbao/Documents/mango/pkg/network/tcp_client.go, line #58 
2022-03-13 14:12:18.722817000[ debug ] 服务间连接断开了,info={0  0 0 } << /Users/zhangjinbao/Documents/mango/pkg/network/tcp_client.go, line #58 
2022-03-13 14:12:18.722818000[ debug ] 服务间连接断开了,info={0  0 0 } << /Users/zhangjinbao/Documents/mango/pkg/network/tcp_client.go, line #58 
2022-03-13 14:12:18.722820000[ debug ] 服务间连接断开了,info={0  0 0 } << /Users/zhangjinbao/Documents/mango/pkg/network/tcp_client.go, line #58 
2022-03-13 14:12:18.720054000[warning] 异常,网关读取消息失败,info={0  0 0 },err=消息头读取失败,EOF << /Users/zhangjinbao/Documents/mango/pkg/network/tcp_client.go, line #51 
2022-03-13 14:12:18.723823000[ debug ] 服务间连接断开了,info={0  0 0 } << /Users/zhangjinbao/Documents/mango/pkg/network/tcp_client.go, line #58 
2022-03-13 14:12:18.720060000[ debug ] 服务间连接断开了,info={0  0 0 } << /Users/zhangjinbao/Documents/mango/pkg/network/tcp_client.go, line #58 
2022-03-13 14:12:18.722780000[ debug ] 服务间连接断开了,info={0  0 0 } << /Users/zhangjinbao/Documents/mango/pkg/network/tcp_client.go, line #58 
2022-03-13 14:12:18.722784000[ debug ] 服务间连接断开了,info={0  0 0 } << /Users/zhangjinbao/Documents/mango/pkg/network/tcp_client.go, line #58 
2022-03-13 14:12:18.722787000[ debug ] 服务间连接断开了,info={0  0 0 } << /Users/zhangjinbao/Documents/mango/pkg/network/tcp_client.go, line #58 
2022-03-13 14:12:18.719991000[warning] 异常,网关读取消息失败,info={0  0 0 },err=消息头读取失败,EOF << /Users/zhangjinbao/Documents/mango/pkg/network/tcp_client.go, line #51 
2022-03-13 14:12:18.727868000[ debug ] 服务间连接断开了,info={0  0 0 } << /Users/zhangjinbao/Documents/mango/pkg/network/tcp_client.go, line #58 
2022-03-13 14:12:18.720064000[warning] 异常,网关读取消息失败,info={0  0 0 },err=消息头读取失败,EOF << /Users/zhangjinbao/Documents/mango/pkg/network/tcp_client.go, line #51 
2022-03-13 14:12:18.727926000[ debug ] 服务间连接断开了,info={0  0 0 } << /Users/zhangjinbao/Documents/mango/pkg/network/tcp_client.go, line #58 
2022-03-13 14:12:18.723875000[ debug ] 服务间连接断开了,info={0  0 0 } << /Users/zhangjinbao/Documents/mango/pkg/network/tcp_client.go, line #58 
2022-03-13 14:12:18.720074000[warning] 异常,网关读取消息失败,info={0  0 0 },err=消息头读取失败,EOF << /Users/zhangjinbao/Documents/mango/pkg/network/tcp_client.go, line #51 
2022-03-13 14:12:18.722776000[ debug ] 服务间连接断开了,info={0  0 0 } << /Users/zhangjinbao/Documents/mango/pkg/network/tcp_client.go, line #58 
2022-03-13 14:12:18.722775000[ debug ] 服务间连接断开了,info={0  0 0 } << /Users/zhangjinbao/Documents/mango/pkg/network/tcp_client.go, line #58 
2022-03-13 14:12:18.727986000[ debug ] 服务间连接断开了,info={0  0 0 } << /Users/zhangjinbao/Documents/mango/pkg/network/tcp_client.go, line #58 
2022-03-13 14:12:18.722769000[ debug ] 服务间连接断开了,info={0  0 0 } << /Users/zhangjinbao/Documents/mango/pkg/network/tcp_client.go, line #58 
2022-03-13 14:12:18.724030000[ debug ] 服务间连接断开了,info={0  0 0 } << /Users/zhangjinbao/Documents/mango/pkg/network/tcp_client.go, line #58 
2022-03-13 14:12:18.723945000[ debug ] 服务间连接断开了,info={0  0 0 } << /Users/zhangjinbao/Documents/mango/pkg/network/tcp_client.go, line #58 
2022-03-13 14:12:18.724066000[ debug ] 服务间连接断开了,info={0  0 0 } << /Users/zhangjinbao/Documents/mango/pkg/network/tcp_client.go, line #58 
2022-03-13 14:12:18.724096000[ debug ] 服务间连接断开了,info={0  0 0 } << /Users/zhangjinbao/Documents/mango/pkg/network/tcp_client.go, line #58 
2022-03-13 14:12:18.719262000[warning] 异常,网关读取消息失败,info={0  0 0 },err=消息头读取失败,EOF << /Users/zhangjinbao/Documents/mango/pkg/network/tcp_client.go, line #51 
2022-03-13 14:12:18.724861000[ debug ] 服务间连接断开了,info={0  0 0 } << /Users/zhangjinbao/Documents/mango/pkg/network/tcp_client.go, line #58 
2022-03-13 14:12:18.719335000[ debug ] 服务间连接断开了,info={0  0 0 } << /Users/zhangjinbao/Documents/mango/pkg/network/tcp_client.go, line #58 
2022-03-13 14:12:18.724890000[ debug ] 服务间连接断开了,info={0  0 0 } << /Users/zhangjinbao/Documents/mango/pkg/network/tcp_client.go, line #58 
2022-03-13 14:12:18.719436000[warning] 异常,网关读取消息失败,info={0  0 0 },err=消息头读取失败,EOF << /Users/zhangjinbao/Documents/mango/pkg/network/tcp_client.go, line #51 
2022-03-13 14:12:18.728212000[ debug ] 服务间连接断开了,info={0  0 0 } << /Users/zhangjinbao/Documents/mango/pkg/network/tcp_client.go, line #58 
2022-03-13 14:12:18.719828000[ debug ] 服务间连接断开了,info={0  0 0 } << /Users/zhangjinbao/Documents/mango/pkg/network/tcp_client.go, line #58 
2022-03-13 14:12:18.719842000[warning] 异常,网关读取消息失败,info={0  0 0 },err=消息头读取失败,EOF << /Users/zhangjinbao/Documents/mango/pkg/network/tcp_client.go, line #51 
2022-03-13 14:12:18.719454000[warning] 异常,网关读取消息失败,info={0  0 0 },err=消息头读取失败,EOF << /Users/zhangjinbao/Documents/mango/pkg/network/tcp_client.go, line #51 
2022-03-13 14:12:18.725270000[ debug ] 服务间连接断开了,info={0  0 0 } << /Users/zhangjinbao/Documents/mango/pkg/network/tcp_client.go, line #58 
2022-03-13 14:12:18.718984000[warning] 异常,网关读取消息失败,info={0  0 0 },err=消息头读取失败,EOF << /Users/zhangjinbao/Documents/mango/pkg/network/tcp_client.go, line #51 
2022-03-13 14:12:18.728291000[ debug ] 服务间连接断开了,info={0  0 0 } << /Users/zhangjinbao/Documents/mango/pkg/network/tcp_client.go, line #58 
2022-03-13 14:12:18.725377000[ debug ] 服务间连接断开了,info={0  0 0 } << /Users/zhangjinbao/Documents/mango/pkg/network/tcp_client.go, line #58 
2022-03-13 14:12:18.725402000[ debug ] 服务间连接断开了,info={0  0 0 } << /Users/zhangjinbao/Documents/mango/pkg/network/tcp_client.go, line #58 
2022-03-13 14:12:18.725568000[ debug ] 服务间连接断开了,info={0  0 0 } << /Users/zhangjinbao/Documents/mango/pkg/network/tcp_client.go, line #58 
2022-03-13 14:12:18.725817000[ debug ] 服务间连接断开了,info={0  0 0 } << /Users/zhangjinbao/Documents/mango/pkg/network/tcp_client.go, line #58 
2022-03-13 14:12:18.720979000[ debug ] 服务间连接断开了,info={0  0 0 } << /Users/zhangjinbao/Documents/mango/pkg/network/tcp_client.go, line #58 
2022-03-13 14:12:18.719474000[warning] 异常,网关读取消息失败,info={0  0 0 },err=消息头读取失败,EOF << /Users/zhangjinbao/Documents/mango/pkg/network/tcp_client.go, line #51 
2022-03-13 14:12:18.728465000[ debug ] 服务间连接断开了,info={0  0 0 } << /Users/zhangjinbao/Documents/mango/pkg/network/tcp_client.go, line #58 
2022-03-13 14:12:18.726374000[ debug ] 服务间连接断开了,info={0  0 0 } << /Users/zhangjinbao/Documents/mango/pkg/network/tcp_client.go, line #58 
2022-03-13 14:12:18.726381000[ debug ] 服务间连接断开了,info={0  0 0 } << /Users/zhangjinbao/Documents/mango/pkg/network/tcp_client.go, line #58 
2022-03-13 14:12:18.722909000[ debug ] 服务间连接断开了,info={0  0 0 } << /Users/zhangjinbao/Documents/mango/pkg/network/tcp_client.go, line #58 
2022-03-13 14:12:18.726912000[ debug ] 服务间连接断开了,info={0  0 0 } << /Users/zhangjinbao/Documents/mango/pkg/network/tcp_client.go, line #58 
2022-03-13 14:12:18.727018000[ debug ] 服务间连接断开了,info={0  0 0 } << /Users/zhangjinbao/Documents/mango/pkg/network/tcp_client.go, line #58 
2022-03-13 14:12:18.727051000[ debug ] 服务间连接断开了,info={0  0 0 } << /Users/zhangjinbao/Documents/mango/pkg/network/tcp_client.go, line #58 
2022-03-13 14:12:18.723712000[ debug ] 服务间连接断开了,info={0  0 0 } << /Users/zhangjinbao/Documents/mango/pkg/network/tcp_client.go, line #58 
2022-03-13 14:12:18.727197000[ debug ] 服务间连接断开了,info={0  0 0 } << /Users/zhangjinbao/Documents/mango/pkg/network/tcp_client.go, line #58 
2022-03-13 14:12:18.727304000[ debug ] 服务间连接断开了,info={0  0 0 } << /Users/zhangjinbao/Documents/mango/pkg/network/tcp_client.go, line #58 
2022-03-13 14:12:18.727357000[ debug ] 服务间连接断开了,info={0  0 0 } << /Users/zhangjinbao/Documents/mango/pkg/network/tcp_client.go, line #58 
2022-03-13 14:12:18.722869000[ debug ] 服务间连接断开了,info={0  0 0 } << /Users/zhangjinbao/Documents/mango/pkg/network/tcp_client.go, line #58 
2022-03-13 14:12:18.722798000[ debug ] 服务间连接断开了,info={0  0 0 } << /Users/zhangjinbao/Documents/mango/pkg/network/tcp_client.go, line #58 
2022-03-13 14:12:18.722805000[ debug ] 服务间连接断开了,info={0  0 0 } << /Users/zhangjinbao/Documents/mango/pkg/network/tcp_client.go, line #58 
2022-03-13 14:12:18.727734000[ debug ] 服务间连接断开了,info={0  0 0 } << /Users/zhangjinbao/Documents/mango/pkg/network/tcp_client.go, line #58 
2022-03-13 14:12:18.727764000[ debug ] 服务间连接断开了,info={0  0 0 } << /Users/zhangjinbao/Documents/mango/pkg/network/tcp_client.go, line #58 
2022-03-13 14:12:18.723859000[ debug ] 服务间连接断开了,info={0  0 0 } << /Users/zhangjinbao/Documents/mango/pkg/network/tcp_client.go, line #58 
2022-03-13 14:12:18.720044000[warning] 异常,网关读取消息失败,info={0  0 0 },err=消息头读取失败,EOF << /Users/zhangjinbao/Documents/mango/pkg/network/tcp_client.go, line #51 
2022-03-13 14:12:18.720117000[warning] 异常,网关读取消息失败,info={0  0 0 },err=消息头读取失败,EOF << /Users/zhangjinbao/Documents/mango/pkg/network/tcp_client.go, line #51 
2022-03-13 14:12:18.728126000[ debug ] 服务间连接断开了,info={0  0 0 } << /Users/zhangjinbao/Documents/mango/pkg/network/tcp_client.go, line #58 
2022-03-13 14:12:18.728782000[ debug ] 服务间连接断开了,info={0  0 0 } << /Users/zhangjinbao/Documents/mango/pkg/network/tcp_client.go, line #58 
2022-03-13 14:12:18.728269000[ debug ] 服务间连接断开了,info={0  0 0 } << /Users/zhangjinbao/Documents/mango/pkg/network/tcp_client.go, line #58 
2022-03-13 14:12:18.728325000[ debug ] 服务间连接断开了,info={0  0 0 } << /Users/zhangjinbao/Documents/mango/pkg/network/tcp_client.go, line #58 
2022-03-13 14:12:18.720223000[ debug ] 服务间连接断开了,info={0  0 0 } << /Users/zhangjinbao/Documents/mango/pkg/network/tcp_client.go, line #58 
2022-03-13 14:12:18.726348000[ debug ] 服务间连接断开了,info={0  0 0 } << /Users/zhangjinbao/Documents/mango/pkg/network/tcp_client.go, line #58 
2022-03-13 14:12:18.728760000[ debug ] 服务间连接断开了,info={0  0 0 } << /Users/zhangjinbao/Documents/mango/pkg/network/tcp_client.go, line #58 
2022-03-13 14:12:18.719969000[warning] 异常,网关读取消息失败,info={0  0 0 },err=消息头读取失败,EOF << /Users/zhangjinbao/Documents/mango/pkg/network/tcp_client.go, line #51 
2022-03-13 14:12:18.728930000[ debug ] 服务间连接断开了,info={0  0 0 } << /Users/zhangjinbao/Documents/mango/pkg/network/tcp_client.go, line #58 
2022-03-13 14:12:18.986095000[warning] 异常,网关读取消息失败,info={1 list 6 80 0.0.0.0:10080},err=消息头读取失败,EOF << /Users/zhangjinbao/Documents/mango/pkg/network/tcp_client.go, line #51 
2022-03-13 14:12:18.986230000[ debug ] 服务间连接断开了,info={1 list 6 80 0.0.0.0:10080} << /Users/zhangjinbao/Documents/mango/pkg/network/tcp_client.go, line #58 
2022-03-13 14:12:18.986370000[warning] 异常,网关读取消息失败,info={1 list 6 80 },err=消息头读取失败,EOF << /Users/zhangjinbao/Documents/mango/pkg/network/tcp_server.go, line #104 
2022-03-13 14:12:18.986405000[warning] agentClient OnClose err=function [id=Disconnect] not registered << /Users/zhangjinbao/Documents/mango/pkg/network/tcp_server.go, line #110 
2022-03-13 14:12:19.151016000[warning] 异常,网关读取消息失败,info={1 property 7 90 0.0.0.0:10090},err=消息头读取失败,EOF << /Users/zhangjinbao/Documents/mango/pkg/network/tcp_client.go, line #51 
2022-03-13 14:12:19.151138000[ debug ] 服务间连接断开了,info={1 property 7 90 0.0.0.0:10090} << /Users/zhangjinbao/Documents/mango/pkg/network/tcp_client.go, line #58 
2022-03-13 14:12:19.151272000[warning] 异常,网关读取消息失败,info={1 property 7 90 },err=消息头读取失败,EOF << /Users/zhangjinbao/Documents/mango/pkg/network/tcp_server.go, line #104 
2022-03-13 14:12:19.151348000[warning] agentClient OnClose err=function [id=Disconnect] not registered << /Users/zhangjinbao/Documents/mango/pkg/network/tcp_server.go, line #110 
2022-03-13 14:12:19.320983000[warning] 异常,网关读取消息失败,info={1 table 8 1000 },err=消息头读取失败,EOF << /Users/zhangjinbao/Documents/mango/pkg/network/tcp_server.go, line #104 
2022-03-13 14:12:19.321050000[warning] agentClient OnClose err=function [id=Disconnect] not registered << /Users/zhangjinbao/Documents/mango/pkg/network/tcp_server.go, line #110 
2022-03-13 14:12:19.321166000[warning] 异常,网关读取消息失败,info={1 table 8 1000 0.0.0.0:11000},err=消息头读取失败,EOF << /Users/zhangjinbao/Documents/mango/pkg/network/tcp_client.go, line #51 
2022-03-13 14:12:19.321277000[ debug ] 服务间连接断开了,info={1 table 8 1000 0.0.0.0:11000} << /Users/zhangjinbao/Documents/mango/pkg/network/tcp_client.go, line #58 
2022-03-13 14:12:19.492459000[warning] 异常,网关读取消息失败,info={1 room 9 2000 },err=消息头读取失败,EOF << /Users/zhangjinbao/Documents/mango/pkg/network/tcp_server.go, line #104 
2022-03-13 14:12:19.492589000[warning] agentClient OnClose err=function [id=Disconnect] not registered << /Users/zhangjinbao/Documents/mango/pkg/network/tcp_server.go, line #110 
2022-03-13 14:12:19.492680000[warning] 异常,网关读取消息失败,info={1 room 9 2000 0.0.0.0:12000},err=消息头读取失败,EOF << /Users/zhangjinbao/Documents/mango/pkg/network/tcp_client.go, line #51 
2022-03-13 14:12:19.492836000[ debug ] 服务间连接断开了,info={1 room 9 2000 0.0.0.0:12000} << /Users/zhangjinbao/Documents/mango/pkg/network/tcp_client.go, line #58 
