2022-03-13 14:24:08.528728000[ debug ] 未指定中心服,使用默认地址,CenterAddr=127.0.0.1:10050 << /Users/zhangjinbao/Documents/mango/pkg/gate/gate.go, line #85 
2022-03-13 14:24:08.563878000[ debug ] 基础属性,{robot 10 3000 0.0.0.0:13000 127.0.0.1:10050} << /Users/zhangjinbao/Documents/mango/pkg/gate/gate.go, line #85 
2022-03-13 14:24:08.564190000[ debug ] Run,ListenOnAddr=0.0.0.0:13000 << /Users/zhangjinbao/Documents/mango/pkg/gate/gate.go, line #98 
2022-03-13 14:24:08.564260000[ debug ] 开始连接,info={1 center 2 0 127.0.0.1:10050} << /Users/zhangjinbao/Documents/mango/pkg/gate/gate.go, line #173 
2022-03-13 14:24:08.564706000[ debug ] 连接成功,info={1 center 2 0 127.0.0.1:10050} << /Users/zhangjinbao/Documents/mango/pkg/network/tcp_client.go, line #50 
2022-03-13 14:24:08.566268000[ info  ] 注册消息,regResult=0,CenterId=50,appName=room,appType=9,appId=2000,Addr=0.0.0.0:12000 << /Users/zhangjinbao/Documents/mango/pkg/network/tcp_client.go, line #51 
2022-03-13 14:24:08.566332000[ debug ] 开始连接,info={1 room 9 2000 0.0.0.0:12000} << /Users/zhangjinbao/Documents/mango/pkg/gate/servers.go, line #95 
2022-03-13 14:24:08.566401000[ info  ] 注册消息,regResult=0,CenterId=50,appName=robot,appType=10,appId=3000,Addr=0.0.0.0:13000 << /Users/zhangjinbao/Documents/mango/pkg/network/tcp_client.go, line #51 
2022-03-13 14:24:08.566450000[ info  ] 注册消息,regResult=0,CenterId=50,appName=config,appType=3,appId=60,Addr=0.0.0.0:10060 << /Users/zhangjinbao/Documents/mango/pkg/network/tcp_client.go, line #51 
2022-03-13 14:24:08.566490000[ debug ] 开始连接,info={1 config 3 60 0.0.0.0:10060} << /Users/zhangjinbao/Documents/mango/pkg/gate/servers.go, line #95 
2022-03-13 14:24:08.566529000[ info  ] 注册消息,regResult=0,CenterId=50,appName=gateway,appType=4,appId=100,Addr=0.0.0.0:10100 << /Users/zhangjinbao/Documents/mango/pkg/network/tcp_client.go, line #51 
2022-03-13 14:24:08.566560000[ debug ] 开始连接,info={1 gateway 4 100 0.0.0.0:10100} << /Users/zhangjinbao/Documents/mango/pkg/gate/servers.go, line #95 
2022-03-13 14:24:08.566605000[ info  ] 注册消息,regResult=0,CenterId=50,appName=list,appType=6,appId=80,Addr=0.0.0.0:10080 << /Users/zhangjinbao/Documents/mango/pkg/network/tcp_client.go, line #51 
2022-03-13 14:24:08.566637000[ debug ] 开始连接,info={1 list 6 80 0.0.0.0:10080} << /Users/zhangjinbao/Documents/mango/pkg/gate/servers.go, line #95 
2022-03-13 14:24:08.566777000[ info  ] 注册消息,regResult=0,CenterId=50,appName=property,appType=7,appId=90,Addr=0.0.0.0:10090 << /Users/zhangjinbao/Documents/mango/pkg/network/tcp_client.go, line #51 
2022-03-13 14:24:08.566816000[ debug ] 开始连接,info={1 property 7 90 0.0.0.0:10090} << /Users/zhangjinbao/Documents/mango/pkg/gate/servers.go, line #95 
2022-03-13 14:24:08.566876000[ info  ] 注册消息,regResult=0,CenterId=50,appName=table,appType=8,appId=1000,Addr=0.0.0.0:11000 << /Users/zhangjinbao/Documents/mango/pkg/network/tcp_client.go, line #51 
2022-03-13 14:24:08.566929000[ debug ] 开始连接,info={1 table 8 1000 0.0.0.0:11000} << /Users/zhangjinbao/Documents/mango/pkg/gate/servers.go, line #95 
2022-03-13 14:24:08.567504000[ debug ] 连接成功,info={1 config 3 60 0.0.0.0:10060} << /Users/zhangjinbao/Documents/mango/pkg/network/tcp_client.go, line #50 
2022-03-13 14:24:08.567581000[ info  ] 注册Apollo订阅，{10 3000 } << /Users/zhangjinbao/Documents/mango/pkg/gate/servers.go, line #53 
2022-03-13 14:24:08.567700000[ debug ] 连接成功,info={1 room 9 2000 0.0.0.0:12000} << /Users/zhangjinbao/Documents/mango/pkg/network/tcp_client.go, line #50 
2022-03-13 14:24:08.567826000[ debug ] 连接成功,info={1 table 8 1000 0.0.0.0:11000} << /Users/zhangjinbao/Documents/mango/pkg/network/tcp_client.go, line #50 
2022-03-13 14:24:08.567954000[ debug ] 连接成功,info={1 property 7 90 0.0.0.0:10090} << /Users/zhangjinbao/Documents/mango/pkg/network/tcp_client.go, line #50 
2022-03-13 14:24:08.568032000[ debug ] 连接成功,info={1 list 6 80 0.0.0.0:10080} << /Users/zhangjinbao/Documents/mango/pkg/network/tcp_client.go, line #50 
2022-03-13 14:24:08.568159000[ debug ] 连接成功,info={1 gateway 4 100 0.0.0.0:10100} << /Users/zhangjinbao/Documents/mango/pkg/network/tcp_client.go, line #50 
2022-03-13 14:24:08.568324000[ debug ] 相互注册,{1 room 9 2000 } << /Users/zhangjinbao/Documents/mango/pkg/network/tcp_server.go, line #104 
2022-03-13 14:24:08.568441000[ debug ] 相互注册,{1 table 8 1000 } << /Users/zhangjinbao/Documents/mango/pkg/network/tcp_server.go, line #104 
2022-03-13 14:24:08.568445000[ debug ] 相互注册,{1 config 3 60 } << /Users/zhangjinbao/Documents/mango/pkg/network/tcp_server.go, line #104 
2022-03-13 14:24:08.568490000[ debug ] 相互注册,{1 list 6 80 } << /Users/zhangjinbao/Documents/mango/pkg/network/tcp_server.go, line #104 
2022-03-13 14:24:08.568548000[ debug ] 相互注册,{1 property 7 90 } << /Users/zhangjinbao/Documents/mango/pkg/network/tcp_server.go, line #104 
2022-03-13 14:24:08.568556000[ debug ] 相互注册,{1 gateway 4 100 } << /Users/zhangjinbao/Documents/mango/pkg/network/tcp_server.go, line #104 
2022-03-13 14:24:08.569912000[ info  ] 连接日志服务器,Addr=127.0.0.1:10001 << /Users/zhangjinbao/Documents/mango/pkg/gate/gate.go, line #205 
2022-03-13 14:24:08.569961000[ debug ] 开始创建,robotCount=1000 << /Users/zhangjinbao/Documents/mango/pkg/chanrpc/chanrpc.go, line #117 
2022-03-13 14:24:08.572973000[ info  ] 日志服务器连接成功 << /Users/zhangjinbao/Documents/mango/pkg/network/tcp_client.go, line #50 
2022-03-13 14:51:05.059831000[ info  ] 日志服务器断开 << /Users/zhangjinbao/Documents/mango/pkg/network/tcp_client.go, line #58 
2022-03-13 14:51:05.149566000[warning] 异常,网关读取消息失败,info={1 center 2 0 127.0.0.1:10050},err=消息头读取失败,EOF << /Users/zhangjinbao/Documents/mango/pkg/network/tcp_client.go, line #51 
2022-03-13 14:51:05.149835000[ debug ] 服务间连接断开了,info={1 center 2 0 127.0.0.1:10050} << /Users/zhangjinbao/Documents/mango/pkg/network/tcp_client.go, line #58 
2022-03-13 14:51:05.149873000[warning] 异常,与center连接断开,世界需要重启... ... << /Users/zhangjinbao/Documents/mango/pkg/network/tcp_client.go, line #58 
2022-03-13 14:51:05.233571000[warning] 异常,网关读取消息失败,info={1 config 3 60 },err=消息头读取失败,EOF << /Users/zhangjinbao/Documents/mango/pkg/network/tcp_server.go, line #104 
2022-03-13 14:51:05.233688000[warning] agentClient OnClose err=function [id=Disconnect] not registered << /Users/zhangjinbao/Documents/mango/pkg/network/tcp_server.go, line #110 
2022-03-13 14:51:05.233850000[warning] 异常,网关读取消息失败,info={1 config 3 60 0.0.0.0:10060},err=消息头读取失败,EOF << /Users/zhangjinbao/Documents/mango/pkg/network/tcp_client.go, line #51 
2022-03-13 14:51:05.233897000[ debug ] 服务间连接断开了,info={1 config 3 60 0.0.0.0:10060} << /Users/zhangjinbao/Documents/mango/pkg/network/tcp_client.go, line #58 
2022-03-13 14:51:05.233999000[warning] 异常,网关读取消息失败,info={1 config 3 60 },err=消息头读取失败,EOF << /Users/zhangjinbao/Documents/mango/pkg/network/tcp_server.go, line #104 
2022-03-13 14:51:05.234039000[warning] agentClient OnClose err=function [id=Disconnect] not registered << /Users/zhangjinbao/Documents/mango/pkg/network/tcp_server.go, line #110 
2022-03-13 14:51:05.317532000[warning] 异常,网关读取消息失败,info={0  0 0 },err=消息头读取失败,EOF << /Users/zhangjinbao/Documents/mango/pkg/network/tcp_client.go, line #51 
2022-03-13 14:51:05.317659000[ debug ] 服务间连接断开了,info={0  0 0 } << /Users/zhangjinbao/Documents/mango/pkg/network/tcp_client.go, line #58 
2022-03-13 14:51:05.317712000[warning] 异常,网关读取消息失败,info={0  0 0 },err=消息头读取失败,EOF << /Users/zhangjinbao/Documents/mango/pkg/network/tcp_client.go, line #51 
2022-03-13 14:51:05.317740000[ debug ] 服务间连接断开了,info={0  0 0 } << /Users/zhangjinbao/Documents/mango/pkg/network/tcp_client.go, line #58 
2022-03-13 14:51:05.317780000[warning] 异常,网关读取消息失败,info={0  0 0 },err=消息头读取失败,EOF << /Users/zhangjinbao/Documents/mango/pkg/network/tcp_client.go, line #51 
2022-03-13 14:51:05.318226000[warning] 异常,网关读取消息失败,info={0  0 0 },err=消息头读取失败,EOF << /Users/zhangjinbao/Documents/mango/pkg/network/tcp_client.go, line #51 
2022-03-13 14:51:05.318244000[ debug ] 服务间连接断开了,info={0  0 0 } << /Users/zhangjinbao/Documents/mango/pkg/network/tcp_client.go, line #58 
2022-03-13 14:51:05.318283000[warning] 异常,网关读取消息失败,info={0  0 0 },err=消息头读取失败,EOF << /Users/zhangjinbao/Documents/mango/pkg/network/tcp_client.go, line #51 
2022-03-13 14:51:05.317946000[warning] 异常,网关读取消息失败,info={0  0 0 },err=消息头读取失败,EOF << /Users/zhangjinbao/Documents/mango/pkg/network/tcp_client.go, line #51 
2022-03-13 14:51:05.318341000[ debug ] 服务间连接断开了,info={0  0 0 } << /Users/zhangjinbao/Documents/mango/pkg/network/tcp_client.go, line #58 
2022-03-13 14:51:05.318338000[warning] 异常,网关读取消息失败,info={0  0 0 },err=消息头读取失败,EOF << /Users/zhangjinbao/Documents/mango/pkg/network/tcp_client.go, line #51 
2022-03-13 14:51:05.318371000[warning] 异常,网关读取消息失败,info={0  0 0 },err=消息头读取失败,EOF << /Users/zhangjinbao/Documents/mango/pkg/network/tcp_client.go, line #51 
2022-03-13 14:51:05.318385000[ debug ] 服务间连接断开了,info={0  0 0 } << /Users/zhangjinbao/Documents/mango/pkg/network/tcp_client.go, line #58 
2022-03-13 14:51:05.318397000[ debug ] 服务间连接断开了,info={0  0 0 } << /Users/zhangjinbao/Documents/mango/pkg/network/tcp_client.go, line #58 
2022-03-13 14:51:05.318021000[warning] 异常,网关读取消息失败,info={0  0 0 },err=消息头读取失败,EOF << /Users/zhangjinbao/Documents/mango/pkg/network/tcp_client.go, line #51 
2022-03-13 14:51:05.318425000[warning] 异常,网关读取消息失败,info={0  0 0 },err=消息头读取失败,EOF << /Users/zhangjinbao/Documents/mango/pkg/network/tcp_client.go, line #51 
2022-03-13 14:51:05.318449000[ debug ] 服务间连接断开了,info={0  0 0 } << /Users/zhangjinbao/Documents/mango/pkg/network/tcp_client.go, line #58 
2022-03-13 14:51:05.318117000[warning] 异常,网关读取消息失败,info={0  0 0 },err=消息头读取失败,EOF << /Users/zhangjinbao/Documents/mango/pkg/network/tcp_client.go, line #51 
2022-03-13 14:51:05.318487000[ debug ] 服务间连接断开了,info={0  0 0 } << /Users/zhangjinbao/Documents/mango/pkg/network/tcp_client.go, line #58 
2022-03-13 14:51:05.318138000[warning] 异常,网关读取消息失败,info={0  0 0 },err=消息头读取失败,EOF << /Users/zhangjinbao/Documents/mango/pkg/network/tcp_client.go, line #51 
2022-03-13 14:51:05.318515000[warning] 异常,网关读取消息失败,info={0  0 0 },err=消息头读取失败,EOF << /Users/zhangjinbao/Documents/mango/pkg/network/tcp_client.go, line #51 
2022-03-13 14:51:05.318542000[ debug ] 服务间连接断开了,info={0  0 0 } << /Users/zhangjinbao/Documents/mango/pkg/network/tcp_client.go, line #58 
2022-03-13 14:51:05.318551000[warning] 异常,网关读取消息失败,info={0  0 0 },err=消息头读取失败,EOF << /Users/zhangjinbao/Documents/mango/pkg/network/tcp_client.go, line #51 
2022-03-13 14:51:05.318568000[warning] 异常,网关读取消息失败,info={0  0 0 },err=消息头读取失败,EOF << /Users/zhangjinbao/Documents/mango/pkg/network/tcp_client.go, line #51 
2022-03-13 14:51:05.318587000[ debug ] 服务间连接断开了,info={0  0 0 } << /Users/zhangjinbao/Documents/mango/pkg/network/tcp_client.go, line #58 
2022-03-13 14:51:05.318205000[warning] 异常,网关读取消息失败,info={0  0 0 },err=消息头读取失败,EOF << /Users/zhangjinbao/Documents/mango/pkg/network/tcp_client.go, line #51 
2022-03-13 14:51:05.318627000[ debug ] 服务间连接断开了,info={0  0 0 } << /Users/zhangjinbao/Documents/mango/pkg/network/tcp_client.go, line #58 
2022-03-13 14:51:05.318255000[ debug ] 服务间连接断开了,info={0  0 0 } << /Users/zhangjinbao/Documents/mango/pkg/network/tcp_client.go, line #58 
2022-03-13 14:51:05.318673000[warning] 异常,网关读取消息失败,info={0  0 0 },err=消息头读取失败,EOF << /Users/zhangjinbao/Documents/mango/pkg/network/tcp_client.go, line #51 
2022-03-13 14:51:05.318699000[warning] 异常,网关读取消息失败,info={0  0 0 },err=消息头读取失败,EOF << /Users/zhangjinbao/Documents/mango/pkg/network/tcp_client.go, line #51 
2022-03-13 14:51:05.318724000[ debug ] 服务间连接断开了,info={0  0 0 } << /Users/zhangjinbao/Documents/mango/pkg/network/tcp_client.go, line #58 
2022-03-13 14:51:05.318414000[warning] 异常,网关读取消息失败,info={0  0 0 },err=消息头读取失败,EOF << /Users/zhangjinbao/Documents/mango/pkg/network/tcp_client.go, line #51 
2022-03-13 14:51:05.318755000[warning] 异常,网关读取消息失败,info={0  0 0 },err=消息头读取失败,EOF << /Users/zhangjinbao/Documents/mango/pkg/network/tcp_client.go, line #51 
2022-03-13 14:51:05.318787000[warning] 异常,网关读取消息失败,info={0  0 0 },err=消息头读取失败,EOF << /Users/zhangjinbao/Documents/mango/pkg/network/tcp_client.go, line #51 
2022-03-13 14:51:05.318814000[ debug ] 服务间连接断开了,info={0  0 0 } << /Users/zhangjinbao/Documents/mango/pkg/network/tcp_client.go, line #58 
2022-03-13 14:51:05.318525000[ debug ] 服务间连接断开了,info={0  0 0 } << /Users/zhangjinbao/Documents/mango/pkg/network/tcp_client.go, line #58 
2022-03-13 14:51:05.318170000[warning] 异常,网关读取消息失败,info={0  0 0 },err=消息头读取失败,EOF << /Users/zhangjinbao/Documents/mango/pkg/network/tcp_client.go, line #51 
2022-03-13 14:51:05.318858000[warning] 异常,网关读取消息失败,info={0  0 0 },err=消息头读取失败,EOF << /Users/zhangjinbao/Documents/mango/pkg/network/tcp_client.go, line #51 
2022-03-13 14:51:05.318890000[warning] 异常,网关读取消息失败,info={0  0 0 },err=消息头读取失败,EOF << /Users/zhangjinbao/Documents/mango/pkg/network/tcp_client.go, line #51 
2022-03-13 14:51:05.318919000[ debug ] 服务间连接断开了,info={0  0 0 } << /Users/zhangjinbao/Documents/mango/pkg/network/tcp_client.go, line #58 
2022-03-13 14:51:05.318663000[warning] 异常,网关读取消息失败,info={0  0 0 },err=消息头读取失败,EOF << /Users/zhangjinbao/Documents/mango/pkg/network/tcp_client.go, line #51 
2022-03-13 14:51:05.318947000[warning] 异常,网关读取消息失败,info={0  0 0 },err=消息头读取失败,EOF << /Users/zhangjinbao/Documents/mango/pkg/network/tcp_client.go, line #51 
2022-03-13 14:51:05.318975000[ debug ] 服务间连接断开了,info={0  0 0 } << /Users/zhangjinbao/Documents/mango/pkg/network/tcp_client.go, line #58 
2022-03-13 14:51:05.318705000[ debug ] 服务间连接断开了,info={0  0 0 } << /Users/zhangjinbao/Documents/mango/pkg/network/tcp_client.go, line #58 
2022-03-13 14:51:05.318730000[warning] 异常,网关读取消息失败,info={0  0 0 },err=消息头读取失败,EOF << /Users/zhangjinbao/Documents/mango/pkg/network/tcp_client.go, line #51 
2022-03-13 14:51:05.319023000[warning] 异常,网关读取消息失败,info={0  0 0 },err=消息头读取失败,EOF << /Users/zhangjinbao/Documents/mango/pkg/network/tcp_client.go, line #51 
2022-03-13 14:51:05.319049000[ debug ] 服务间连接断开了,info={0  0 0 } << /Users/zhangjinbao/Documents/mango/pkg/network/tcp_client.go, line #58 
2022-03-13 14:51:05.318821000[ debug ] 服务间连接断开了,info={0  0 0 } << /Users/zhangjinbao/Documents/mango/pkg/network/tcp_client.go, line #58 
2022-03-13 14:51:05.318847000[warning] 异常,网关读取消息失败,info={0  0 0 },err=消息头读取失败,EOF << /Users/zhangjinbao/Documents/mango/pkg/network/tcp_client.go, line #51 
2022-03-13 14:51:05.319092000[warning] 异常,网关读取消息失败,info={0  0 0 },err=消息头读取失败,EOF << /Users/zhangjinbao/Documents/mango/pkg/network/tcp_client.go, line #51 
2022-03-13 14:51:05.319127000[warning] 异常,网关读取消息失败,info={0  0 0 },err=消息头读取失败,EOF << /Users/zhangjinbao/Documents/mango/pkg/network/tcp_client.go, line #51 
2022-03-13 14:51:05.319168000[ debug ] 服务间连接断开了,info={0  0 0 } << /Users/zhangjinbao/Documents/mango/pkg/network/tcp_client.go, line #58 
2022-03-13 14:51:05.318978000[warning] 异常,网关读取消息失败,info={0  0 0 },err=消息头读取失败,EOF << /Users/zhangjinbao/Documents/mango/pkg/network/tcp_client.go, line #51 
2022-03-13 14:51:05.319206000[warning] 异常,网关读取消息失败,info={0  0 0 },err=消息头读取失败,EOF << /Users/zhangjinbao/Documents/mango/pkg/network/tcp_client.go, line #51 
2022-03-13 14:51:05.319235000[warning] 异常,网关读取消息失败,info={0  0 0 },err=消息头读取失败,EOF << /Users/zhangjinbao/Documents/mango/pkg/network/tcp_client.go, line #51 
2022-03-13 14:51:05.319264000[warning] 异常,网关读取消息失败,info={0  0 0 },err=消息头读取失败,EOF << /Users/zhangjinbao/Documents/mango/pkg/network/tcp_client.go, line #51 
2022-03-13 14:51:05.319289000[ debug ] 服务间连接断开了,info={0  0 0 } << /Users/zhangjinbao/Documents/mango/pkg/network/tcp_client.go, line #58 
2022-03-13 14:51:05.319080000[warning] 异常,网关读取消息失败,info={0  0 0 },err=消息头读取失败,EOF << /Users/zhangjinbao/Documents/mango/pkg/network/tcp_client.go, line #51 
2022-03-13 14:51:05.319345000[ debug ] 服务间连接断开了,info={0  0 0 } << /Users/zhangjinbao/Documents/mango/pkg/network/tcp_client.go, line #58 
2022-03-13 14:51:05.319174000[ debug ] 服务间连接断开了,info={0  0 0 } << /Users/zhangjinbao/Documents/mango/pkg/network/tcp_client.go, line #58 
2022-03-13 14:51:05.319211000[ debug ] 服务间连接断开了,info={0  0 0 } << /Users/zhangjinbao/Documents/mango/pkg/network/tcp_client.go, line #58 
2022-03-13 14:51:05.319239000[ debug ] 服务间连接断开了,info={0  0 0 } << /Users/zhangjinbao/Documents/mango/pkg/network/tcp_client.go, line #58 
2022-03-13 14:51:05.319291000[ debug ] 服务间连接断开了,info={0  0 0 } << /Users/zhangjinbao/Documents/mango/pkg/network/tcp_client.go, line #58 
2022-03-13 14:51:05.319425000[warning] 异常,网关读取消息失败,info={0  0 0 },err=消息头读取失败,EOF << /Users/zhangjinbao/Documents/mango/pkg/network/tcp_client.go, line #51 
2022-03-13 14:51:05.319448000[ debug ] 服务间连接断开了,info={0  0 0 } << /Users/zhangjinbao/Documents/mango/pkg/network/tcp_client.go, line #58 
2022-03-13 14:51:05.319486000[warning] 异常,网关读取消息失败,info={0  0 0 },err=消息头读取失败,EOF << /Users/zhangjinbao/Documents/mango/pkg/network/tcp_client.go, line #51 
2022-03-13 14:51:05.319510000[ debug ] 服务间连接断开了,info={0  0 0 } << /Users/zhangjinbao/Documents/mango/pkg/network/tcp_client.go, line #58 
2022-03-13 14:51:05.319574000[warning] 异常,网关读取消息失败,info={0  0 0 },err=消息头读取失败,EOF << /Users/zhangjinbao/Documents/mango/pkg/network/tcp_client.go, line #51 
2022-03-13 14:51:05.319606000[ debug ] 服务间连接断开了,info={0  0 0 } << /Users/zhangjinbao/Documents/mango/pkg/network/tcp_client.go, line #58 
2022-03-13 14:51:05.319692000[warning] 异常,网关读取消息失败,info={0  0 0 },err=消息头读取失败,EOF << /Users/zhangjinbao/Documents/mango/pkg/network/tcp_client.go, line #51 
2022-03-13 14:51:05.319723000[ debug ] 服务间连接断开了,info={0  0 0 } << /Users/zhangjinbao/Documents/mango/pkg/network/tcp_client.go, line #58 
2022-03-13 14:51:05.319764000[warning] 异常,网关读取消息失败,info={0  0 0 },err=消息头读取失败,EOF << /Users/zhangjinbao/Documents/mango/pkg/network/tcp_client.go, line #51 
2022-03-13 14:51:05.319792000[ debug ] 服务间连接断开了,info={0  0 0 } << /Users/zhangjinbao/Documents/mango/pkg/network/tcp_client.go, line #58 
2022-03-13 14:51:05.319871000[warning] 异常,网关读取消息失败,info={0  0 0 },err=消息头读取失败,EOF << /Users/zhangjinbao/Documents/mango/pkg/network/tcp_client.go, line #51 
2022-03-13 14:51:05.319900000[ debug ] 服务间连接断开了,info={0  0 0 } << /Users/zhangjinbao/Documents/mango/pkg/network/tcp_client.go, line #58 
2022-03-13 14:51:05.319962000[warning] 异常,网关读取消息失败,info={0  0 0 },err=消息头读取失败,EOF << /Users/zhangjinbao/Documents/mango/pkg/network/tcp_client.go, line #51 
2022-03-13 14:51:05.319988000[ debug ] 服务间连接断开了,info={0  0 0 } << /Users/zhangjinbao/Documents/mango/pkg/network/tcp_client.go, line #58 
2022-03-13 14:51:05.320045000[warning] 异常,网关读取消息失败,info={0  0 0 },err=消息头读取失败,EOF << /Users/zhangjinbao/Documents/mango/pkg/network/tcp_client.go, line #51 
2022-03-13 14:51:05.320072000[ debug ] 服务间连接断开了,info={0  0 0 } << /Users/zhangjinbao/Documents/mango/pkg/network/tcp_client.go, line #58 
2022-03-13 14:51:05.318046000[warning] 异常,网关读取消息失败,info={0  0 0 },err=消息头读取失败,EOF << /Users/zhangjinbao/Documents/mango/pkg/network/tcp_client.go, line #51 
2022-03-13 14:51:05.320466000[warning] 异常,网关读取消息失败,info={0  0 0 },err=消息头读取失败,EOF << /Users/zhangjinbao/Documents/mango/pkg/network/tcp_client.go, line #51 
2022-03-13 14:51:05.320479000[ debug ] 服务间连接断开了,info={0  0 0 } << /Users/zhangjinbao/Documents/mango/pkg/network/tcp_client.go, line #58 
2022-03-13 14:51:05.320493000[ debug ] 服务间连接断开了,info={0  0 0 } << /Users/zhangjinbao/Documents/mango/pkg/network/tcp_client.go, line #58 
2022-03-13 14:51:05.320522000[warning] 异常,网关读取消息失败,info={0  0 0 },err=消息头读取失败,EOF << /Users/zhangjinbao/Documents/mango/pkg/network/tcp_client.go, line #51 
2022-03-13 14:51:05.320550000[ debug ] 服务间连接断开了,info={0  0 0 } << /Users/zhangjinbao/Documents/mango/pkg/network/tcp_client.go, line #58 
2022-03-13 14:51:05.320565000[warning] 异常,网关读取消息失败,info={0  0 0 },err=消息头读取失败,EOF << /Users/zhangjinbao/Documents/mango/pkg/network/tcp_client.go, line #51 
2022-03-13 14:51:05.320591000[warning] 异常,网关读取消息失败,info={0  0 0 },err=消息头读取失败,EOF << /Users/zhangjinbao/Documents/mango/pkg/network/tcp_client.go, line #51 
2022-03-13 14:51:05.320620000[ debug ] 服务间连接断开了,info={0  0 0 } << /Users/zhangjinbao/Documents/mango/pkg/network/tcp_client.go, line #58 
2022-03-13 14:51:05.320647000[warning] 异常,网关读取消息失败,info={0  0 0 },err=消息头读取失败,EOF << /Users/zhangjinbao/Documents/mango/pkg/network/tcp_client.go, line #51 
2022-03-13 14:51:05.320660000[warning] 异常,网关读取消息失败,info={0  0 0 },err=消息头读取失败,EOF << /Users/zhangjinbao/Documents/mango/pkg/network/tcp_client.go, line #51 
2022-03-13 14:51:05.320698000[ debug ] 服务间连接断开了,info={0  0 0 } << /Users/zhangjinbao/Documents/mango/pkg/network/tcp_client.go, line #58 
2022-03-13 14:51:05.320728000[warning] 异常,网关读取消息失败,info={0  0 0 },err=消息头读取失败,EOF << /Users/zhangjinbao/Documents/mango/pkg/network/tcp_client.go, line #51 
2022-03-13 14:51:05.320753000[warning] 异常,网关读取消息失败,info={0  0 0 },err=消息头读取失败,EOF << /Users/zhangjinbao/Documents/mango/pkg/network/tcp_client.go, line #51 
2022-03-13 14:51:05.320781000[ debug ] 服务间连接断开了,info={0  0 0 } << /Users/zhangjinbao/Documents/mango/pkg/network/tcp_client.go, line #58 
2022-03-13 14:51:05.320812000[warning] 异常,网关读取消息失败,info={0  0 0 },err=消息头读取失败,EOF << /Users/zhangjinbao/Documents/mango/pkg/network/tcp_client.go, line #51 
2022-03-13 14:51:05.320836000[warning] 异常,网关读取消息失败,info={0  0 0 },err=消息头读取失败,EOF << /Users/zhangjinbao/Documents/mango/pkg/network/tcp_client.go, line #51 
2022-03-13 14:51:05.320863000[ debug ] 服务间连接断开了,info={0  0 0 } << /Users/zhangjinbao/Documents/mango/pkg/network/tcp_client.go, line #58 
2022-03-13 14:51:05.320895000[warning] 异常,网关读取消息失败,info={0  0 0 },err=消息头读取失败,EOF << /Users/zhangjinbao/Documents/mango/pkg/network/tcp_client.go, line #51 
2022-03-13 14:51:05.320938000[warning] 异常,网关读取消息失败,info={0  0 0 },err=消息头读取失败,EOF << /Users/zhangjinbao/Documents/mango/pkg/network/tcp_client.go, line #51 
2022-03-13 14:51:05.320968000[ debug ] 服务间连接断开了,info={0  0 0 } << /Users/zhangjinbao/Documents/mango/pkg/network/tcp_client.go, line #58 
2022-03-13 14:51:05.320927000[warning] 异常,网关读取消息失败,info={0  0 0 },err=消息头读取失败,EOF << /Users/zhangjinbao/Documents/mango/pkg/network/tcp_client.go, line #51 
2022-03-13 14:51:05.321003000[warning] 异常,网关读取消息失败,info={0  0 0 },err=消息头读取失败,EOF << /Users/zhangjinbao/Documents/mango/pkg/network/tcp_client.go, line #51 
2022-03-13 14:51:05.321032000[ debug ] 服务间连接断开了,info={0  0 0 } << /Users/zhangjinbao/Documents/mango/pkg/network/tcp_client.go, line #58 
2022-03-13 14:51:05.321046000[warning] 异常,网关读取消息失败,info={0  0 0 },err=消息头读取失败,EOF << /Users/zhangjinbao/Documents/mango/pkg/network/tcp_client.go, line #51 
2022-03-13 14:51:05.321060000[warning] 异常,网关读取消息失败,info={0  0 0 },err=消息头读取失败,EOF << /Users/zhangjinbao/Documents/mango/pkg/network/tcp_client.go, line #51 
2022-03-13 14:51:05.321071000[ debug ] 服务间连接断开了,info={0  0 0 } << /Users/zhangjinbao/Documents/mango/pkg/network/tcp_client.go, line #58 
2022-03-13 14:51:05.321083000[ debug ] 服务间连接断开了,info={0  0 0 } << /Users/zhangjinbao/Documents/mango/pkg/network/tcp_client.go, line #58 
2022-03-13 14:51:05.321111000[warning] 异常,网关读取消息失败,info={0  0 0 },err=消息头读取失败,EOF << /Users/zhangjinbao/Documents/mango/pkg/network/tcp_client.go, line #51 
2022-03-13 14:51:05.321137000[ debug ] 服务间连接断开了,info={0  0 0 } << /Users/zhangjinbao/Documents/mango/pkg/network/tcp_client.go, line #58 
2022-03-13 14:51:05.321152000[warning] 异常,网关读取消息失败,info={0  0 0 },err=消息头读取失败,EOF << /Users/zhangjinbao/Documents/mango/pkg/network/tcp_client.go, line #51 
2022-03-13 14:51:05.321200000[warning] 异常,网关读取消息失败,info={0  0 0 },err=消息头读取失败,EOF << /Users/zhangjinbao/Documents/mango/pkg/network/tcp_client.go, line #51 
2022-03-13 14:51:05.321232000[ debug ] 服务间连接断开了,info={0  0 0 } << /Users/zhangjinbao/Documents/mango/pkg/network/tcp_client.go, line #58 
2022-03-13 14:51:05.321245000[warning] 异常,网关读取消息失败,info={0  0 0 },err=消息头读取失败,EOF << /Users/zhangjinbao/Documents/mango/pkg/network/tcp_client.go, line #51 
2022-03-13 14:51:05.321263000[warning] 异常,网关读取消息失败,info={0  0 0 },err=消息头读取失败,EOF << /Users/zhangjinbao/Documents/mango/pkg/network/tcp_client.go, line #51 
2022-03-13 14:51:05.321289000[ debug ] 服务间连接断开了,info={0  0 0 } << /Users/zhangjinbao/Documents/mango/pkg/network/tcp_client.go, line #58 
2022-03-13 14:51:05.321271000[ debug ] 服务间连接断开了,info={0  0 0 } << /Users/zhangjinbao/Documents/mango/pkg/network/tcp_client.go, line #58 
2022-03-13 14:51:05.321324000[warning] 异常,网关读取消息失败,info={0  0 0 },err=消息头读取失败,EOF << /Users/zhangjinbao/Documents/mango/pkg/network/tcp_client.go, line #51 
2022-03-13 14:51:05.321346000[warning] 异常,网关读取消息失败,info={0  0 0 },err=消息头读取失败,EOF << /Users/zhangjinbao/Documents/mango/pkg/network/tcp_client.go, line #51 
2022-03-13 14:51:05.321370000[ debug ] 服务间连接断开了,info={0  0 0 } << /Users/zhangjinbao/Documents/mango/pkg/network/tcp_client.go, line #58 
2022-03-13 14:51:05.321350000[warning] 异常,网关读取消息失败,info={1 gateway 4 100 },err=消息头读取失败,EOF << /Users/zhangjinbao/Documents/mango/pkg/network/tcp_server.go, line #104 
2022-03-13 14:51:05.321399000[warning] 异常,网关读取消息失败,info={0  0 0 },err=消息头读取失败,EOF << /Users/zhangjinbao/Documents/mango/pkg/network/tcp_client.go, line #51 
2022-03-13 14:51:05.321410000[warning] agentClient OnClose err=function [id=Disconnect] not registered << /Users/zhangjinbao/Documents/mango/pkg/network/tcp_server.go, line #110 
2022-03-13 14:51:05.321448000[warning] 异常,网关读取消息失败,info={0  0 0 },err=消息头读取失败,EOF << /Users/zhangjinbao/Documents/mango/pkg/network/tcp_client.go, line #51 
2022-03-13 14:51:05.321462000[warning] 异常,网关读取消息失败,info={0  0 0 },err=消息头读取失败,EOF << /Users/zhangjinbao/Documents/mango/pkg/network/tcp_client.go, line #51 
2022-03-13 14:51:05.321475000[ debug ] 服务间连接断开了,info={0  0 0 } << /Users/zhangjinbao/Documents/mango/pkg/network/tcp_client.go, line #58 
2022-03-13 14:51:05.321487000[ debug ] 服务间连接断开了,info={0  0 0 } << /Users/zhangjinbao/Documents/mango/pkg/network/tcp_client.go, line #58 
2022-03-13 14:51:05.321504000[warning] 异常,网关读取消息失败,info={0  0 0 },err=消息头读取失败,EOF << /Users/zhangjinbao/Documents/mango/pkg/network/tcp_client.go, line #51 
2022-03-13 14:51:05.321524000[warning] 异常,网关读取消息失败,info={0  0 0 },err=消息头读取失败,EOF << /Users/zhangjinbao/Documents/mango/pkg/network/tcp_client.go, line #51 
2022-03-13 14:51:05.321538000[warning] 异常,网关读取消息失败,info={0  0 0 },err=消息头读取失败,EOF << /Users/zhangjinbao/Documents/mango/pkg/network/tcp_client.go, line #51 
2022-03-13 14:51:05.321554000[ debug ] 服务间连接断开了,info={0  0 0 } << /Users/zhangjinbao/Documents/mango/pkg/network/tcp_client.go, line #58 
2022-03-13 14:51:05.321568000[ debug ] 服务间连接断开了,info={0  0 0 } << /Users/zhangjinbao/Documents/mango/pkg/network/tcp_client.go, line #58 
2022-03-13 14:51:05.321581000[warning] 异常,网关读取消息失败,info={0  0 0 },err=消息头读取失败,EOF << /Users/zhangjinbao/Documents/mango/pkg/network/tcp_client.go, line #51 
2022-03-13 14:51:05.321596000[warning] 异常,网关读取消息失败,info={0  0 0 },err=消息头读取失败,EOF << /Users/zhangjinbao/Documents/mango/pkg/network/tcp_client.go, line #51 
2022-03-13 14:51:05.321608000[ debug ] 服务间连接断开了,info={0  0 0 } << /Users/zhangjinbao/Documents/mango/pkg/network/tcp_client.go, line #58 
2022-03-13 14:51:05.321618000[ debug ] 服务间连接断开了,info={0  0 0 } << /Users/zhangjinbao/Documents/mango/pkg/network/tcp_client.go, line #58 
2022-03-13 14:51:05.321527000[warning] 异常,网关读取消息失败,info={0  0 0 },err=消息头读取失败,EOF << /Users/zhangjinbao/Documents/mango/pkg/network/tcp_client.go, line #51 
2022-03-13 14:51:05.321644000[warning] 异常,网关读取消息失败,info={0  0 0 },err=消息头读取失败,EOF << /Users/zhangjinbao/Documents/mango/pkg/network/tcp_client.go, line #51 
2022-03-13 14:51:05.321655000[ debug ] 服务间连接断开了,info={0  0 0 } << /Users/zhangjinbao/Documents/mango/pkg/network/tcp_client.go, line #58 
2022-03-13 14:51:05.321667000[ debug ] 服务间连接断开了,info={0  0 0 } << /Users/zhangjinbao/Documents/mango/pkg/network/tcp_client.go, line #58 
2022-03-13 14:51:05.321682000[warning] 异常,网关读取消息失败,info={0  0 0 },err=消息头读取失败,EOF << /Users/zhangjinbao/Documents/mango/pkg/network/tcp_client.go, line #51 
2022-03-13 14:51:05.321695000[warning] 异常,网关读取消息失败,info={0  0 0 },err=消息头读取失败,EOF << /Users/zhangjinbao/Documents/mango/pkg/network/tcp_client.go, line #51 
2022-03-13 14:51:05.321707000[warning] 异常,网关读取消息失败,info={0  0 0 },err=消息头读取失败,EOF << /Users/zhangjinbao/Documents/mango/pkg/network/tcp_client.go, line #51 
2022-03-13 14:51:05.321730000[ debug ] 服务间连接断开了,info={0  0 0 } << /Users/zhangjinbao/Documents/mango/pkg/network/tcp_client.go, line #58 
2022-03-13 14:51:05.321604000[warning] 异常,网关读取消息失败,info={0  0 0 },err=消息头读取失败,EOF << /Users/zhangjinbao/Documents/mango/pkg/network/tcp_client.go, line #51 
2022-03-13 14:51:05.321756000[warning] 异常,网关读取消息失败,info={0  0 0 },err=消息头读取失败,EOF << /Users/zhangjinbao/Documents/mango/pkg/network/tcp_client.go, line #51 
2022-03-13 14:51:05.321790000[warning] 异常,网关读取消息失败,info={0  0 0 },err=消息头读取失败,EOF << /Users/zhangjinbao/Documents/mango/pkg/network/tcp_client.go, line #51 
2022-03-13 14:51:05.321820000[ debug ] 服务间连接断开了,info={0  0 0 } << /Users/zhangjinbao/Documents/mango/pkg/network/tcp_client.go, line #58 
2022-03-13 14:51:05.321633000[warning] 异常,网关读取消息失败,info={0  0 0 },err=消息头读取失败,EOF << /Users/zhangjinbao/Documents/mango/pkg/network/tcp_client.go, line #51 
2022-03-13 14:51:05.321851000[warning] 异常,网关读取消息失败,info={0  0 0 },err=消息头读取失败,EOF << /Users/zhangjinbao/Documents/mango/pkg/network/tcp_client.go, line #51 
2022-03-13 14:51:05.318215000[warning] 异常,网关读取消息失败,info={0  0 0 },err=消息头读取失败,EOF << /Users/zhangjinbao/Documents/mango/pkg/network/tcp_client.go, line #51 
2022-03-13 14:51:05.321884000[warning] 异常,网关读取消息失败,info={0  0 0 },err=消息头读取失败,EOF << /Users/zhangjinbao/Documents/mango/pkg/network/tcp_client.go, line #51 
2022-03-13 14:51:05.321897000[ debug ] 服务间连接断开了,info={0  0 0 } << /Users/zhangjinbao/Documents/mango/pkg/network/tcp_client.go, line #58 
2022-03-13 14:51:05.321910000[ debug ] 服务间连接断开了,info={0  0 0 } << /Users/zhangjinbao/Documents/mango/pkg/network/tcp_client.go, line #58 
2022-03-13 14:51:05.321491000[warning] 异常,网关读取消息失败,info={0  0 0 },err=消息头读取失败,EOF << /Users/zhangjinbao/Documents/mango/pkg/network/tcp_client.go, line #51 
2022-03-13 14:51:05.318432000[ debug ] 服务间连接断开了,info={0  0 0 } << /Users/zhangjinbao/Documents/mango/pkg/network/tcp_client.go, line #58 
2022-03-13 14:51:05.321946000[ debug ] 服务间连接断开了,info={0  0 0 } << /Users/zhangjinbao/Documents/mango/pkg/network/tcp_client.go, line #58 
2022-03-13 14:51:05.321957000[warning] 异常,网关读取消息失败,info={0  0 0 },err=消息头读取失败,EOF << /Users/zhangjinbao/Documents/mango/pkg/network/tcp_client.go, line #51 
2022-03-13 14:51:05.321974000[warning] 异常,网关读取消息失败,info={0  0 0 },err=消息头读取失败,EOF << /Users/zhangjinbao/Documents/mango/pkg/network/tcp_client.go, line #51 
2022-03-13 14:51:05.319099000[ debug ] 服务间连接断开了,info={0  0 0 } << /Users/zhangjinbao/Documents/mango/pkg/network/tcp_client.go, line #58 
2022-03-13 14:51:05.321998000[ debug ] 服务间连接断开了,info={0  0 0 } << /Users/zhangjinbao/Documents/mango/pkg/network/tcp_client.go, line #58 
2022-03-13 14:51:05.322009000[warning] 异常,网关读取消息失败,info={0  0 0 },err=消息头读取失败,EOF << /Users/zhangjinbao/Documents/mango/pkg/network/tcp_client.go, line #51 
2022-03-13 14:51:05.321176000[warning] 异常,网关读取消息失败,info={0  0 0 },err=消息头读取失败,EOF << /Users/zhangjinbao/Documents/mango/pkg/network/tcp_client.go, line #51 
2022-03-13 14:51:05.322034000[ debug ] 服务间连接断开了,info={0  0 0 } << /Users/zhangjinbao/Documents/mango/pkg/network/tcp_client.go, line #58 
2022-03-13 14:51:05.322047000[ debug ] 服务间连接断开了,info={0  0 0 } << /Users/zhangjinbao/Documents/mango/pkg/network/tcp_client.go, line #58 
2022-03-13 14:51:05.322060000[warning] 异常,网关读取消息失败,info={0  0 0 },err=消息头读取失败,EOF << /Users/zhangjinbao/Documents/mango/pkg/network/tcp_client.go, line #51 
2022-03-13 14:51:05.322076000[warning] 异常,网关读取消息失败,info={0  0 0 },err=消息头读取失败,EOF << /Users/zhangjinbao/Documents/mango/pkg/network/tcp_client.go, line #51 
2022-03-13 14:51:05.322085000[ debug ] 服务间连接断开了,info={0  0 0 } << /Users/zhangjinbao/Documents/mango/pkg/network/tcp_client.go, line #58 
2022-03-13 14:51:05.321828000[warning] 异常,网关读取消息失败,info={0  0 0 },err=消息头读取失败,EOF << /Users/zhangjinbao/Documents/mango/pkg/network/tcp_client.go, line #51 
2022-03-13 14:51:05.322144000[warning] 异常,网关读取消息失败,info={0  0 0 },err=消息头读取失败,EOF << /Users/zhangjinbao/Documents/mango/pkg/network/tcp_client.go, line #51 
2022-03-13 14:51:05.322171000[ debug ] 服务间连接断开了,info={0  0 0 } << /Users/zhangjinbao/Documents/mango/pkg/network/tcp_client.go, line #58 
2022-03-13 14:51:05.318128000[warning] 异常,网关读取消息失败,info={0  0 0 },err=消息头读取失败,EOF << /Users/zhangjinbao/Documents/mango/pkg/network/tcp_client.go, line #51 
2022-03-13 14:51:05.322201000[warning] 异常,网关读取消息失败,info={0  0 0 },err=消息头读取失败,EOF << /Users/zhangjinbao/Documents/mango/pkg/network/tcp_client.go, line #51 
2022-03-13 14:51:05.322228000[ debug ] 服务间连接断开了,info={0  0 0 } << /Users/zhangjinbao/Documents/mango/pkg/network/tcp_client.go, line #58 
2022-03-13 14:51:05.318182000[warning] 异常,网关读取消息失败,info={0  0 0 },err=消息头读取失败,EOF << /Users/zhangjinbao/Documents/mango/pkg/network/tcp_client.go, line #51 
2022-03-13 14:51:05.322254000[warning] 异常,网关读取消息失败,info={0  0 0 },err=消息头读取失败,EOF << /Users/zhangjinbao/Documents/mango/pkg/network/tcp_client.go, line #51 
2022-03-13 14:51:05.322284000[ debug ] 服务间连接断开了,info={0  0 0 } << /Users/zhangjinbao/Documents/mango/pkg/network/tcp_client.go, line #58 
2022-03-13 14:51:05.322292000[warning] 异常,网关读取消息失败,info={0  0 0 },err=消息头读取失败,EOF << /Users/zhangjinbao/Documents/mango/pkg/network/tcp_client.go, line #51 
2022-03-13 14:51:05.322309000[warning] 异常,网关读取消息失败,info={0  0 0 },err=消息头读取失败,EOF << /Users/zhangjinbao/Documents/mango/pkg/network/tcp_client.go, line #51 
2022-03-13 14:51:05.322319000[ debug ] 服务间连接断开了,info={0  0 0 } << /Users/zhangjinbao/Documents/mango/pkg/network/tcp_client.go, line #58 
2022-03-13 14:51:05.322331000[ debug ] 服务间连接断开了,info={0  0 0 } << /Users/zhangjinbao/Documents/mango/pkg/network/tcp_client.go, line #58 
2022-03-13 14:51:05.321936000[warning] 异常,网关读取消息失败,info={0  0 0 },err=消息头读取失败,EOF << /Users/zhangjinbao/Documents/mango/pkg/network/tcp_client.go, line #51 
2022-03-13 14:51:05.322360000[warning] 异常,网关读取消息失败,info={0  0 0 },err=消息头读取失败,EOF << /Users/zhangjinbao/Documents/mango/pkg/network/tcp_client.go, line #51 
2022-03-13 14:51:05.322384000[ debug ] 服务间连接断开了,info={0  0 0 } << /Users/zhangjinbao/Documents/mango/pkg/network/tcp_client.go, line #58 
2022-03-13 14:51:05.318504000[warning] 异常,网关读取消息失败,info={0  0 0 },err=消息头读取失败,EOF << /Users/zhangjinbao/Documents/mango/pkg/network/tcp_client.go, line #51 
2022-03-13 14:51:05.320945000[ debug ] 服务间连接断开了,info={0  0 0 } << /Users/zhangjinbao/Documents/mango/pkg/network/tcp_client.go, line #58 
2022-03-13 14:51:05.318652000[warning] 异常,网关读取消息失败,info={0  0 0 },err=消息头读取失败,EOF << /Users/zhangjinbao/Documents/mango/pkg/network/tcp_client.go, line #51 
2022-03-13 14:51:05.322449000[warning] 异常,网关读取消息失败,info={0  0 0 },err=消息头读取失败,EOF << /Users/zhangjinbao/Documents/mango/pkg/network/tcp_client.go, line #51 
2022-03-13 14:51:05.322461000[ debug ] 服务间连接断开了,info={0  0 0 } << /Users/zhangjinbao/Documents/mango/pkg/network/tcp_client.go, line #58 
2022-03-13 14:51:05.322477000[ debug ] 服务间连接断开了,info={0  0 0 } << /Users/zhangjinbao/Documents/mango/pkg/network/tcp_client.go, line #58 
2022-03-13 14:51:05.321208000[ debug ] 服务间连接断开了,info={0  0 0 } << /Users/zhangjinbao/Documents/mango/pkg/network/tcp_client.go, line #58 
2022-03-13 14:51:05.322504000[warning] 异常,网关读取消息失败,info={0  0 0 },err=消息头读取失败,EOF << /Users/zhangjinbao/Documents/mango/pkg/network/tcp_client.go, line #51 
2022-03-13 14:51:05.321351000[ debug ] 服务间连接断开了,info={0  0 0 } << /Users/zhangjinbao/Documents/mango/pkg/network/tcp_client.go, line #58 
2022-03-13 14:51:05.319030000[ debug ] 服务间连接断开了,info={0  0 0 } << /Users/zhangjinbao/Documents/mango/pkg/network/tcp_client.go, line #58 
2022-03-13 14:51:05.322566000[warning] 异常,网关读取消息失败,info={0  0 0 },err=消息头读取失败,EOF << /Users/zhangjinbao/Documents/mango/pkg/network/tcp_client.go, line #51 
2022-03-13 14:51:05.321377000[warning] 异常,网关读取消息失败,info={0  0 0 },err=消息头读取失败,EOF << /Users/zhangjinbao/Documents/mango/pkg/network/tcp_client.go, line #51 
2022-03-13 14:51:05.322593000[ debug ] 服务间连接断开了,info={0  0 0 } << /Users/zhangjinbao/Documents/mango/pkg/network/tcp_client.go, line #58 
2022-03-13 14:51:05.322605000[ debug ] 服务间连接断开了,info={0  0 0 } << /Users/zhangjinbao/Documents/mango/pkg/network/tcp_client.go, line #58 
2022-03-13 14:51:05.322618000[warning] 异常,网关读取消息失败,info={0  0 0 },err=消息头读取失败,EOF << /Users/zhangjinbao/Documents/mango/pkg/network/tcp_client.go, line #51 
2022-03-13 14:51:05.321414000[warning] 异常,网关读取消息失败,info={0  0 0 },err=消息头读取失败,EOF << /Users/zhangjinbao/Documents/mango/pkg/network/tcp_client.go, line #51 
2022-03-13 14:51:05.322658000[ debug ] 服务间连接断开了,info={0  0 0 } << /Users/zhangjinbao/Documents/mango/pkg/network/tcp_client.go, line #58 
2022-03-13 14:51:05.322026000[warning] 异常,网关读取消息失败,info={0  0 0 },err=消息头读取失败,EOF << /Users/zhangjinbao/Documents/mango/pkg/network/tcp_client.go, line #51 
2022-03-13 14:51:05.322687000[warning] 异常,网关读取消息失败,info={0  0 0 },err=消息头读取失败,EOF << /Users/zhangjinbao/Documents/mango/pkg/network/tcp_client.go, line #51 
2022-03-13 14:51:05.321368000[warning] 异常,网关读取消息失败,info={1 gateway 4 100 0.0.0.0:10100},err=消息头读取失败,EOF << /Users/zhangjinbao/Documents/mango/pkg/network/tcp_client.go, line #51 
2022-03-13 14:51:05.321582000[warning] 异常,网关读取消息失败,info={0  0 0 },err=消息头读取失败,EOF << /Users/zhangjinbao/Documents/mango/pkg/network/tcp_client.go, line #51 
2022-03-13 14:51:05.321403000[warning] 异常,网关读取消息失败,info={0  0 0 },err=消息头读取失败,EOF << /Users/zhangjinbao/Documents/mango/pkg/network/tcp_client.go, line #51 
2022-03-13 14:51:05.321517000[warning] 异常,网关读取消息失败,info={0  0 0 },err=消息头读取失败,EOF << /Users/zhangjinbao/Documents/mango/pkg/network/tcp_client.go, line #51 
2022-03-13 14:51:05.321479000[warning] 异常,网关读取消息失败,info={0  0 0 },err=消息头读取失败,EOF << /Users/zhangjinbao/Documents/mango/pkg/network/tcp_client.go, line #51 
2022-03-13 14:51:05.321802000[ debug ] 服务间连接断开了,info={0  0 0 } << /Users/zhangjinbao/Documents/mango/pkg/network/tcp_client.go, line #58 
2022-03-13 14:51:05.322132000[warning] 异常,网关读取消息失败,info={0  0 0 },err=消息头读取失败,EOF << /Users/zhangjinbao/Documents/mango/pkg/network/tcp_client.go, line #51 
2022-03-13 14:51:05.321425000[warning] 异常,网关读取消息失败,info={0  0 0 },err=消息头读取失败,EOF << /Users/zhangjinbao/Documents/mango/pkg/network/tcp_client.go, line #51 
2022-03-13 14:51:05.318106000[warning] 异常,网关读取消息失败,info={0  0 0 },err=消息头读取失败,EOF << /Users/zhangjinbao/Documents/mango/pkg/network/tcp_client.go, line #51 
2022-03-13 14:51:05.321532000[ debug ] 服务间连接断开了,info={0  0 0 } << /Users/zhangjinbao/Documents/mango/pkg/network/tcp_client.go, line #58 
2022-03-13 14:51:05.321925000[warning] 异常,网关读取消息失败,info={0  0 0 },err=消息头读取失败,EOF << /Users/zhangjinbao/Documents/mango/pkg/network/tcp_client.go, line #51 
2022-03-13 14:51:05.321593000[warning] 异常,网关读取消息失败,info={0  0 0 },err=消息头读取失败,EOF << /Users/zhangjinbao/Documents/mango/pkg/network/tcp_client.go, line #51 
2022-03-13 14:51:05.321947000[warning] 异常,网关读取消息失败,info={0  0 0 },err=消息头读取失败,EOF << /Users/zhangjinbao/Documents/mango/pkg/network/tcp_client.go, line #51 
2022-03-13 14:51:05.321708000[ debug ] 服务间连接断开了,info={0  0 0 } << /Users/zhangjinbao/Documents/mango/pkg/network/tcp_client.go, line #58 
2022-03-13 14:51:05.321685000[warning] 异常,网关读取消息失败,info={0  0 0 },err=消息头读取失败,EOF << /Users/zhangjinbao/Documents/mango/pkg/network/tcp_client.go, line #51 
2022-03-13 14:51:05.321010000[ debug ] 服务间连接断开了,info={0  0 0 } << /Users/zhangjinbao/Documents/mango/pkg/network/tcp_client.go, line #58 
2022-03-13 14:51:05.322348000[warning] 异常,网关读取消息失败,info={0  0 0 },err=消息头读取失败,EOF << /Users/zhangjinbao/Documents/mango/pkg/network/tcp_client.go, line #51 
2022-03-13 14:51:05.317993000[warning] 异常,网关读取消息失败,info={0  0 0 },err=消息头读取失败,EOF << /Users/zhangjinbao/Documents/mango/pkg/network/tcp_client.go, line #51 
2022-03-13 14:51:05.322038000[warning] 异常,网关读取消息失败,info={0  0 0 },err=消息头读取失败,EOF << /Users/zhangjinbao/Documents/mango/pkg/network/tcp_client.go, line #51 
2022-03-13 14:51:05.321841000[warning] 异常,网关读取消息失败,info={0  0 0 },err=消息头读取失败,EOF << /Users/zhangjinbao/Documents/mango/pkg/network/tcp_client.go, line #51 
2022-03-13 14:51:05.317890000[warning] 异常,网关读取消息失败,info={0  0 0 },err=消息头读取失败,EOF << /Users/zhangjinbao/Documents/mango/pkg/network/tcp_client.go, line #51 
2022-03-13 14:51:05.318149000[warning] 异常,网关读取消息失败,info={0  0 0 },err=消息头读取失败,EOF << /Users/zhangjinbao/Documents/mango/pkg/network/tcp_client.go, line #51 
2022-03-13 14:51:05.317959000[warning] 异常,网关读取消息失败,info={0  0 0 },err=消息头读取失败,EOF << /Users/zhangjinbao/Documents/mango/pkg/network/tcp_client.go, line #51 
2022-03-13 14:51:05.321877000[ debug ] 服务间连接断开了,info={0  0 0 } << /Users/zhangjinbao/Documents/mango/pkg/network/tcp_client.go, line #58 
2022-03-13 14:51:05.322063000[warning] 异常,网关读取消息失败,info={0  0 0 },err=消息头读取失败,EOF << /Users/zhangjinbao/Documents/mango/pkg/network/tcp_client.go, line #51 
2022-03-13 14:51:05.321697000[warning] 异常,网关读取消息失败,info={0  0 0 },err=消息头读取失败,EOF << /Users/zhangjinbao/Documents/mango/pkg/network/tcp_client.go, line #51 
2022-03-13 14:51:05.322150000[ debug ] 服务间连接断开了,info={0  0 0 } << /Users/zhangjinbao/Documents/mango/pkg/network/tcp_client.go, line #58 
2022-03-13 14:51:05.318590000[ debug ] 服务间连接断开了,info={0  0 0 } << /Users/zhangjinbao/Documents/mango/pkg/network/tcp_client.go, line #58 
2022-03-13 14:51:05.321035000[warning] 异常,网关读取消息失败,info={0  0 0 },err=消息头读取失败,EOF << /Users/zhangjinbao/Documents/mango/pkg/network/tcp_client.go, line #51 
2022-03-13 14:51:05.318311000[ debug ] 服务间连接断开了,info={0  0 0 } << /Users/zhangjinbao/Documents/mango/pkg/network/tcp_client.go, line #58 
2022-03-13 14:51:05.318865000[ debug ] 服务间连接断开了,info={0  0 0 } << /Users/zhangjinbao/Documents/mango/pkg/network/tcp_client.go, line #58 
2022-03-13 14:51:05.318955000[ debug ] 服务间连接断开了,info={0  0 0 } << /Users/zhangjinbao/Documents/mango/pkg/network/tcp_client.go, line #58 
2022-03-13 14:51:05.322529000[ debug ] 服务间连接断开了,info={0  0 0 } << /Users/zhangjinbao/Documents/mango/pkg/network/tcp_client.go, line #58 
2022-03-13 14:51:05.322554000[warning] 异常,网关读取消息失败,info={0  0 0 },err=消息头读取失败,EOF << /Users/zhangjinbao/Documents/mango/pkg/network/tcp_client.go, line #51 
2022-03-13 14:51:05.319000000[warning] 异常,网关读取消息失败,info={0  0 0 },err=消息头读取失败,EOF << /Users/zhangjinbao/Documents/mango/pkg/network/tcp_client.go, line #51 
2022-03-13 14:51:05.321718000[ debug ] 服务间连接断开了,info={0  0 0 } << /Users/zhangjinbao/Documents/mango/pkg/network/tcp_client.go, line #58 
2022-03-13 14:51:05.320824000[warning] 异常,网关读取消息失败,info={0  0 0 },err=消息头读取失败,EOF << /Users/zhangjinbao/Documents/mango/pkg/network/tcp_client.go, line #51 
2022-03-13 14:51:05.320902000[warning] 异常,网关读取消息失败,info={0  0 0 },err=消息头读取失败,EOF << /Users/zhangjinbao/Documents/mango/pkg/network/tcp_client.go, line #51 
2022-03-13 14:51:05.322049000[warning] 异常,网关读取消息失败,info={0  0 0 },err=消息头读取失败,EOF << /Users/zhangjinbao/Documents/mango/pkg/network/tcp_client.go, line #51 
2022-03-13 14:51:05.321233000[warning] 异常,网关读取消息失败,info={0  0 0 },err=消息头读取失败,EOF << /Users/zhangjinbao/Documents/mango/pkg/network/tcp_client.go, line #51 
2022-03-13 14:51:05.317486000[warning] 异常,网关读取消息失败,info={0  0 0 },err=消息头读取失败,EOF << /Users/zhangjinbao/Documents/mango/pkg/network/tcp_client.go, line #51 
2022-03-13 14:51:05.322104000[ debug ] 服务间连接断开了,info={0  0 0 } << /Users/zhangjinbao/Documents/mango/pkg/network/tcp_client.go, line #58 
2022-03-13 14:51:05.321646000[warning] 异常,网关读取消息失败,info={0  0 0 },err=消息头读取失败,EOF << /Users/zhangjinbao/Documents/mango/pkg/network/tcp_client.go, line #51 
2022-03-13 14:51:05.318003000[warning] 异常,网关读取消息失败,info={0  0 0 },err=消息头读取失败,EOF << /Users/zhangjinbao/Documents/mango/pkg/network/tcp_client.go, line #51 
2022-03-13 14:51:05.322176000[warning] 异常,网关读取消息失败,info={0  0 0 },err=消息头读取失败,EOF << /Users/zhangjinbao/Documents/mango/pkg/network/tcp_client.go, line #51 
2022-03-13 14:51:05.317898000[warning] 异常,网关读取消息失败,info={0  0 0 },err=消息头读取失败,EOF << /Users/zhangjinbao/Documents/mango/pkg/network/tcp_client.go, line #51 
2022-03-13 14:51:05.318160000[warning] 异常,网关读取消息失败,info={0  0 0 },err=消息头读取失败,EOF << /Users/zhangjinbao/Documents/mango/pkg/network/tcp_client.go, line #51 
2022-03-13 14:51:05.318194000[warning] 异常,网关读取消息失败,info={0  0 0 },err=消息头读取失败,EOF << /Users/zhangjinbao/Documents/mango/pkg/network/tcp_client.go, line #51 
2022-03-13 14:51:05.317980000[warning] 异常,网关读取消息失败,info={0  0 0 },err=消息头读取失败,EOF << /Users/zhangjinbao/Documents/mango/pkg/network/tcp_client.go, line #51 
2022-03-13 14:51:05.318492000[warning] 异常,网关读取消息失败,info={0  0 0 },err=消息头读取失败,EOF << /Users/zhangjinbao/Documents/mango/pkg/network/tcp_client.go, line #51 
2022-03-13 14:51:05.318640000[warning] 异常,网关读取消息失败,info={0  0 0 },err=消息头读取失败,EOF << /Users/zhangjinbao/Documents/mango/pkg/network/tcp_client.go, line #51 
2022-03-13 14:51:05.318686000[warning] 异常,网关读取消息失败,info={0  0 0 },err=消息头读取失败,EOF << /Users/zhangjinbao/Documents/mango/pkg/network/tcp_client.go, line #51 
2022-03-13 14:51:05.318741000[warning] 异常,网关读取消息失败,info={0  0 0 },err=消息头读取失败,EOF << /Users/zhangjinbao/Documents/mango/pkg/network/tcp_client.go, line #51 
2022-03-13 14:51:05.318922000[ debug ] 服务间连接断开了,info={0  0 0 } << /Users/zhangjinbao/Documents/mango/pkg/network/tcp_client.go, line #58 
2022-03-13 14:51:05.321745000[warning] 异常,网关读取消息失败,info={0  0 0 },err=消息头读取失败,EOF << /Users/zhangjinbao/Documents/mango/pkg/network/tcp_client.go, line #51 
2022-03-13 14:51:05.318989000[warning] 异常,网关读取消息失败,info={0  0 0 },err=消息头读取失败,EOF << /Users/zhangjinbao/Documents/mango/pkg/network/tcp_client.go, line #51 
2022-03-13 14:51:05.324250000[ debug ] 服务间连接断开了,info={0  0 0 } << /Users/zhangjinbao/Documents/mango/pkg/network/tcp_client.go, line #58 
2022-03-13 14:51:05.318761000[ debug ] 服务间连接断开了,info={0  0 0 } << /Users/zhangjinbao/Documents/mango/pkg/network/tcp_client.go, line #58 
2022-03-13 14:51:05.322189000[warning] 异常,网关读取消息失败,info={0  0 0 },err=消息头读取失败,EOF << /Users/zhangjinbao/Documents/mango/pkg/network/tcp_client.go, line #51 
2022-03-13 14:51:05.324382000[ debug ] 服务间连接断开了,info={0  0 0 } << /Users/zhangjinbao/Documents/mango/pkg/network/tcp_client.go, line #58 
2022-03-13 14:51:05.323412000[ debug ] 服务间连接断开了,info={0  0 0 } << /Users/zhangjinbao/Documents/mango/pkg/network/tcp_client.go, line #58 
2022-03-13 14:51:05.321636000[warning] 异常,网关读取消息失败,info={0  0 0 },err=消息头读取失败,EOF << /Users/zhangjinbao/Documents/mango/pkg/network/tcp_client.go, line #51 
2022-03-13 14:51:05.322366000[ debug ] 服务间连接断开了,info={0  0 0 } << /Users/zhangjinbao/Documents/mango/pkg/network/tcp_client.go, line #58 
2022-03-13 14:51:05.320594000[ debug ] 服务间连接断开了,info={0  0 0 } << /Users/zhangjinbao/Documents/mango/pkg/network/tcp_client.go, line #58 
2022-03-13 14:51:05.321670000[warning] 异常,网关读取消息失败,info={0  0 0 },err=消息头读取失败,EOF << /Users/zhangjinbao/Documents/mango/pkg/network/tcp_client.go, line #51 
2022-03-13 14:51:05.321558000[warning] 异常,网关读取消息失败,info={0  0 0 },err=消息头读取失败,EOF << /Users/zhangjinbao/Documents/mango/pkg/network/tcp_client.go, line #51 
2022-03-13 14:51:05.321570000[warning] 异常,网关读取消息失败,info={0  0 0 },err=消息头读取失败,EOF << /Users/zhangjinbao/Documents/mango/pkg/network/tcp_client.go, line #51 
2022-03-13 14:51:05.321424000[ debug ] 服务间连接断开了,info={0  0 0 } << /Users/zhangjinbao/Documents/mango/pkg/network/tcp_client.go, line #58 
2022-03-13 14:51:05.321764000[ debug ] 服务间连接断开了,info={0  0 0 } << /Users/zhangjinbao/Documents/mango/pkg/network/tcp_client.go, line #58 
2022-03-13 14:51:05.322394000[warning] 异常,网关读取消息失败,info={0  0 0 },err=消息头读取失败,EOF << /Users/zhangjinbao/Documents/mango/pkg/network/tcp_client.go, line #51 
2022-03-13 14:51:05.322739000[warning] 异常,网关读取消息失败,info={0  0 0 },err=消息头读取失败,EOF << /Users/zhangjinbao/Documents/mango/pkg/network/tcp_client.go, line #51 
2022-03-13 14:51:05.324571000[ debug ] 服务间连接断开了,info={0  0 0 } << /Users/zhangjinbao/Documents/mango/pkg/network/tcp_client.go, line #58 
2022-03-13 14:51:05.322423000[ debug ] 服务间连接断开了,info={0  0 0 } << /Users/zhangjinbao/Documents/mango/pkg/network/tcp_client.go, line #58 
2022-03-13 14:51:05.322744000[ debug ] 服务间连接断开了,info={1 gateway 4 100 0.0.0.0:10100} << /Users/zhangjinbao/Documents/mango/pkg/network/tcp_client.go, line #58 
2022-03-13 14:51:05.321189000[warning] 异常,网关读取消息失败,info={0  0 0 },err=消息头读取失败,EOF << /Users/zhangjinbao/Documents/mango/pkg/network/tcp_client.go, line #51 
2022-03-13 14:51:05.322761000[warning] 异常,网关读取消息失败,info={0  0 0 },err=消息头读取失败,EOF << /Users/zhangjinbao/Documents/mango/pkg/network/tcp_client.go, line #51 
2022-03-13 14:51:05.324650000[ debug ] 服务间连接断开了,info={0  0 0 } << /Users/zhangjinbao/Documents/mango/pkg/network/tcp_client.go, line #58 
2022-03-13 14:51:05.322664000[warning] 异常,网关读取消息失败,info={0  0 0 },err=消息头读取失败,EOF << /Users/zhangjinbao/Documents/mango/pkg/network/tcp_client.go, line #51 
2022-03-13 14:51:05.322771000[warning] 异常,网关读取消息失败,info={0  0 0 },err=消息头读取失败,EOF << /Users/zhangjinbao/Documents/mango/pkg/network/tcp_client.go, line #51 
2022-03-13 14:51:05.320842000[ debug ] 服务间连接断开了,info={0  0 0 } << /Users/zhangjinbao/Documents/mango/pkg/network/tcp_client.go, line #58 
2022-03-13 14:51:05.321733000[warning] 异常,网关读取消息失败,info={0  0 0 },err=消息头读取失败,EOF << /Users/zhangjinbao/Documents/mango/pkg/network/tcp_client.go, line #51 
2022-03-13 14:51:05.323178000[ debug ] 服务间连接断开了,info={0  0 0 } << /Users/zhangjinbao/Documents/mango/pkg/network/tcp_client.go, line #58 
2022-03-13 14:51:05.324758000[ debug ] 服务间连接断开了,info={0  0 0 } << /Users/zhangjinbao/Documents/mango/pkg/network/tcp_client.go, line #58 
2022-03-13 14:51:05.319318000[warning] 异常,网关读取消息失败,info={0  0 0 },err=消息头读取失败,EOF << /Users/zhangjinbao/Documents/mango/pkg/network/tcp_client.go, line #51 
2022-03-13 14:51:05.320741000[warning] 异常,网关读取消息失败,info={0  0 0 },err=消息头读取失败,EOF << /Users/zhangjinbao/Documents/mango/pkg/network/tcp_client.go, line #51 
2022-03-13 14:51:05.323323000[ debug ] 服务间连接断开了,info={0  0 0 } << /Users/zhangjinbao/Documents/mango/pkg/network/tcp_client.go, line #58 
2022-03-13 14:51:05.321901000[warning] 异常,网关读取消息失败,info={0  0 0 },err=消息头读取失败,EOF << /Users/zhangjinbao/Documents/mango/pkg/network/tcp_client.go, line #51 
2022-03-13 14:51:05.321769000[warning] 异常,网关读取消息失败,info={0  0 0 },err=消息头读取失败,EOF << /Users/zhangjinbao/Documents/mango/pkg/network/tcp_client.go, line #51 
2022-03-13 14:51:05.323334000[warning] 异常,网关读取消息失败,info={0  0 0 },err=消息头读取失败,EOF << /Users/zhangjinbao/Documents/mango/pkg/network/tcp_client.go, line #51 
2022-03-13 14:51:05.321614000[warning] 异常,网关读取消息失败,info={0  0 0 },err=消息头读取失败,EOF << /Users/zhangjinbao/Documents/mango/pkg/network/tcp_client.go, line #51 
2022-03-13 14:51:05.324887000[ debug ] 服务间连接断开了,info={0  0 0 } << /Users/zhangjinbao/Documents/mango/pkg/network/tcp_client.go, line #58 
2022-03-13 14:51:05.324899000[ debug ] 服务间连接断开了,info={0  0 0 } << /Users/zhangjinbao/Documents/mango/pkg/network/tcp_client.go, line #58 
2022-03-13 14:51:05.323365000[warning] 异常,网关读取消息失败,info={0  0 0 },err=消息头读取失败,EOF << /Users/zhangjinbao/Documents/mango/pkg/network/tcp_client.go, line #51 
2022-03-13 14:51:05.321333000[warning] 异常,网关读取消息失败,info={0  0 0 },err=消息头读取失败,EOF << /Users/zhangjinbao/Documents/mango/pkg/network/tcp_client.go, line #51 
2022-03-13 14:51:05.324931000[ debug ] 服务间连接断开了,info={0  0 0 } << /Users/zhangjinbao/Documents/mango/pkg/network/tcp_client.go, line #58 
2022-03-13 14:51:05.321506000[warning] 异常,网关读取消息失败,info={0  0 0 },err=消息头读取失败,EOF << /Users/zhangjinbao/Documents/mango/pkg/network/tcp_client.go, line #51 
2022-03-13 14:51:05.321436000[warning] 异常,网关读取消息失败,info={0  0 0 },err=消息头读取失败,EOF << /Users/zhangjinbao/Documents/mango/pkg/network/tcp_client.go, line #51 
2022-03-13 14:51:05.323374000[warning] 异常,网关读取消息失败,info={0  0 0 },err=消息头读取失败,EOF << /Users/zhangjinbao/Documents/mango/pkg/network/tcp_client.go, line #51 
2022-03-13 14:51:05.324505000[ debug ] 服务间连接断开了,info={0  0 0 } << /Users/zhangjinbao/Documents/mango/pkg/network/tcp_client.go, line #58 
2022-03-13 14:51:05.323384000[warning] 异常,网关读取消息失败,info={0  0 0 },err=消息头读取失败,EOF << /Users/zhangjinbao/Documents/mango/pkg/network/tcp_client.go, line #51 
2022-03-13 14:51:05.325050000[ debug ] 服务间连接断开了,info={0  0 0 } << /Users/zhangjinbao/Documents/mango/pkg/network/tcp_client.go, line #58 
2022-03-13 14:51:05.321781000[warning] 异常,网关读取消息失败,info={0  0 0 },err=消息头读取失败,EOF << /Users/zhangjinbao/Documents/mango/pkg/network/tcp_client.go, line #51 
2022-03-13 14:51:05.322407000[warning] 异常,网关读取消息失败,info={0  0 0 },err=消息头读取失败,EOF << /Users/zhangjinbao/Documents/mango/pkg/network/tcp_client.go, line #51 
2022-03-13 14:51:05.325091000[ debug ] 服务间连接断开了,info={0  0 0 } << /Users/zhangjinbao/Documents/mango/pkg/network/tcp_client.go, line #58 
2022-03-13 14:51:05.322750000[warning] 异常,网关读取消息失败,info={0  0 0 },err=消息头读取失败,EOF << /Users/zhangjinbao/Documents/mango/pkg/network/tcp_client.go, line #51 
2022-03-13 14:51:05.321987000[ debug ] 服务间连接断开了,info={0  0 0 } << /Users/zhangjinbao/Documents/mango/pkg/network/tcp_client.go, line #58 
2022-03-13 14:51:05.325157000[ debug ] 服务间连接断开了,info={0  0 0 } << /Users/zhangjinbao/Documents/mango/pkg/network/tcp_client.go, line #58 
2022-03-13 14:51:05.324709000[ debug ] 服务间连接断开了,info={0  0 0 } << /Users/zhangjinbao/Documents/mango/pkg/network/tcp_client.go, line #58 
2022-03-13 14:51:05.322780000[warning] 异常,网关读取消息失败,info={0  0 0 },err=消息头读取失败,EOF << /Users/zhangjinbao/Documents/mango/pkg/network/tcp_client.go, line #51 
2022-03-13 14:51:05.325213000[ debug ] 服务间连接断开了,info={0  0 0 } << /Users/zhangjinbao/Documents/mango/pkg/network/tcp_client.go, line #58 
2022-03-13 14:51:05.322807000[ debug ] 服务间连接断开了,info={0  0 0 } << /Users/zhangjinbao/Documents/mango/pkg/network/tcp_client.go, line #58 
2022-03-13 14:51:05.322821000[ debug ] 服务间连接断开了,info={0  0 0 } << /Users/zhangjinbao/Documents/mango/pkg/network/tcp_client.go, line #58 
2022-03-13 14:51:05.323624000[warning] 异常,网关读取消息失败,info={0  0 0 },err=消息头读取失败,EOF << /Users/zhangjinbao/Documents/mango/pkg/network/tcp_client.go, line #51 
2022-03-13 14:51:05.317970000[warning] 异常,网关读取消息失败,info={0  0 0 },err=消息头读取失败,EOF << /Users/zhangjinbao/Documents/mango/pkg/network/tcp_client.go, line #51 
2022-03-13 14:51:05.323485000[warning] 异常,网关读取消息失败,info={0  0 0 },err=消息头读取失败,EOF << /Users/zhangjinbao/Documents/mango/pkg/network/tcp_client.go, line #51 
2022-03-13 14:51:05.320676000[ debug ] 服务间连接断开了,info={0  0 0 } << /Users/zhangjinbao/Documents/mango/pkg/network/tcp_client.go, line #58 
2022-03-13 14:51:05.325376000[ debug ] 服务间连接断开了,info={0  0 0 } << /Users/zhangjinbao/Documents/mango/pkg/network/tcp_client.go, line #58 
2022-03-13 14:51:05.321389000[warning] 异常,网关读取消息失败,info={0  0 0 },err=消息头读取失败,EOF << /Users/zhangjinbao/Documents/mango/pkg/network/tcp_client.go, line #51 
2022-03-13 14:51:05.323553000[ debug ] 服务间连接断开了,info={0  0 0 } << /Users/zhangjinbao/Documents/mango/pkg/network/tcp_client.go, line #58 
2022-03-13 14:51:05.323054000[ debug ] 服务间连接断开了,info={0  0 0 } << /Users/zhangjinbao/Documents/mango/pkg/network/tcp_client.go, line #58 
2022-03-13 14:51:05.325419000[ debug ] 服务间连接断开了,info={0  0 0 } << /Users/zhangjinbao/Documents/mango/pkg/network/tcp_client.go, line #58 
2022-03-13 14:51:05.323594000[warning] 异常,网关读取消息失败,info={0  0 0 },err=消息头读取失败,EOF << /Users/zhangjinbao/Documents/mango/pkg/network/tcp_client.go, line #51 
2022-03-13 14:51:05.323100000[ debug ] 服务间连接断开了,info={0  0 0 } << /Users/zhangjinbao/Documents/mango/pkg/network/tcp_client.go, line #58 
2022-03-13 14:51:05.325458000[ debug ] 服务间连接断开了,info={0  0 0 } << /Users/zhangjinbao/Documents/mango/pkg/network/tcp_client.go, line #58 
2022-03-13 14:51:05.324484000[ debug ] 服务间连接断开了,info={0  0 0 } << /Users/zhangjinbao/Documents/mango/pkg/network/tcp_client.go, line #58 
2022-03-13 14:51:05.322908000[ debug ] 服务间连接断开了,info={0  0 0 } << /Users/zhangjinbao/Documents/mango/pkg/network/tcp_client.go, line #58 
2022-03-13 14:51:05.323198000[ debug ] 服务间连接断开了,info={0  0 0 } << /Users/zhangjinbao/Documents/mango/pkg/network/tcp_client.go, line #58 
2022-03-13 14:51:05.324664000[ debug ] 服务间连接断开了,info={0  0 0 } << /Users/zhangjinbao/Documents/mango/pkg/network/tcp_client.go, line #58 
2022-03-13 14:51:05.323240000[ debug ] 服务间连接断开了,info={0  0 0 } << /Users/zhangjinbao/Documents/mango/pkg/network/tcp_client.go, line #58 
2022-03-13 14:51:05.319012000[warning] 异常,网关读取消息失败,info={0  0 0 },err=消息头读取失败,EOF << /Users/zhangjinbao/Documents/mango/pkg/network/tcp_client.go, line #51 
2022-03-13 14:51:05.325585000[ debug ] 服务间连接断开了,info={0  0 0 } << /Users/zhangjinbao/Documents/mango/pkg/network/tcp_client.go, line #58 
2022-03-13 14:51:05.323740000[ debug ] 服务间连接断开了,info={0  0 0 } << /Users/zhangjinbao/Documents/mango/pkg/network/tcp_client.go, line #58 
2022-03-13 14:51:05.322787000[ debug ] 服务间连接断开了,info={0  0 0 } << /Users/zhangjinbao/Documents/mango/pkg/network/tcp_client.go, line #58 
2022-03-13 14:51:05.320451000[warning] 异常,网关读取消息失败,info={0  0 0 },err=消息头读取失败,EOF << /Users/zhangjinbao/Documents/mango/pkg/network/tcp_client.go, line #51 
2022-03-13 14:51:05.324810000[ debug ] 服务间连接断开了,info={0  0 0 } << /Users/zhangjinbao/Documents/mango/pkg/network/tcp_client.go, line #58 
2022-03-13 14:51:05.322676000[warning] 异常,网关读取消息失败,info={0  0 0 },err=消息头读取失败,EOF << /Users/zhangjinbao/Documents/mango/pkg/network/tcp_client.go, line #51 
2022-03-13 14:51:05.320915000[warning] 异常,网关读取消息失败,info={0  0 0 },err=消息头读取失败,EOF << /Users/zhangjinbao/Documents/mango/pkg/network/tcp_client.go, line #51 
2022-03-13 14:51:05.321859000[ debug ] 服务间连接断开了,info={0  0 0 } << /Users/zhangjinbao/Documents/mango/pkg/network/tcp_client.go, line #58 
2022-03-13 14:51:05.323004000[ debug ] 服务间连接断开了,info={0  0 0 } << /Users/zhangjinbao/Documents/mango/pkg/network/tcp_client.go, line #58 
2022-03-13 14:51:05.320758000[ debug ] 服务间连接断开了,info={0  0 0 } << /Users/zhangjinbao/Documents/mango/pkg/network/tcp_client.go, line #58 
2022-03-13 14:51:05.324029000[ debug ] 服务间连接断开了,info={0  0 0 } << /Users/zhangjinbao/Documents/mango/pkg/network/tcp_client.go, line #58 
2022-03-13 14:51:05.323354000[warning] 异常,网关读取消息失败,info={0  0 0 },err=消息头读取失败,EOF << /Users/zhangjinbao/Documents/mango/pkg/network/tcp_client.go, line #51 
2022-03-13 14:51:05.323948000[ debug ] 服务间连接断开了,info={0  0 0 } << /Users/zhangjinbao/Documents/mango/pkg/network/tcp_client.go, line #58 
2022-03-13 14:51:05.325838000[ debug ] 服务间连接断开了,info={0  0 0 } << /Users/zhangjinbao/Documents/mango/pkg/network/tcp_client.go, line #58 
2022-03-13 14:51:05.324967000[ debug ] 服务间连接断开了,info={0  0 0 } << /Users/zhangjinbao/Documents/mango/pkg/network/tcp_client.go, line #58 
2022-03-13 14:51:05.324150000[ debug ] 服务间连接断开了,info={0  0 0 } << /Users/zhangjinbao/Documents/mango/pkg/network/tcp_client.go, line #58 
2022-03-13 14:51:05.325007000[ debug ] 服务间连接断开了,info={0  0 0 } << /Users/zhangjinbao/Documents/mango/pkg/network/tcp_client.go, line #58 
2022-03-13 14:51:05.318012000[warning] 异常,网关读取消息失败,info={0  0 0 },err=消息头读取失败,EOF << /Users/zhangjinbao/Documents/mango/pkg/network/tcp_client.go, line #51 
2022-03-13 14:51:05.325998000[ debug ] 服务间连接断开了,info={0  0 0 } << /Users/zhangjinbao/Documents/mango/pkg/network/tcp_client.go, line #58 
2022-03-13 14:51:05.322231000[warning] 异常,网关读取消息失败,info={0  0 0 },err=消息头读取失败,EOF << /Users/zhangjinbao/Documents/mango/pkg/network/tcp_client.go, line #51 
2022-03-13 14:51:05.326061000[ debug ] 服务间连接断开了,info={0  0 0 } << /Users/zhangjinbao/Documents/mango/pkg/network/tcp_client.go, line #58 
2022-03-13 14:51:05.324689000[ debug ] 服务间连接断开了,info={0  0 0 } << /Users/zhangjinbao/Documents/mango/pkg/network/tcp_client.go, line #58 
2022-03-13 14:51:05.322857000[ debug ] 服务间连接断开了,info={0  0 0 } << /Users/zhangjinbao/Documents/mango/pkg/network/tcp_client.go, line #58 
2022-03-13 14:51:05.323394000[warning] 异常,网关读取消息失败,info={0  0 0 },err=消息头读取失败,EOF << /Users/zhangjinbao/Documents/mango/pkg/network/tcp_client.go, line #51 
2022-03-13 14:51:05.326193000[ debug ] 服务间连接断开了,info={0  0 0 } << /Users/zhangjinbao/Documents/mango/pkg/network/tcp_client.go, line #58 
2022-03-13 14:51:05.323723000[ debug ] 服务间连接断开了,info={0  0 0 } << /Users/zhangjinbao/Documents/mango/pkg/network/tcp_client.go, line #58 
2022-03-13 14:51:05.323625000[ debug ] 服务间连接断开了,info={0  0 0 } << /Users/zhangjinbao/Documents/mango/pkg/network/tcp_client.go, line #58 
2022-03-13 14:51:05.323634000[warning] 异常,网关读取消息失败,info={0  0 0 },err=消息头读取失败,EOF << /Users/zhangjinbao/Documents/mango/pkg/network/tcp_client.go, line #51 
2022-03-13 14:51:05.323644000[warning] 异常,网关读取消息失败,info={0  0 0 },err=消息头读取失败,EOF << /Users/zhangjinbao/Documents/mango/pkg/network/tcp_client.go, line #51 
2022-03-13 14:51:05.326322000[ debug ] 服务间连接断开了,info={0  0 0 } << /Users/zhangjinbao/Documents/mango/pkg/network/tcp_client.go, line #58 
2022-03-13 14:51:05.323662000[ debug ] 服务间连接断开了,info={0  0 0 } << /Users/zhangjinbao/Documents/mango/pkg/network/tcp_client.go, line #58 
2022-03-13 14:51:05.323664000[warning] 异常,网关读取消息失败,info={0  0 0 },err=消息头读取失败,EOF << /Users/zhangjinbao/Documents/mango/pkg/network/tcp_client.go, line #51 
2022-03-13 14:51:05.325299000[ debug ] 服务间连接断开了,info={0  0 0 } << /Users/zhangjinbao/Documents/mango/pkg/network/tcp_client.go, line #58 
2022-03-13 14:51:05.323674000[warning] 异常,网关读取消息失败,info={0  0 0 },err=消息头读取失败,EOF << /Users/zhangjinbao/Documents/mango/pkg/network/tcp_client.go, line #51 
2022-03-13 14:51:05.323683000[warning] 异常,网关读取消息失败,info={0  0 0 },err=消息头读取失败,EOF << /Users/zhangjinbao/Documents/mango/pkg/network/tcp_client.go, line #51 
2022-03-13 14:51:05.323692000[warning] 异常,网关读取消息失败,info={0  0 0 },err=消息头读取失败,EOF << /Users/zhangjinbao/Documents/mango/pkg/network/tcp_client.go, line #51 
2022-03-13 14:51:05.323702000[warning] 异常,网关读取消息失败,info={0  0 0 },err=消息头读取失败,EOF << /Users/zhangjinbao/Documents/mango/pkg/network/tcp_client.go, line #51 
2022-03-13 14:51:05.323711000[warning] 异常,网关读取消息失败,info={0  0 0 },err=消息头读取失败,EOF << /Users/zhangjinbao/Documents/mango/pkg/network/tcp_client.go, line #51 
2022-03-13 14:51:05.326549000[ debug ] 服务间连接断开了,info={0  0 0 } << /Users/zhangjinbao/Documents/mango/pkg/network/tcp_client.go, line #58 
2022-03-13 14:51:05.326576000[ debug ] 服务间连接断开了,info={0  0 0 } << /Users/zhangjinbao/Documents/mango/pkg/network/tcp_client.go, line #58 
2022-03-13 14:51:05.323413000[warning] 异常,网关读取消息失败,info={0  0 0 },err=消息头读取失败,EOF << /Users/zhangjinbao/Documents/mango/pkg/network/tcp_client.go, line #51 
2022-03-13 14:51:05.323433000[warning] 异常,网关读取消息失败,info={0  0 0 },err=消息头读取失败,EOF << /Users/zhangjinbao/Documents/mango/pkg/network/tcp_client.go, line #51 
2022-03-13 14:51:05.326610000[ debug ] 服务间连接断开了,info={0  0 0 } << /Users/zhangjinbao/Documents/mango/pkg/network/tcp_client.go, line #58 
2022-03-13 14:51:05.326620000[ debug ] 服务间连接断开了,info={0  0 0 } << /Users/zhangjinbao/Documents/mango/pkg/network/tcp_client.go, line #58 
2022-03-13 14:51:05.323453000[warning] 异常,网关读取消息失败,info={0  0 0 },err=消息头读取失败,EOF << /Users/zhangjinbao/Documents/mango/pkg/network/tcp_client.go, line #51 
2022-03-13 14:51:05.325352000[ debug ] 服务间连接断开了,info={0  0 0 } << /Users/zhangjinbao/Documents/mango/pkg/network/tcp_client.go, line #58 
2022-03-13 14:51:05.326660000[ debug ] 服务间连接断开了,info={0  0 0 } << /Users/zhangjinbao/Documents/mango/pkg/network/tcp_client.go, line #58 
2022-03-13 14:51:05.323473000[warning] 异常,网关读取消息失败,info={0  0 0 },err=消息头读取失败,EOF << /Users/zhangjinbao/Documents/mango/pkg/network/tcp_client.go, line #51 
2022-03-13 14:51:05.322694000[ debug ] 服务间连接断开了,info={0  0 0 } << /Users/zhangjinbao/Documents/mango/pkg/network/tcp_client.go, line #58 
2022-03-13 14:51:05.322713000[ debug ] 服务间连接断开了,info={0  0 0 } << /Users/zhangjinbao/Documents/mango/pkg/network/tcp_client.go, line #58 
2022-03-13 14:51:05.322207000[ debug ] 服务间连接断开了,info={0  0 0 } << /Users/zhangjinbao/Documents/mango/pkg/network/tcp_client.go, line #58 
2022-03-13 14:51:05.321625000[warning] 异常,网关读取消息失败,info={0  0 0 },err=消息头读取失败,EOF << /Users/zhangjinbao/Documents/mango/pkg/network/tcp_client.go, line #51 
2022-03-13 14:51:05.326797000[ debug ] 服务间连接断开了,info={0  0 0 } << /Users/zhangjinbao/Documents/mango/pkg/network/tcp_client.go, line #58 
2022-03-13 14:51:05.323487000[ debug ] 服务间连接断开了,info={0  0 0 } << /Users/zhangjinbao/Documents/mango/pkg/network/tcp_client.go, line #58 
2022-03-13 14:51:05.323496000[warning] 异常,网关读取消息失败,info={0  0 0 },err=消息头读取失败,EOF << /Users/zhangjinbao/Documents/mango/pkg/network/tcp_client.go, line #51 
2022-03-13 14:51:05.326879000[ debug ] 服务间连接断开了,info={0  0 0 } << /Users/zhangjinbao/Documents/mango/pkg/network/tcp_client.go, line #58 
2022-03-13 14:51:05.323506000[warning] 异常,网关读取消息失败,info={0  0 0 },err=消息头读取失败,EOF << /Users/zhangjinbao/Documents/mango/pkg/network/tcp_client.go, line #51 
2022-03-13 14:51:05.326943000[ debug ] 服务间连接断开了,info={0  0 0 } << /Users/zhangjinbao/Documents/mango/pkg/network/tcp_client.go, line #58 
2022-03-13 14:51:05.323535000[warning] 异常,网关读取消息失败,info={0  0 0 },err=消息头读取失败,EOF << /Users/zhangjinbao/Documents/mango/pkg/network/tcp_client.go, line #51 
2022-03-13 14:51:05.323545000[warning] 异常,网关读取消息失败,info={0  0 0 },err=消息头读取失败,EOF << /Users/zhangjinbao/Documents/mango/pkg/network/tcp_client.go, line #51 
2022-03-13 14:51:05.323084000[ debug ] 服务间连接断开了,info={0  0 0 } << /Users/zhangjinbao/Documents/mango/pkg/network/tcp_client.go, line #58 
2022-03-13 14:51:05.323555000[warning] 异常,网关读取消息失败,info={0  0 0 },err=消息头读取失败,EOF << /Users/zhangjinbao/Documents/mango/pkg/network/tcp_client.go, line #51 
2022-03-13 14:51:05.323564000[warning] 异常,网关读取消息失败,info={0  0 0 },err=消息头读取失败,EOF << /Users/zhangjinbao/Documents/mango/pkg/network/tcp_client.go, line #51 
2022-03-13 14:51:05.323574000[warning] 异常,网关读取消息失败,info={0  0 0 },err=消息头读取失败,EOF << /Users/zhangjinbao/Documents/mango/pkg/network/tcp_client.go, line #51 
2022-03-13 14:51:05.323583000[warning] 异常,网关读取消息失败,info={0  0 0 },err=消息头读取失败,EOF << /Users/zhangjinbao/Documents/mango/pkg/network/tcp_client.go, line #51 
2022-03-13 14:51:05.327151000[ debug ] 服务间连接断开了,info={0  0 0 } << /Users/zhangjinbao/Documents/mango/pkg/network/tcp_client.go, line #58 
2022-03-13 14:51:05.323147000[ debug ] 服务间连接断开了,info={0  0 0 } << /Users/zhangjinbao/Documents/mango/pkg/network/tcp_client.go, line #58 
2022-03-13 14:51:05.323604000[warning] 异常,网关读取消息失败,info={0  0 0 },err=消息头读取失败,EOF << /Users/zhangjinbao/Documents/mango/pkg/network/tcp_client.go, line #51 
2022-03-13 14:51:05.327221000[ debug ] 服务间连接断开了,info={0  0 0 } << /Users/zhangjinbao/Documents/mango/pkg/network/tcp_client.go, line #58 
2022-03-13 14:51:05.322875000[ debug ] 服务间连接断开了,info={0  0 0 } << /Users/zhangjinbao/Documents/mango/pkg/network/tcp_client.go, line #58 
2022-03-13 14:51:05.322267000[ debug ] 服务间连接断开了,info={0  0 0 } << /Users/zhangjinbao/Documents/mango/pkg/network/tcp_client.go, line #58 
2022-03-13 14:51:05.324523000[ debug ] 服务间连接断开了,info={0  0 0 } << /Users/zhangjinbao/Documents/mango/pkg/network/tcp_client.go, line #58 
2022-03-13 14:51:05.321657000[warning] 异常,网关读取消息失败,info={0  0 0 },err=消息头读取失败,EOF << /Users/zhangjinbao/Documents/mango/pkg/network/tcp_client.go, line #51 
2022-03-13 14:51:05.324586000[ debug ] 服务间连接断开了,info={0  0 0 } << /Users/zhangjinbao/Documents/mango/pkg/network/tcp_client.go, line #58 
2022-03-13 14:51:05.323231000[ debug ] 服务间连接断开了,info={0  0 0 } << /Users/zhangjinbao/Documents/mango/pkg/network/tcp_client.go, line #58 
2022-03-13 14:51:05.323129000[ debug ] 服务间连接断开了,info={0  0 0 } << /Users/zhangjinbao/Documents/mango/pkg/network/tcp_client.go, line #58 
2022-03-13 14:51:05.323898000[ debug ] 服务间连接断开了,info={0  0 0 } << /Users/zhangjinbao/Documents/mango/pkg/network/tcp_client.go, line #58 
2022-03-13 14:51:05.322900000[ debug ] 服务间连接断开了,info={0  0 0 } << /Users/zhangjinbao/Documents/mango/pkg/network/tcp_client.go, line #58 
2022-03-13 14:51:05.322243000[warning] 异常,网关读取消息失败,info={0  0 0 },err=消息头读取失败,EOF << /Users/zhangjinbao/Documents/mango/pkg/network/tcp_client.go, line #51 
2022-03-13 14:51:05.323777000[ debug ] 服务间连接断开了,info={0  0 0 } << /Users/zhangjinbao/Documents/mango/pkg/network/tcp_client.go, line #58 
2022-03-13 14:51:05.323800000[ debug ] 服务间连接断开了,info={0  0 0 } << /Users/zhangjinbao/Documents/mango/pkg/network/tcp_client.go, line #58 
2022-03-13 14:51:05.323810000[ debug ] 服务间连接断开了,info={0  0 0 } << /Users/zhangjinbao/Documents/mango/pkg/network/tcp_client.go, line #58 
2022-03-13 14:51:05.323842000[ debug ] 服务间连接断开了,info={0  0 0 } << /Users/zhangjinbao/Documents/mango/pkg/network/tcp_client.go, line #58 
2022-03-13 14:51:05.325683000[ debug ] 服务间连接断开了,info={0  0 0 } << /Users/zhangjinbao/Documents/mango/pkg/network/tcp_client.go, line #58 
2022-03-13 14:51:05.324791000[ debug ] 服务间连接断开了,info={0  0 0 } << /Users/zhangjinbao/Documents/mango/pkg/network/tcp_client.go, line #58 
2022-03-13 14:51:05.325723000[ debug ] 服务间连接断开了,info={0  0 0 } << /Users/zhangjinbao/Documents/mango/pkg/network/tcp_client.go, line #58 
2022-03-13 14:51:05.325748000[ debug ] 服务间连接断开了,info={0  0 0 } << /Users/zhangjinbao/Documents/mango/pkg/network/tcp_client.go, line #58 
2022-03-13 14:51:05.324863000[ debug ] 服务间连接断开了,info={0  0 0 } << /Users/zhangjinbao/Documents/mango/pkg/network/tcp_client.go, line #58 
2022-03-13 14:51:05.323344000[warning] 异常,网关读取消息失败,info={0  0 0 },err=消息头读取失败,EOF << /Users/zhangjinbao/Documents/mango/pkg/network/tcp_client.go, line #51 
2022-03-13 14:51:05.327640000[ debug ] 服务间连接断开了,info={0  0 0 } << /Users/zhangjinbao/Documents/mango/pkg/network/tcp_client.go, line #58 
2022-03-13 14:51:05.321914000[warning] 异常,网关读取消息失败,info={0  0 0 },err=消息头读取失败,EOF << /Users/zhangjinbao/Documents/mango/pkg/network/tcp_client.go, line #51 
2022-03-13 14:51:05.324106000[ debug ] 服务间连接断开了,info={0  0 0 } << /Users/zhangjinbao/Documents/mango/pkg/network/tcp_client.go, line #58 
2022-03-13 14:51:05.327680000[ debug ] 服务间连接断开了,info={0  0 0 } << /Users/zhangjinbao/Documents/mango/pkg/network/tcp_client.go, line #58 
2022-03-13 14:51:05.324990000[ debug ] 服务间连接断开了,info={0  0 0 } << /Users/zhangjinbao/Documents/mango/pkg/network/tcp_client.go, line #58 
2022-03-13 14:51:05.323986000[ debug ] 服务间连接断开了,info={0  0 0 } << /Users/zhangjinbao/Documents/mango/pkg/network/tcp_client.go, line #58 
2022-03-13 14:51:05.324939000[ debug ] 服务间连接断开了,info={0  0 0 } << /Users/zhangjinbao/Documents/mango/pkg/network/tcp_client.go, line #58 
2022-03-13 14:51:05.324200000[ debug ] 服务间连接断开了,info={0  0 0 } << /Users/zhangjinbao/Documents/mango/pkg/network/tcp_client.go, line #58 
2022-03-13 14:51:05.325049000[ debug ] 服务间连接断开了,info={0  0 0 } << /Users/zhangjinbao/Documents/mango/pkg/network/tcp_client.go, line #58 
2022-03-13 14:51:05.325106000[ debug ] 服务间连接断开了,info={0  0 0 } << /Users/zhangjinbao/Documents/mango/pkg/network/tcp_client.go, line #58 
2022-03-13 14:51:05.323403000[warning] 异常,网关读取消息失败,info={0  0 0 },err=消息头读取失败,EOF << /Users/zhangjinbao/Documents/mango/pkg/network/tcp_client.go, line #51 
2022-03-13 14:51:05.326299000[ debug ] 服务间连接断开了,info={0  0 0 } << /Users/zhangjinbao/Documents/mango/pkg/network/tcp_client.go, line #58 
2022-03-13 14:51:05.323654000[warning] 异常,网关读取消息失败,info={0  0 0 },err=消息头读取失败,EOF << /Users/zhangjinbao/Documents/mango/pkg/network/tcp_client.go, line #51 
2022-03-13 14:51:05.326406000[ debug ] 服务间连接断开了,info={0  0 0 } << /Users/zhangjinbao/Documents/mango/pkg/network/tcp_client.go, line #58 
2022-03-13 14:51:05.326440000[ debug ] 服务间连接断开了,info={0  0 0 } << /Users/zhangjinbao/Documents/mango/pkg/network/tcp_client.go, line #58 
2022-03-13 14:51:05.326476000[ debug ] 服务间连接断开了,info={0  0 0 } << /Users/zhangjinbao/Documents/mango/pkg/network/tcp_client.go, line #58 
2022-03-13 14:51:05.326518000[ debug ] 服务间连接断开了,info={0  0 0 } << /Users/zhangjinbao/Documents/mango/pkg/network/tcp_client.go, line #58 
2022-03-13 14:51:05.323424000[warning] 异常,网关读取消息失败,info={0  0 0 },err=消息头读取失败,EOF << /Users/zhangjinbao/Documents/mango/pkg/network/tcp_client.go, line #51 
2022-03-13 14:51:05.327995000[ debug ] 服务间连接断开了,info={0  0 0 } << /Users/zhangjinbao/Documents/mango/pkg/network/tcp_client.go, line #58 
2022-03-13 14:51:05.323462000[warning] 异常,网关读取消息失败,info={0  0 0 },err=消息头读取失败,EOF << /Users/zhangjinbao/Documents/mango/pkg/network/tcp_client.go, line #51 
2022-03-13 14:51:05.322963000[ debug ] 服务间连接断开了,info={0  0 0 } << /Users/zhangjinbao/Documents/mango/pkg/network/tcp_client.go, line #58 
2022-03-13 14:51:05.328040000[ debug ] 服务间连接断开了,info={0  0 0 } << /Users/zhangjinbao/Documents/mango/pkg/network/tcp_client.go, line #58 
2022-03-13 14:51:05.322641000[ debug ] 服务间连接断开了,info={0  0 0 } << /Users/zhangjinbao/Documents/mango/pkg/network/tcp_client.go, line #58 
2022-03-13 14:51:05.322994000[ debug ] 服务间连接断开了,info={0  0 0 } << /Users/zhangjinbao/Documents/mango/pkg/network/tcp_client.go, line #58 
2022-03-13 14:51:05.323517000[warning] 异常,网关读取消息失败,info={0  0 0 },err=消息头读取失败,EOF << /Users/zhangjinbao/Documents/mango/pkg/network/tcp_client.go, line #51 
2022-03-13 14:51:05.328115000[ debug ] 服务间连接断开了,info={0  0 0 } << /Users/zhangjinbao/Documents/mango/pkg/network/tcp_client.go, line #58 
2022-03-13 14:51:05.326999000[ debug ] 服务间连接断开了,info={0  0 0 } << /Users/zhangjinbao/Documents/mango/pkg/network/tcp_client.go, line #58 
2022-03-13 14:51:05.327033000[ debug ] 服务间连接断开了,info={0  0 0 } << /Users/zhangjinbao/Documents/mango/pkg/network/tcp_client.go, line #58 
2022-03-13 14:51:05.327080000[ debug ] 服务间连接断开了,info={0  0 0 } << /Users/zhangjinbao/Documents/mango/pkg/network/tcp_client.go, line #58 
2022-03-13 14:51:05.327105000[ debug ] 服务间连接断开了,info={0  0 0 } << /Users/zhangjinbao/Documents/mango/pkg/network/tcp_client.go, line #58 
2022-03-13 14:51:05.327124000[ debug ] 服务间连接断开了,info={0  0 0 } << /Users/zhangjinbao/Documents/mango/pkg/network/tcp_client.go, line #58 
2022-03-13 14:51:05.323164000[ debug ] 服务间连接断开了,info={0  0 0 } << /Users/zhangjinbao/Documents/mango/pkg/network/tcp_client.go, line #58 
2022-03-13 14:51:05.323613000[warning] 异常,网关读取消息失败,info={0  0 0 },err=消息头读取失败,EOF << /Users/zhangjinbao/Documents/mango/pkg/network/tcp_client.go, line #51 
2022-03-13 14:51:05.327338000[ debug ] 服务间连接断开了,info={0  0 0 } << /Users/zhangjinbao/Documents/mango/pkg/network/tcp_client.go, line #58 
2022-03-13 14:51:05.327457000[ debug ] 服务间连接断开了,info={0  0 0 } << /Users/zhangjinbao/Documents/mango/pkg/network/tcp_client.go, line #58 
2022-03-13 14:51:05.324846000[ debug ] 服务间连接断开了,info={0  0 0 } << /Users/zhangjinbao/Documents/mango/pkg/network/tcp_client.go, line #58 
2022-03-13 14:51:05.324068000[ debug ] 服务间连接断开了,info={0  0 0 } << /Users/zhangjinbao/Documents/mango/pkg/network/tcp_client.go, line #58 
2022-03-13 14:51:05.327878000[ debug ] 服务间连接断开了,info={0  0 0 } << /Users/zhangjinbao/Documents/mango/pkg/network/tcp_client.go, line #58 
2022-03-13 14:51:05.327846000[ debug ] 服务间连接断开了,info={0  0 0 } << /Users/zhangjinbao/Documents/mango/pkg/network/tcp_client.go, line #58 
2022-03-13 14:51:05.323444000[warning] 异常,网关读取消息失败,info={0  0 0 },err=消息头读取失败,EOF << /Users/zhangjinbao/Documents/mango/pkg/network/tcp_client.go, line #51 
2022-03-13 14:51:05.326716000[ debug ] 服务间连接断开了,info={0  0 0 } << /Users/zhangjinbao/Documents/mango/pkg/network/tcp_client.go, line #58 
2022-03-13 14:51:05.323527000[warning] 异常,网关读取消息失败,info={0  0 0 },err=消息头读取失败,EOF << /Users/zhangjinbao/Documents/mango/pkg/network/tcp_client.go, line #51 
2022-03-13 14:51:05.328469000[ debug ] 服务间连接断开了,info={0  0 0 } << /Users/zhangjinbao/Documents/mango/pkg/network/tcp_client.go, line #58 
2022-03-13 14:51:05.328380000[ debug ] 服务间连接断开了,info={0  0 0 } << /Users/zhangjinbao/Documents/mango/pkg/network/tcp_client.go, line #58 
2022-03-13 14:51:05.328248000[ debug ] 服务间连接断开了,info={0  0 0 } << /Users/zhangjinbao/Documents/mango/pkg/network/tcp_client.go, line #58 
2022-03-13 14:51:05.472325000[warning] 异常,网关读取消息失败,info={1 list 6 80 },err=消息头读取失败,EOF << /Users/zhangjinbao/Documents/mango/pkg/network/tcp_server.go, line #104 
2022-03-13 14:51:05.472407000[warning] agentClient OnClose err=function [id=Disconnect] not registered << /Users/zhangjinbao/Documents/mango/pkg/network/tcp_server.go, line #110 
2022-03-13 14:51:05.472452000[warning] 异常,网关读取消息失败,info={1 list 6 80 0.0.0.0:10080},err=消息头读取失败,EOF << /Users/zhangjinbao/Documents/mango/pkg/network/tcp_client.go, line #51 
2022-03-13 14:51:05.472498000[ debug ] 服务间连接断开了,info={1 list 6 80 0.0.0.0:10080} << /Users/zhangjinbao/Documents/mango/pkg/network/tcp_client.go, line #58 
2022-03-13 14:51:05.553205000[warning] 异常,网关读取消息失败,info={1 property 7 90 },err=消息头读取失败,EOF << /Users/zhangjinbao/Documents/mango/pkg/network/tcp_server.go, line #104 
2022-03-13 14:51:05.553287000[warning] agentClient OnClose err=function [id=Disconnect] not registered << /Users/zhangjinbao/Documents/mango/pkg/network/tcp_server.go, line #110 
2022-03-13 14:51:05.553409000[warning] 异常,网关读取消息失败,info={1 property 7 90 0.0.0.0:10090},err=消息头读取失败,EOF << /Users/zhangjinbao/Documents/mango/pkg/network/tcp_client.go, line #51 
2022-03-13 14:51:05.553484000[ debug ] 服务间连接断开了,info={1 property 7 90 0.0.0.0:10090} << /Users/zhangjinbao/Documents/mango/pkg/network/tcp_client.go, line #58 
2022-03-13 14:51:05.638400000[warning] 异常,网关读取消息失败,info={1 table 8 1000 },err=消息头读取失败,EOF << /Users/zhangjinbao/Documents/mango/pkg/network/tcp_server.go, line #104 
2022-03-13 14:51:05.638513000[warning] agentClient OnClose err=function [id=Disconnect] not registered << /Users/zhangjinbao/Documents/mango/pkg/network/tcp_server.go, line #110 
2022-03-13 14:51:05.638507000[warning] 异常,网关读取消息失败,info={1 table 8 1000 0.0.0.0:11000},err=消息头读取失败,EOF << /Users/zhangjinbao/Documents/mango/pkg/network/tcp_client.go, line #51 
2022-03-13 14:51:05.638574000[ debug ] 服务间连接断开了,info={1 table 8 1000 0.0.0.0:11000} << /Users/zhangjinbao/Documents/mango/pkg/network/tcp_client.go, line #58 
2022-03-13 14:51:05.716463000[warning] 异常,网关读取消息失败,info={1 room 9 2000 },err=消息头读取失败,EOF << /Users/zhangjinbao/Documents/mango/pkg/network/tcp_server.go, line #104 
2022-03-13 14:51:05.716541000[warning] agentClient OnClose err=function [id=Disconnect] not registered << /Users/zhangjinbao/Documents/mango/pkg/network/tcp_server.go, line #110 
2022-03-13 14:51:05.716579000[warning] 异常,网关读取消息失败,info={1 room 9 2000 0.0.0.0:12000},err=消息头读取失败,EOF << /Users/zhangjinbao/Documents/mango/pkg/network/tcp_client.go, line #51 
2022-03-13 14:51:05.716645000[ debug ] 服务间连接断开了,info={1 room 9 2000 0.0.0.0:12000} << /Users/zhangjinbao/Documents/mango/pkg/network/tcp_client.go, line #58 
